#
# A fatal error has been detected by the Java Runtime Environment:
#
#  EXCEPTION_ACCESS_VIOLATION (0xc0000005) at pc=0x00007ffcefa86f56, pid=20116, tid=10712
#
# JRE version: OpenJDK Runtime Environment Temurin-11.0.12+7 (11.0.12+7) (build 11.0.12+7)
# Java VM: OpenJDK 64-Bit Server VM Temurin-11.0.12+7 (11.0.12+7, mixed mode, tiered, compressed oops, g1 gc, windows-amd64)
# Problematic frame:
# C  [igxelpicd64.dll+0x1e6f56]
#
# No core dump will be written. Minidumps are not enabled by default on client versions of Windows
#
# If you would like to submit a bug report, please visit:
#   https://github.com/adoptium/adoptium-support/issues
#

---------------  S U M M A R Y ------------

Command Line: -Duser.language=es_AR -Dfile.encoding=UTF-8 org.uqbar.project.wollok.launch.WollokLauncher -requestsPort 0 -eventsPort 0 -folder -dontValidate -wf src/programa_juego_aventura.wpgm

Host: 11th Gen Intel(R) Core(TM) i7-1165G7 @ 2.80GHz, 8 cores, 31G,  Windows 10 , 64 bit Build 19041 (10.0.19041.1348)
Time: Tue Nov 16 12:23:37 2021 Hora estándar de Argentina elapsed time: 67.699098 seconds (0d 0h 1m 7s)

---------------  T H R E A D  ---------------

Current thread (0x000001e5d3c00000):  VMThread "VM Thread" [stack: 0x000000065a600000,0x000000065a700000] [id=10712]

Stack: [0x000000065a600000,0x000000065a700000],  sp=0x000000065a6fe010,  free space=1016k
Native frames: (J=compiled Java code, j=interpreted, Vv=VM code, C=native code)
C  [igxelpicd64.dll+0x1e6f56]


siginfo: EXCEPTION_ACCESS_VIOLATION (0xc0000005), reading address 0x0000000000035458


Register to memory mapping:

RIP=0x00007ffcefa86f56 igxelpicd64.dll
RAX=0x000001e5d6b345a0 points into unknown readable memory: 0x00000000003c48dd | dd 48 3c 00 00 00 00 00
RBX=0x000001e5d92ce0e0 points into unknown readable memory: 0xffffffffffffffff | ff ff ff ff ff ff ff ff
RCX=0x0 is NULL
RDX=0x0 is NULL
RSP=0x000000065a6fe010 points into unknown readable memory: 0x000001e5d92ce0e0 | e0 e0 2c d9 e5 01 00 00
RBP=0x0 is NULL
RSI=0x000001e5d6b344a0 points into unknown readable memory: 0x000001e5d806c8a0 | a0 c8 06 d8 e5 01 00 00
RDI=0x000001e5d8629400 points into unknown readable memory: 0x0000000000000000 | 00 00 00 00 00 00 00 00
R8 =0x000001e5d6b345a0 points into unknown readable memory: 0x00000000003c48dd | dd 48 3c 00 00 00 00 00
R9 =0x0 is NULL
R10=0x0 is NULL
R11=0x0000000000000246 is an unknown value
R12=0x000001e5d6b344a0 points into unknown readable memory: 0x000001e5d806c8a0 | a0 c8 06 d8 e5 01 00 00
R13=0x0 is NULL
R14=0x000001e5d80700f0 points into unknown readable memory: 0x000001e5d806c8a0 | a0 c8 06 d8 e5 01 00 00
R15=0x000001e5d6b349e8 points into unknown readable memory: 0x000001e5d80700f0 | f0 00 07 d8 e5 01 00 00


Registers:
RAX=0x000001e5d6b345a0, RBX=0x000001e5d92ce0e0, RCX=0x0000000000000000, RDX=0x0000000000000000
RSP=0x000000065a6fe010, RBP=0x0000000000000000, RSI=0x000001e5d6b344a0, RDI=0x000001e5d8629400
R8 =0x000001e5d6b345a0, R9 =0x0000000000000000, R10=0x0000000000000000, R11=0x0000000000000246
R12=0x000001e5d6b344a0, R13=0x0000000000000000, R14=0x000001e5d80700f0, R15=0x000001e5d6b349e8
RIP=0x00007ffcefa86f56, EFLAGS=0x0000000000010206

Top of Stack: (sp=0x000000065a6fe010)
0x000000065a6fe010:   000001e5d92ce0e0 00007ffd064b2e6c
0x000000065a6fe020:   000000065a6fe8e0 000000065a6fe8e0
0x000000065a6fe030:   00000016e5000000 0000000000000000
0x000000065a6fe040:   000001e5e5ee26e0 00007ffd064b3243
0x000000065a6fe050:   000001e5d92ce0e0 000000065a6fe8e0
0x000000065a6fe060:   0000000000000000 706163202c4b3737
0x000000065a6fe070:   3233207974696301 000000065a6fe080
0x000000065a6fe080:   0000000000000002 6572202c4b383233
0x000000065a6fe090:   3120646576000a7d 0000c628e38b2c8a
0x000000065a6fe0a0:   000001e5d7941140 0000000000000004
0x000000065a6fe0b0:   0000000000000000 00000000fffff9ff
0x000000065a6fe0c0:   7011f63f00000600 ffefdffdffffffff
0x000000065a6fe0d0:   000000065a6fe120 00007ffcef91d973
0x000000065a6fe0e0:   0000000000000000 00007ffcefaf1ac2
0x000000065a6fe0f0:   0000800400001000 0000000000000000
0x000000065a6fe100:   0000000000000000 0000000000000000 

Instructions: (pc=0x00007ffcefa86f56)
0x00007ffcefa86e56:   00 90 4c 8b b7 80 02 00 00 48 8b 05 3a 65 c2 00
0x00007ffcefa86e66:   8b 80 c0 0a 00 00 89 44 24 24 c6 44 24 20 00 48
0x00007ffcefa86e76:   c7 87 80 02 00 00 00 00 00 00 c7 87 88 02 00 00
0x00007ffcefa86e86:   00 00 00 00 48 c7 87 a0 02 00 00 00 00 00 00 48
0x00007ffcefa86e96:   c7 87 90 02 00 00 00 00 00 00 48 85 ed 75 3d 8b
0x00007ffcefa86ea6:   35 2d 33 d2 00 65 48 8b 04 25 58 00 00 00 b9 14
0x00007ffcefa86eb6:   00 00 00 48 8b 04 f0 40 38 2c 01 0f 84 d5 c4 78
0x00007ffcefa86ec6:   00 65 48 8b 04 25 58 00 00 00 bd 20 00 00 00 48
0x00007ffcefa86ed6:   8b 04 f0 48 8b 2c 28 48 89 6c 24 28 48 3b 2d 37
0x00007ffcefa86ee6:   57 d2 00 0f 84 90 10 00 00 4d 85 f6 0f 84 3a 01
0x00007ffcefa86ef6:   00 00 0f 1f 84 00 00 00 00 00 49 8b f6 4d 8b e6
0x00007ffcefa86f06:   4d 8d be 48 05 00 00 4d 8b 37 45 84 ed 0f 85 01
0x00007ffcefa86f16:   0f 00 00 8b 8f d0 01 00 00 48 8b 05 7a 64 c2 00
0x00007ffcefa86f26:   83 b8 64 03 00 00 02 75 34 4d 8d 84 24 00 01 00
0x00007ffcefa86f36:   00 83 f9 10 0f 83 3a 01 00 00 8b c1 48 c1 e0 06
0x00007ffcefa86f46:   49 03 c0 48 85 c0 0f 84 9b 01 00 00 48 8b 50 08
0x00007ffcefa86f56:   48 3b 95 58 54 03 00 0f 87 c7 0e 00 00 48 83 be
0x00007ffcefa86f66:   a0 05 00 00 00 0f 85 5c c4 78 00 44 8b 8f d0 01
0x00007ffcefa86f76:   00 00 48 8b 87 e8 01 00 00 4c 8b 00 8b 8f d0 01
0x00007ffcefa86f86:   00 00 48 8d 9e 00 01 00 00 83 f9 10 0f 83 1e 01
0x00007ffcefa86f96:   00 00 8b c1 48 c1 e0 06 48 03 c3 48 85 c0 0f 84
0x00007ffcefa86fa6:   4a 01 00 00 4c 39 40 08 0f 86 40 01 00 00 48 8b
0x00007ffcefa86fb6:   87 80 02 00 00 49 89 07 48 89 b7 80 02 00 00 ff
0x00007ffcefa86fc6:   87 88 02 00 00 48 8b 4e 08 48 8b 01 ba 01 00 00
0x00007ffcefa86fd6:   00 48 8b 80 d8 02 00 00 ff 15 24 16 8e 00 0f b7
0x00007ffcefa86fe6:   c8 48 2b c1 48 05 00 00 01 00 48 01 87 90 02 00
0x00007ffcefa86ff6:   00 48 8b 4e 08 48 8b 01 ba 01 00 00 00 48 8b 80
0x00007ffcefa87006:   d8 02 00 00 ff 15 f8 15 8e 00 48 01 87 a0 02 00
0x00007ffcefa87016:   00 0f b6 54 24 20 4d 85 f6 0f 85 db fe ff ff 84
0x00007ffcefa87026:   d2 0f 85 5f 0f 00 00 48 8b 5c 24 40 48 8b cf 80
0x00007ffcefa87036:   7c 24 22 00 0f 85 35 0f 00 00 e8 8b f9 ff ff 90
0x00007ffcefa87046:   48 8b cb ff 15 c9 10 8e 00 48 8b 8c 24 50 01 00 


Stack slot to memory mapping:
stack at sp + 0 slots: 0x000001e5d92ce0e0 points into unknown readable memory: 0xffffffffffffffff | ff ff ff ff ff ff ff ff
stack at sp + 1 slots: 0x00007ffd064b2e6c jvm.dll
stack at sp + 2 slots: 0x000000065a6fe8e0 points into unknown readable memory: 0x00000001e3010004 | 04 00 01 e3 01 00 00 00
stack at sp + 3 slots: 0x000000065a6fe8e0 points into unknown readable memory: 0x00000001e3010004 | 04 00 01 e3 01 00 00 00
stack at sp + 4 slots: 0x00000016e5000000 is an unknown value
stack at sp + 5 slots: 0x0 is NULL
stack at sp + 6 slots: 0x000001e5e5ee26e0 points into unknown readable memory: 0x00007ffd0672a8a0 | a0 a8 72 06 fd 7f 00 00
stack at sp + 7 slots: 0x00007ffd064b3243 jvm.dll

VM_Operation (0x000000065a0fed60): Exit, mode: safepoint, requested by thread 0x000001e5e5ed3800


---------------  P R O C E S S  ---------------

Threads class SMR info:
_java_thread_list=0x000001e5d713d3e0, length=13, elements={
0x000001e5e5ed3800, 0x000001e5d3c33000, 0x000001e5d3c23800, 0x000001e5d3c79800,
0x000001e5d3c7d000, 0x000001e5d3c7e000, 0x000001e5d3c89800, 0x000001e5d3c92000,
0x000001e5d3c97000, 0x000001e5d3e23800, 0x000001e5d437d800, 0x000001e5d4a8b800,
0x000001e5d98ab000
}

Java Threads: ( => current thread )
  0x000001e5e5ed3800 JavaThread "main" [_thread_blocked, id=21220, stack(0x000000065a000000,0x000000065a100000)]
  0x000001e5d3c33000 JavaThread "Reference Handler" daemon [_thread_blocked, id=19156, stack(0x000000065a700000,0x000000065a800000)]
  0x000001e5d3c23800 JavaThread "Finalizer" daemon [_thread_blocked, id=21496, stack(0x000000065a800000,0x000000065a900000)]
  0x000001e5d3c79800 JavaThread "Signal Dispatcher" daemon [_thread_blocked, id=14368, stack(0x000000065a900000,0x000000065aa00000)]
  0x000001e5d3c7d000 JavaThread "Attach Listener" daemon [_thread_blocked, id=15016, stack(0x000000065aa00000,0x000000065ab00000)]
  0x000001e5d3c7e000 JavaThread "Service Thread" daemon [_thread_blocked, id=5892, stack(0x000000065ab00000,0x000000065ac00000)]
  0x000001e5d3c89800 JavaThread "C2 CompilerThread0" daemon [_thread_blocked, id=14548, stack(0x000000065ac00000,0x000000065ad00000)]
  0x000001e5d3c92000 JavaThread "C1 CompilerThread0" daemon [_thread_blocked, id=14728, stack(0x000000065ad00000,0x000000065ae00000)]
  0x000001e5d3c97000 JavaThread "Sweeper thread" daemon [_thread_blocked, id=2920, stack(0x000000065ae00000,0x000000065af00000)]
  0x000001e5d3e23800 JavaThread "Common-Cleaner" daemon [_thread_blocked, id=12720, stack(0x000000065b000000,0x000000065b100000)]
  0x000001e5d437d800 JavaThread "EMF Reference Cleaner" daemon [_thread_blocked, id=18500, stack(0x000000065bb00000,0x000000065bc00000)]
  0x000001e5d4a8b800 JavaThread "com.google.inject.internal.util.$Finalizer" daemon [_thread_blocked, id=15756, stack(0x000000065bc00000,0x000000065bd00000)]
  0x000001e5d98ab000 JavaThread "LWJGL Timer" daemon [_thread_blocked, id=15936, stack(0x000000065c600000,0x000000065c700000)]

Other Threads:
=>0x000001e5d3c00000 VMThread "VM Thread" [stack: 0x000000065a600000,0x000000065a700000] [id=10712]
  0x000001e5e5eec000 GCTaskThread "GC Thread#0" [stack: 0x000000065a100000,0x000000065a200000] [id=14956]
  0x000001e5d48e1800 GCTaskThread "GC Thread#1" [stack: 0x000000065b300000,0x000000065b400000] [id=19636]
  0x000001e5d4ad6800 GCTaskThread "GC Thread#2" [stack: 0x000000065b400000,0x000000065b500000] [id=1720]
  0x000001e5d48e2000 GCTaskThread "GC Thread#3" [stack: 0x000000065b500000,0x000000065b600000] [id=9152]
  0x000001e5d4356800 GCTaskThread "GC Thread#4" [stack: 0x000000065b600000,0x000000065b700000] [id=10044]
  0x000001e5d4357000 GCTaskThread "GC Thread#5" [stack: 0x000000065b700000,0x000000065b800000] [id=9724]
  0x000001e5d47e9000 GCTaskThread "GC Thread#6" [stack: 0x000000065b800000,0x000000065b900000] [id=6676]
  0x000001e5d559e800 GCTaskThread "GC Thread#7" [stack: 0x000000065b900000,0x000000065ba00000] [id=16756]
  0x000001e5e5f6f000 ConcurrentGCThread "G1 Main Marker" [stack: 0x000000065a200000,0x000000065a300000] [id=16456]
  0x000001e5e5f71000 ConcurrentGCThread "G1 Conc#0" [stack: 0x000000065a300000,0x000000065a400000] [id=3652]
  0x000001e5d51d4000 ConcurrentGCThread "G1 Conc#1" [stack: 0x000000065bd00000,0x000000065be00000] [id=16388]
  0x000001e593269800 ConcurrentGCThread "G1 Refine#0" [stack: 0x000000065a400000,0x000000065a500000] [id=14444]
  0x000001e5d55a0000 ConcurrentGCThread "G1 Refine#1" [stack: 0x000000065ba00000,0x000000065bb00000] [id=17952]
  0x000001e59326a800 ConcurrentGCThread "G1 Young RemSet Sampling" [stack: 0x000000065a500000,0x000000065a600000] [id=3208]

Threads with active compile tasks:

VM state:at safepoint (shutting down)

VM Mutex/Monitor currently owned by a thread:  ([mutex/lock_event])
[0x000001e5e5ed0880] Threads_lock - owner thread: 0x000001e5d3c00000

Heap address: 0x000000042d800000, size: 8124 MB, Compressed Oops mode: Zero based, Oop shift amount: 3
Narrow klass base: 0x000001e5932f0000, Narrow klass shift: 0
Compressed class space size: 1073741824 Address: 0x000001e5932f0000

Heap:
 garbage-first heap   total 624640K, used 136355K [0x000000042d800000, 0x0000000629400000)
  region size 2048K, 60 young (122880K), 4 survivors (8192K)
 Metaspace       used 29892K, capacity 30239K, committed 30464K, reserved 1077248K
  class space    used 3179K, capacity 3288K, committed 3328K, reserved 1048576K
Heap Regions: E=young(eden), S=young(survivor), O=old, HS=humongous(starts), HC=humongous(continues), CS=collection set, F=free, A=archive, TAMS=top-at-mark-start (previous, next)
|   0|0x000000042d800000, 0x000000042da00000, 0x000000042da00000|100%| O|  |TAMS 0x000000042da00000, 0x000000042d800000| Untracked 
|   1|0x000000042da00000, 0x000000042dc00000, 0x000000042dc00000|100%| O|  |TAMS 0x000000042dc00000, 0x000000042da00000| Untracked 
|   2|0x000000042dc00000, 0x000000042de00000, 0x000000042de00000|100%| O|  |TAMS 0x000000042de00000, 0x000000042dc00000| Untracked 
|   3|0x000000042de00000, 0x000000042e000000, 0x000000042e000000|100%| O|  |TAMS 0x000000042e000000, 0x000000042de00000| Untracked 
|   4|0x000000042e000000, 0x000000042e200000, 0x000000042e200000|100%| O|  |TAMS 0x000000042e200000, 0x000000042e000000| Untracked 
|   5|0x000000042e200000, 0x000000042e400000, 0x000000042e400000|100%| O|  |TAMS 0x000000042e400000, 0x000000042e200000| Untracked 
|   6|0x000000042e400000, 0x000000042e600000, 0x000000042e600000|100%| O|  |TAMS 0x000000042e415000, 0x000000042e400000| Untracked 
|   7|0x000000042e600000, 0x000000042e78b600, 0x000000042e800000| 77%| O|  |TAMS 0x000000042e600000, 0x000000042e600000| Untracked 
|   8|0x000000042e800000, 0x000000042e800000, 0x000000042ea00000|  0%| F|  |TAMS 0x000000042e800000, 0x000000042e800000| Untracked 
|   9|0x000000042ea00000, 0x000000042ea00000, 0x000000042ec00000|  0%| F|  |TAMS 0x000000042ea00000, 0x000000042ea00000| Untracked 
|  10|0x000000042ec00000, 0x000000042ec00000, 0x000000042ee00000|  0%| F|  |TAMS 0x000000042ec00000, 0x000000042ec00000| Untracked 
|  11|0x000000042ee00000, 0x000000042ee00000, 0x000000042f000000|  0%| F|  |TAMS 0x000000042ee00000, 0x000000042ee00000| Untracked 
|  12|0x000000042f000000, 0x000000042f000000, 0x000000042f200000|  0%| F|  |TAMS 0x000000042f000000, 0x000000042f000000| Untracked 
|  13|0x000000042f200000, 0x000000042f200000, 0x000000042f400000|  0%| F|  |TAMS 0x000000042f200000, 0x000000042f200000| Untracked 
|  14|0x000000042f400000, 0x000000042f400000, 0x000000042f600000|  0%| F|  |TAMS 0x000000042f400000, 0x000000042f400000| Untracked 
|  15|0x000000042f600000, 0x000000042f600000, 0x000000042f800000|  0%| F|  |TAMS 0x000000042f600000, 0x000000042f600000| Untracked 
|  16|0x000000042f800000, 0x000000042f800000, 0x000000042fa00000|  0%| F|  |TAMS 0x000000042f800000, 0x000000042f800000| Untracked 
|  17|0x000000042fa00000, 0x000000042fa00000, 0x000000042fc00000|  0%| F|  |TAMS 0x000000042fa00000, 0x000000042fa00000| Untracked 
|  18|0x000000042fc00000, 0x000000042fc00000, 0x000000042fe00000|  0%| F|  |TAMS 0x000000042fc00000, 0x000000042fc00000| Untracked 
|  19|0x000000042fe00000, 0x000000042fe00000, 0x0000000430000000|  0%| F|  |TAMS 0x000000042fe00000, 0x000000042fe00000| Untracked 
|  20|0x0000000430000000, 0x0000000430000000, 0x0000000430200000|  0%| F|  |TAMS 0x0000000430000000, 0x0000000430000000| Untracked 
|  21|0x0000000430200000, 0x0000000430200000, 0x0000000430400000|  0%| F|  |TAMS 0x0000000430200000, 0x0000000430200000| Untracked 
|  22|0x0000000430400000, 0x0000000430400000, 0x0000000430600000|  0%| F|  |TAMS 0x0000000430400000, 0x0000000430400000| Untracked 
|  23|0x0000000430600000, 0x0000000430600000, 0x0000000430800000|  0%| F|  |TAMS 0x0000000430600000, 0x0000000430600000| Untracked 
|  24|0x0000000430800000, 0x0000000430800000, 0x0000000430a00000|  0%| F|  |TAMS 0x0000000430800000, 0x0000000430800000| Untracked 
|  25|0x0000000430a00000, 0x0000000430a00000, 0x0000000430c00000|  0%| F|  |TAMS 0x0000000430a00000, 0x0000000430a00000| Untracked 
|  26|0x0000000430c00000, 0x0000000430c00000, 0x0000000430e00000|  0%| F|  |TAMS 0x0000000430c00000, 0x0000000430c00000| Untracked 
|  27|0x0000000430e00000, 0x0000000430e00000, 0x0000000431000000|  0%| F|  |TAMS 0x0000000430e00000, 0x0000000430e00000| Untracked 
|  28|0x0000000431000000, 0x0000000431000000, 0x0000000431200000|  0%| F|  |TAMS 0x0000000431000000, 0x0000000431000000| Untracked 
|  29|0x0000000431200000, 0x0000000431200000, 0x0000000431400000|  0%| F|  |TAMS 0x0000000431200000, 0x0000000431200000| Untracked 
|  30|0x0000000431400000, 0x0000000431400000, 0x0000000431600000|  0%| F|  |TAMS 0x0000000431400000, 0x0000000431400000| Untracked 
|  31|0x0000000431600000, 0x0000000431600000, 0x0000000431800000|  0%| F|  |TAMS 0x0000000431600000, 0x0000000431600000| Untracked 
|  32|0x0000000431800000, 0x0000000431800000, 0x0000000431a00000|  0%| F|  |TAMS 0x0000000431800000, 0x0000000431800000| Untracked 
|  33|0x0000000431a00000, 0x0000000431a00000, 0x0000000431c00000|  0%| F|  |TAMS 0x0000000431a00000, 0x0000000431a00000| Untracked 
|  34|0x0000000431c00000, 0x0000000431c00000, 0x0000000431e00000|  0%| F|  |TAMS 0x0000000431c00000, 0x0000000431c00000| Untracked 
|  35|0x0000000431e00000, 0x0000000431e00000, 0x0000000432000000|  0%| F|  |TAMS 0x0000000431e00000, 0x0000000431e00000| Untracked 
|  36|0x0000000432000000, 0x0000000432000000, 0x0000000432200000|  0%| F|  |TAMS 0x0000000432000000, 0x0000000432000000| Untracked 
|  37|0x0000000432200000, 0x0000000432200000, 0x0000000432400000|  0%| F|  |TAMS 0x0000000432200000, 0x0000000432200000| Untracked 
|  38|0x0000000432400000, 0x0000000432400000, 0x0000000432600000|  0%| F|  |TAMS 0x0000000432400000, 0x0000000432400000| Untracked 
|  39|0x0000000432600000, 0x0000000432600000, 0x0000000432800000|  0%| F|  |TAMS 0x0000000432600000, 0x0000000432600000| Untracked 
|  40|0x0000000432800000, 0x0000000432800000, 0x0000000432a00000|  0%| F|  |TAMS 0x0000000432800000, 0x0000000432800000| Untracked 
|  41|0x0000000432a00000, 0x0000000432a00000, 0x0000000432c00000|  0%| F|  |TAMS 0x0000000432a00000, 0x0000000432a00000| Untracked 
|  42|0x0000000432c00000, 0x0000000432c00000, 0x0000000432e00000|  0%| F|  |TAMS 0x0000000432c00000, 0x0000000432c00000| Untracked 
|  43|0x0000000432e00000, 0x0000000432e00000, 0x0000000433000000|  0%| F|  |TAMS 0x0000000432e00000, 0x0000000432e00000| Untracked 
|  44|0x0000000433000000, 0x0000000433000000, 0x0000000433200000|  0%| F|  |TAMS 0x0000000433000000, 0x0000000433000000| Untracked 
|  45|0x0000000433200000, 0x0000000433200000, 0x0000000433400000|  0%| F|  |TAMS 0x0000000433200000, 0x0000000433200000| Untracked 
|  46|0x0000000433400000, 0x0000000433400000, 0x0000000433600000|  0%| F|  |TAMS 0x0000000433400000, 0x0000000433400000| Untracked 
|  47|0x0000000433600000, 0x0000000433600000, 0x0000000433800000|  0%| F|  |TAMS 0x0000000433600000, 0x0000000433600000| Untracked 
|  48|0x0000000433800000, 0x0000000433800000, 0x0000000433a00000|  0%| F|  |TAMS 0x0000000433800000, 0x0000000433800000| Untracked 
|  49|0x0000000433a00000, 0x0000000433a00000, 0x0000000433c00000|  0%| F|  |TAMS 0x0000000433a00000, 0x0000000433a00000| Untracked 
|  50|0x0000000433c00000, 0x0000000433c00000, 0x0000000433e00000|  0%| F|  |TAMS 0x0000000433c00000, 0x0000000433c00000| Untracked 
|  51|0x0000000433e00000, 0x0000000433e00000, 0x0000000434000000|  0%| F|  |TAMS 0x0000000433e00000, 0x0000000433e00000| Untracked 
|  52|0x0000000434000000, 0x0000000434000000, 0x0000000434200000|  0%| F|  |TAMS 0x0000000434000000, 0x0000000434000000| Untracked 
|  53|0x0000000434200000, 0x0000000434200000, 0x0000000434400000|  0%| F|  |TAMS 0x0000000434200000, 0x0000000434200000| Untracked 
|  54|0x0000000434400000, 0x0000000434400000, 0x0000000434600000|  0%| F|  |TAMS 0x0000000434400000, 0x0000000434400000| Untracked 
|  55|0x0000000434600000, 0x0000000434600000, 0x0000000434800000|  0%| F|  |TAMS 0x0000000434600000, 0x0000000434600000| Untracked 
|  56|0x0000000434800000, 0x0000000434800000, 0x0000000434a00000|  0%| F|  |TAMS 0x0000000434800000, 0x0000000434800000| Untracked 
|  57|0x0000000434a00000, 0x0000000434a00000, 0x0000000434c00000|  0%| F|  |TAMS 0x0000000434a00000, 0x0000000434a00000| Untracked 
|  58|0x0000000434c00000, 0x0000000434c00000, 0x0000000434e00000|  0%| F|  |TAMS 0x0000000434c00000, 0x0000000434c00000| Untracked 
|  59|0x0000000434e00000, 0x0000000434e00000, 0x0000000435000000|  0%| F|  |TAMS 0x0000000434e00000, 0x0000000434e00000| Untracked 
|  60|0x0000000435000000, 0x0000000435000000, 0x0000000435200000|  0%| F|  |TAMS 0x0000000435000000, 0x0000000435000000| Untracked 
|  61|0x0000000435200000, 0x0000000435200000, 0x0000000435400000|  0%| F|  |TAMS 0x0000000435200000, 0x0000000435200000| Untracked 
|  62|0x0000000435400000, 0x0000000435400000, 0x0000000435600000|  0%| F|  |TAMS 0x0000000435400000, 0x0000000435400000| Untracked 
|  63|0x0000000435600000, 0x0000000435600000, 0x0000000435800000|  0%| F|  |TAMS 0x0000000435600000, 0x0000000435600000| Untracked 
|  64|0x0000000435800000, 0x0000000435800000, 0x0000000435a00000|  0%| F|  |TAMS 0x0000000435800000, 0x0000000435800000| Untracked 
|  65|0x0000000435a00000, 0x0000000435a00000, 0x0000000435c00000|  0%| F|  |TAMS 0x0000000435a00000, 0x0000000435a00000| Untracked 
|  66|0x0000000435c00000, 0x0000000435c00000, 0x0000000435e00000|  0%| F|  |TAMS 0x0000000435c00000, 0x0000000435c00000| Untracked 
|  67|0x0000000435e00000, 0x0000000435e00000, 0x0000000436000000|  0%| F|  |TAMS 0x0000000435e00000, 0x0000000435e00000| Untracked 
|  68|0x0000000436000000, 0x0000000436000000, 0x0000000436200000|  0%| F|  |TAMS 0x0000000436000000, 0x0000000436000000| Untracked 
|  69|0x0000000436200000, 0x0000000436200000, 0x0000000436400000|  0%| F|  |TAMS 0x0000000436200000, 0x0000000436200000| Untracked 
|  70|0x0000000436400000, 0x0000000436400000, 0x0000000436600000|  0%| F|  |TAMS 0x0000000436400000, 0x0000000436400000| Untracked 
|  71|0x0000000436600000, 0x0000000436600000, 0x0000000436800000|  0%| F|  |TAMS 0x0000000436600000, 0x0000000436600000| Untracked 
|  72|0x0000000436800000, 0x0000000436800000, 0x0000000436a00000|  0%| F|  |TAMS 0x0000000436800000, 0x0000000436800000| Untracked 
|  73|0x0000000436a00000, 0x0000000436a00000, 0x0000000436c00000|  0%| F|  |TAMS 0x0000000436a00000, 0x0000000436a00000| Untracked 
|  74|0x0000000436c00000, 0x0000000436c00000, 0x0000000436e00000|  0%| F|  |TAMS 0x0000000436c00000, 0x0000000436c00000| Untracked 
|  75|0x0000000436e00000, 0x0000000436e00000, 0x0000000437000000|  0%| F|  |TAMS 0x0000000436e00000, 0x0000000436e00000| Untracked 
|  76|0x0000000437000000, 0x0000000437000000, 0x0000000437200000|  0%| F|  |TAMS 0x0000000437000000, 0x0000000437000000| Untracked 
|  77|0x0000000437200000, 0x0000000437200000, 0x0000000437400000|  0%| F|  |TAMS 0x0000000437200000, 0x0000000437200000| Untracked 
|  78|0x0000000437400000, 0x0000000437400000, 0x0000000437600000|  0%| F|  |TAMS 0x0000000437400000, 0x0000000437400000| Untracked 
|  79|0x0000000437600000, 0x0000000437600000, 0x0000000437800000|  0%| F|  |TAMS 0x0000000437600000, 0x0000000437600000| Untracked 
|  80|0x0000000437800000, 0x0000000437800000, 0x0000000437a00000|  0%| F|  |TAMS 0x0000000437800000, 0x0000000437800000| Untracked 
|  81|0x0000000437a00000, 0x0000000437a00000, 0x0000000437c00000|  0%| F|  |TAMS 0x0000000437a00000, 0x0000000437a00000| Untracked 
|  82|0x0000000437c00000, 0x0000000437c00000, 0x0000000437e00000|  0%| F|  |TAMS 0x0000000437c00000, 0x0000000437c00000| Untracked 
|  83|0x0000000437e00000, 0x0000000437e00000, 0x0000000438000000|  0%| F|  |TAMS 0x0000000437e00000, 0x0000000437e00000| Untracked 
|  84|0x0000000438000000, 0x0000000438000000, 0x0000000438200000|  0%| F|  |TAMS 0x0000000438000000, 0x0000000438000000| Untracked 
|  85|0x0000000438200000, 0x0000000438200000, 0x0000000438400000|  0%| F|  |TAMS 0x0000000438200000, 0x0000000438200000| Untracked 
|  86|0x0000000438400000, 0x0000000438400000, 0x0000000438600000|  0%| F|  |TAMS 0x0000000438400000, 0x0000000438400000| Untracked 
|  87|0x0000000438600000, 0x0000000438600000, 0x0000000438800000|  0%| F|  |TAMS 0x0000000438600000, 0x0000000438600000| Untracked 
|  88|0x0000000438800000, 0x0000000438800000, 0x0000000438a00000|  0%| F|  |TAMS 0x0000000438800000, 0x0000000438800000| Untracked 
|  89|0x0000000438a00000, 0x0000000438a00000, 0x0000000438c00000|  0%| F|  |TAMS 0x0000000438a00000, 0x0000000438a00000| Untracked 
|  90|0x0000000438c00000, 0x0000000438c00000, 0x0000000438e00000|  0%| F|  |TAMS 0x0000000438c00000, 0x0000000438c00000| Untracked 
|  91|0x0000000438e00000, 0x0000000438e00000, 0x0000000439000000|  0%| F|  |TAMS 0x0000000438e00000, 0x0000000438e00000| Untracked 
|  92|0x0000000439000000, 0x0000000439000000, 0x0000000439200000|  0%| F|  |TAMS 0x0000000439000000, 0x0000000439000000| Untracked 
|  93|0x0000000439200000, 0x0000000439200000, 0x0000000439400000|  0%| F|  |TAMS 0x0000000439200000, 0x0000000439200000| Untracked 
|  94|0x0000000439400000, 0x0000000439400000, 0x0000000439600000|  0%| F|  |TAMS 0x0000000439400000, 0x0000000439400000| Untracked 
|  95|0x0000000439600000, 0x0000000439600000, 0x0000000439800000|  0%| F|  |TAMS 0x0000000439600000, 0x0000000439600000| Untracked 
|  96|0x0000000439800000, 0x0000000439800000, 0x0000000439a00000|  0%| F|  |TAMS 0x0000000439800000, 0x0000000439800000| Untracked 
|  97|0x0000000439a00000, 0x0000000439a00000, 0x0000000439c00000|  0%| F|  |TAMS 0x0000000439a00000, 0x0000000439a00000| Untracked 
|  98|0x0000000439c00000, 0x0000000439c00000, 0x0000000439e00000|  0%| F|  |TAMS 0x0000000439c00000, 0x0000000439c00000| Untracked 
|  99|0x0000000439e00000, 0x0000000439e00000, 0x000000043a000000|  0%| F|  |TAMS 0x0000000439e00000, 0x0000000439e00000| Untracked 
| 100|0x000000043a000000, 0x000000043a000000, 0x000000043a200000|  0%| F|  |TAMS 0x000000043a000000, 0x000000043a000000| Untracked 
| 101|0x000000043a200000, 0x000000043a200000, 0x000000043a400000|  0%| F|  |TAMS 0x000000043a200000, 0x000000043a200000| Untracked 
| 102|0x000000043a400000, 0x000000043a400000, 0x000000043a600000|  0%| F|  |TAMS 0x000000043a400000, 0x000000043a400000| Untracked 
| 103|0x000000043a600000, 0x000000043a600000, 0x000000043a800000|  0%| F|  |TAMS 0x000000043a600000, 0x000000043a600000| Untracked 
| 104|0x000000043a800000, 0x000000043a800000, 0x000000043aa00000|  0%| F|  |TAMS 0x000000043a800000, 0x000000043a800000| Untracked 
| 105|0x000000043aa00000, 0x000000043aa00000, 0x000000043ac00000|  0%| F|  |TAMS 0x000000043aa00000, 0x000000043aa00000| Untracked 
| 106|0x000000043ac00000, 0x000000043ac00000, 0x000000043ae00000|  0%| F|  |TAMS 0x000000043ac00000, 0x000000043ac00000| Untracked 
| 107|0x000000043ae00000, 0x000000043ae00000, 0x000000043b000000|  0%| F|  |TAMS 0x000000043ae00000, 0x000000043ae00000| Untracked 
| 108|0x000000043b000000, 0x000000043b000000, 0x000000043b200000|  0%| F|  |TAMS 0x000000043b000000, 0x000000043b000000| Untracked 
| 109|0x000000043b200000, 0x000000043b200000, 0x000000043b400000|  0%| F|  |TAMS 0x000000043b200000, 0x000000043b200000| Untracked 
| 110|0x000000043b400000, 0x000000043b400000, 0x000000043b600000|  0%| F|  |TAMS 0x000000043b400000, 0x000000043b400000| Untracked 
| 111|0x000000043b600000, 0x000000043b600000, 0x000000043b800000|  0%| F|  |TAMS 0x000000043b600000, 0x000000043b600000| Untracked 
| 112|0x000000043b800000, 0x000000043b800000, 0x000000043ba00000|  0%| F|  |TAMS 0x000000043b800000, 0x000000043b800000| Untracked 
| 113|0x000000043ba00000, 0x000000043ba00000, 0x000000043bc00000|  0%| F|  |TAMS 0x000000043ba00000, 0x000000043ba00000| Untracked 
| 114|0x000000043bc00000, 0x000000043bc00000, 0x000000043be00000|  0%| F|  |TAMS 0x000000043bc00000, 0x000000043bc00000| Untracked 
| 115|0x000000043be00000, 0x000000043be00000, 0x000000043c000000|  0%| F|  |TAMS 0x000000043be00000, 0x000000043be00000| Untracked 
| 116|0x000000043c000000, 0x000000043c000000, 0x000000043c200000|  0%| F|  |TAMS 0x000000043c000000, 0x000000043c000000| Untracked 
| 117|0x000000043c200000, 0x000000043c200000, 0x000000043c400000|  0%| F|  |TAMS 0x000000043c200000, 0x000000043c200000| Untracked 
| 118|0x000000043c400000, 0x000000043c400000, 0x000000043c600000|  0%| F|  |TAMS 0x000000043c400000, 0x000000043c400000| Untracked 
| 119|0x000000043c600000, 0x000000043c600000, 0x000000043c800000|  0%| F|  |TAMS 0x000000043c600000, 0x000000043c600000| Untracked 
| 120|0x000000043c800000, 0x000000043c800000, 0x000000043ca00000|  0%| F|  |TAMS 0x000000043c800000, 0x000000043c800000| Untracked 
| 121|0x000000043ca00000, 0x000000043ca00000, 0x000000043cc00000|  0%| F|  |TAMS 0x000000043ca00000, 0x000000043ca00000| Untracked 
| 122|0x000000043cc00000, 0x000000043cd9d878, 0x000000043ce00000| 80%| S|CS|TAMS 0x000000043cc00000, 0x000000043cc00000| Complete 
| 123|0x000000043ce00000, 0x000000043d000000, 0x000000043d000000|100%| S|CS|TAMS 0x000000043ce00000, 0x000000043ce00000| Complete 
| 124|0x000000043d000000, 0x000000043d200000, 0x000000043d200000|100%| S|CS|TAMS 0x000000043d000000, 0x000000043d000000| Complete 
| 125|0x000000043d200000, 0x000000043d400000, 0x000000043d400000|100%| S|CS|TAMS 0x000000043d200000, 0x000000043d200000| Complete 
| 126|0x000000043d400000, 0x000000043d400000, 0x000000043d600000|  0%| F|  |TAMS 0x000000043d400000, 0x000000043d400000| Untracked 
| 127|0x000000043d600000, 0x000000043d600000, 0x000000043d800000|  0%| F|  |TAMS 0x000000043d600000, 0x000000043d600000| Untracked 
| 128|0x000000043d800000, 0x000000043d800000, 0x000000043da00000|  0%| F|  |TAMS 0x000000043d800000, 0x000000043d800000| Untracked 
| 129|0x000000043da00000, 0x000000043da00000, 0x000000043dc00000|  0%| F|  |TAMS 0x000000043da00000, 0x000000043da00000| Untracked 
| 130|0x000000043dc00000, 0x000000043dc00000, 0x000000043de00000|  0%| F|  |TAMS 0x000000043dc00000, 0x000000043dc00000| Untracked 
| 131|0x000000043de00000, 0x000000043de00000, 0x000000043e000000|  0%| F|  |TAMS 0x000000043de00000, 0x000000043de00000| Untracked 
| 132|0x000000043e000000, 0x000000043e000000, 0x000000043e200000|  0%| F|  |TAMS 0x000000043e000000, 0x000000043e000000| Untracked 
| 133|0x000000043e200000, 0x000000043e200000, 0x000000043e400000|  0%| F|  |TAMS 0x000000043e200000, 0x000000043e200000| Untracked 
| 134|0x000000043e400000, 0x000000043e400000, 0x000000043e600000|  0%| F|  |TAMS 0x000000043e400000, 0x000000043e400000| Untracked 
| 135|0x000000043e600000, 0x000000043e600000, 0x000000043e800000|  0%| F|  |TAMS 0x000000043e600000, 0x000000043e600000| Untracked 
| 136|0x000000043e800000, 0x000000043e800000, 0x000000043ea00000|  0%| F|  |TAMS 0x000000043e800000, 0x000000043e800000| Untracked 
| 137|0x000000043ea00000, 0x000000043ea00000, 0x000000043ec00000|  0%| F|  |TAMS 0x000000043ea00000, 0x000000043ea00000| Untracked 
| 138|0x000000043ec00000, 0x000000043ec00000, 0x000000043ee00000|  0%| F|  |TAMS 0x000000043ec00000, 0x000000043ec00000| Untracked 
| 139|0x000000043ee00000, 0x000000043ee00000, 0x000000043f000000|  0%| F|  |TAMS 0x000000043ee00000, 0x000000043ee00000| Untracked 
| 140|0x000000043f000000, 0x000000043f000000, 0x000000043f200000|  0%| F|  |TAMS 0x000000043f000000, 0x000000043f000000| Untracked 
| 141|0x000000043f200000, 0x000000043f200000, 0x000000043f400000|  0%| F|  |TAMS 0x000000043f200000, 0x000000043f200000| Untracked 
| 142|0x000000043f400000, 0x000000043f400000, 0x000000043f600000|  0%| F|  |TAMS 0x000000043f400000, 0x000000043f400000| Untracked 
| 143|0x000000043f600000, 0x000000043f600000, 0x000000043f800000|  0%| F|  |TAMS 0x000000043f600000, 0x000000043f600000| Untracked 
| 144|0x000000043f800000, 0x000000043f800000, 0x000000043fa00000|  0%| F|  |TAMS 0x000000043f800000, 0x000000043f800000| Untracked 
| 145|0x000000043fa00000, 0x000000043fa00000, 0x000000043fc00000|  0%| F|  |TAMS 0x000000043fa00000, 0x000000043fa00000| Untracked 
| 146|0x000000043fc00000, 0x000000043fc00000, 0x000000043fe00000|  0%| F|  |TAMS 0x000000043fc00000, 0x000000043fc00000| Untracked 
| 147|0x000000043fe00000, 0x000000043fe00000, 0x0000000440000000|  0%| F|  |TAMS 0x000000043fe00000, 0x000000043fe00000| Untracked 
| 148|0x0000000440000000, 0x0000000440000000, 0x0000000440200000|  0%| F|  |TAMS 0x0000000440000000, 0x0000000440000000| Untracked 
| 149|0x0000000440200000, 0x0000000440200000, 0x0000000440400000|  0%| F|  |TAMS 0x0000000440200000, 0x0000000440200000| Untracked 
| 150|0x0000000440400000, 0x0000000440400000, 0x0000000440600000|  0%| F|  |TAMS 0x0000000440400000, 0x0000000440400000| Untracked 
| 151|0x0000000440600000, 0x0000000440600000, 0x0000000440800000|  0%| F|  |TAMS 0x0000000440600000, 0x0000000440600000| Untracked 
| 152|0x0000000440800000, 0x0000000440800000, 0x0000000440a00000|  0%| F|  |TAMS 0x0000000440800000, 0x0000000440800000| Untracked 
| 153|0x0000000440a00000, 0x0000000440a00000, 0x0000000440c00000|  0%| F|  |TAMS 0x0000000440a00000, 0x0000000440a00000| Untracked 
| 154|0x0000000440c00000, 0x0000000440c00000, 0x0000000440e00000|  0%| F|  |TAMS 0x0000000440c00000, 0x0000000440c00000| Untracked 
| 155|0x0000000440e00000, 0x0000000440e00000, 0x0000000441000000|  0%| F|  |TAMS 0x0000000440e00000, 0x0000000440e00000| Untracked 
| 156|0x0000000441000000, 0x0000000441000000, 0x0000000441200000|  0%| F|  |TAMS 0x0000000441000000, 0x0000000441000000| Untracked 
| 157|0x0000000441200000, 0x0000000441200000, 0x0000000441400000|  0%| F|  |TAMS 0x0000000441200000, 0x0000000441200000| Untracked 
| 158|0x0000000441400000, 0x0000000441400000, 0x0000000441600000|  0%| F|  |TAMS 0x0000000441400000, 0x0000000441400000| Untracked 
| 159|0x0000000441600000, 0x0000000441600000, 0x0000000441800000|  0%| F|  |TAMS 0x0000000441600000, 0x0000000441600000| Untracked 
| 160|0x0000000441800000, 0x0000000441800000, 0x0000000441a00000|  0%| F|  |TAMS 0x0000000441800000, 0x0000000441800000| Untracked 
| 161|0x0000000441a00000, 0x0000000441a00000, 0x0000000441c00000|  0%| F|  |TAMS 0x0000000441a00000, 0x0000000441a00000| Untracked 
| 162|0x0000000441c00000, 0x0000000441c00000, 0x0000000441e00000|  0%| F|  |TAMS 0x0000000441c00000, 0x0000000441c00000| Untracked 
| 163|0x0000000441e00000, 0x0000000441e00000, 0x0000000442000000|  0%| F|  |TAMS 0x0000000441e00000, 0x0000000441e00000| Untracked 
| 164|0x0000000442000000, 0x0000000442000000, 0x0000000442200000|  0%| F|  |TAMS 0x0000000442000000, 0x0000000442000000| Untracked 
| 165|0x0000000442200000, 0x0000000442200000, 0x0000000442400000|  0%| F|  |TAMS 0x0000000442200000, 0x0000000442200000| Untracked 
| 166|0x0000000442400000, 0x0000000442400000, 0x0000000442600000|  0%| F|  |TAMS 0x0000000442400000, 0x0000000442400000| Untracked 
| 167|0x0000000442600000, 0x0000000442600000, 0x0000000442800000|  0%| F|  |TAMS 0x0000000442600000, 0x0000000442600000| Untracked 
| 168|0x0000000442800000, 0x0000000442800000, 0x0000000442a00000|  0%| F|  |TAMS 0x0000000442800000, 0x0000000442800000| Untracked 
| 169|0x0000000442a00000, 0x0000000442a00000, 0x0000000442c00000|  0%| F|  |TAMS 0x0000000442a00000, 0x0000000442a00000| Untracked 
| 170|0x0000000442c00000, 0x0000000442c00000, 0x0000000442e00000|  0%| F|  |TAMS 0x0000000442c00000, 0x0000000442c00000| Untracked 
| 171|0x0000000442e00000, 0x0000000442e00000, 0x0000000443000000|  0%| F|  |TAMS 0x0000000442e00000, 0x0000000442e00000| Untracked 
| 172|0x0000000443000000, 0x0000000443000000, 0x0000000443200000|  0%| F|  |TAMS 0x0000000443000000, 0x0000000443000000| Untracked 
| 173|0x0000000443200000, 0x0000000443200000, 0x0000000443400000|  0%| F|  |TAMS 0x0000000443200000, 0x0000000443200000| Untracked 
| 174|0x0000000443400000, 0x0000000443400000, 0x0000000443600000|  0%| F|  |TAMS 0x0000000443400000, 0x0000000443400000| Untracked 
| 175|0x0000000443600000, 0x0000000443600000, 0x0000000443800000|  0%| F|  |TAMS 0x0000000443600000, 0x0000000443600000| Untracked 
| 176|0x0000000443800000, 0x0000000443800000, 0x0000000443a00000|  0%| F|  |TAMS 0x0000000443800000, 0x0000000443800000| Untracked 
| 177|0x0000000443a00000, 0x0000000443a00000, 0x0000000443c00000|  0%| F|  |TAMS 0x0000000443a00000, 0x0000000443a00000| Untracked 
| 178|0x0000000443c00000, 0x0000000443c00000, 0x0000000443e00000|  0%| F|  |TAMS 0x0000000443c00000, 0x0000000443c00000| Untracked 
| 179|0x0000000443e00000, 0x0000000443e00000, 0x0000000444000000|  0%| F|  |TAMS 0x0000000443e00000, 0x0000000443e00000| Untracked 
| 180|0x0000000444000000, 0x0000000444000000, 0x0000000444200000|  0%| F|  |TAMS 0x0000000444000000, 0x0000000444000000| Untracked 
| 181|0x0000000444200000, 0x0000000444200000, 0x0000000444400000|  0%| F|  |TAMS 0x0000000444200000, 0x0000000444200000| Untracked 
| 182|0x0000000444400000, 0x0000000444400000, 0x0000000444600000|  0%| F|  |TAMS 0x0000000444400000, 0x0000000444400000| Untracked 
| 183|0x0000000444600000, 0x0000000444600000, 0x0000000444800000|  0%| F|  |TAMS 0x0000000444600000, 0x0000000444600000| Untracked 
| 184|0x0000000444800000, 0x0000000444800000, 0x0000000444a00000|  0%| F|  |TAMS 0x0000000444800000, 0x0000000444800000| Untracked 
| 185|0x0000000444a00000, 0x0000000444a00000, 0x0000000444c00000|  0%| F|  |TAMS 0x0000000444a00000, 0x0000000444a00000| Untracked 
| 186|0x0000000444c00000, 0x0000000444c00000, 0x0000000444e00000|  0%| F|  |TAMS 0x0000000444c00000, 0x0000000444c00000| Untracked 
| 187|0x0000000444e00000, 0x0000000444e00000, 0x0000000445000000|  0%| F|  |TAMS 0x0000000444e00000, 0x0000000444e00000| Untracked 
| 188|0x0000000445000000, 0x0000000445000000, 0x0000000445200000|  0%| F|  |TAMS 0x0000000445000000, 0x0000000445000000| Untracked 
| 189|0x0000000445200000, 0x0000000445200000, 0x0000000445400000|  0%| F|  |TAMS 0x0000000445200000, 0x0000000445200000| Untracked 
| 190|0x0000000445400000, 0x0000000445400000, 0x0000000445600000|  0%| F|  |TAMS 0x0000000445400000, 0x0000000445400000| Untracked 
| 191|0x0000000445600000, 0x0000000445600000, 0x0000000445800000|  0%| F|  |TAMS 0x0000000445600000, 0x0000000445600000| Untracked 
| 192|0x0000000445800000, 0x0000000445800000, 0x0000000445a00000|  0%| F|  |TAMS 0x0000000445800000, 0x0000000445800000| Untracked 
| 193|0x0000000445a00000, 0x0000000445a00000, 0x0000000445c00000|  0%| F|  |TAMS 0x0000000445a00000, 0x0000000445a00000| Untracked 
| 194|0x0000000445c00000, 0x0000000445c00000, 0x0000000445e00000|  0%| F|  |TAMS 0x0000000445c00000, 0x0000000445c00000| Untracked 
| 195|0x0000000445e00000, 0x0000000445e00000, 0x0000000446000000|  0%| F|  |TAMS 0x0000000445e00000, 0x0000000445e00000| Untracked 
| 196|0x0000000446000000, 0x0000000446000000, 0x0000000446200000|  0%| F|  |TAMS 0x0000000446000000, 0x0000000446000000| Untracked 
| 197|0x0000000446200000, 0x0000000446200000, 0x0000000446400000|  0%| F|  |TAMS 0x0000000446200000, 0x0000000446200000| Untracked 
| 198|0x0000000446400000, 0x0000000446400000, 0x0000000446600000|  0%| F|  |TAMS 0x0000000446400000, 0x0000000446400000| Untracked 
| 199|0x0000000446600000, 0x0000000446600000, 0x0000000446800000|  0%| F|  |TAMS 0x0000000446600000, 0x0000000446600000| Untracked 
| 200|0x0000000446800000, 0x0000000446800000, 0x0000000446a00000|  0%| F|  |TAMS 0x0000000446800000, 0x0000000446800000| Untracked 
| 201|0x0000000446a00000, 0x0000000446a00000, 0x0000000446c00000|  0%| F|  |TAMS 0x0000000446a00000, 0x0000000446a00000| Untracked 
| 202|0x0000000446c00000, 0x0000000446c00000, 0x0000000446e00000|  0%| F|  |TAMS 0x0000000446c00000, 0x0000000446c00000| Untracked 
| 203|0x0000000446e00000, 0x0000000446e00000, 0x0000000447000000|  0%| F|  |TAMS 0x0000000446e00000, 0x0000000446e00000| Untracked 
| 204|0x0000000447000000, 0x0000000447000000, 0x0000000447200000|  0%| F|  |TAMS 0x0000000447000000, 0x0000000447000000| Untracked 
| 205|0x0000000447200000, 0x0000000447200000, 0x0000000447400000|  0%| F|  |TAMS 0x0000000447200000, 0x0000000447200000| Untracked 
| 206|0x0000000447400000, 0x0000000447400000, 0x0000000447600000|  0%| F|  |TAMS 0x0000000447400000, 0x0000000447400000| Untracked 
| 207|0x0000000447600000, 0x0000000447600000, 0x0000000447800000|  0%| F|  |TAMS 0x0000000447600000, 0x0000000447600000| Untracked 
| 208|0x0000000447800000, 0x0000000447800000, 0x0000000447a00000|  0%| F|  |TAMS 0x0000000447800000, 0x0000000447800000| Untracked 
| 209|0x0000000447a00000, 0x0000000447a00000, 0x0000000447c00000|  0%| F|  |TAMS 0x0000000447a00000, 0x0000000447a00000| Untracked 
| 210|0x0000000447c00000, 0x0000000447c00000, 0x0000000447e00000|  0%| F|  |TAMS 0x0000000447c00000, 0x0000000447c00000| Untracked 
| 211|0x0000000447e00000, 0x0000000447e00000, 0x0000000448000000|  0%| F|  |TAMS 0x0000000447e00000, 0x0000000447e00000| Untracked 
| 212|0x0000000448000000, 0x0000000448000000, 0x0000000448200000|  0%| F|  |TAMS 0x0000000448000000, 0x0000000448000000| Untracked 
| 213|0x0000000448200000, 0x0000000448200000, 0x0000000448400000|  0%| F|  |TAMS 0x0000000448200000, 0x0000000448200000| Untracked 
| 214|0x0000000448400000, 0x0000000448400000, 0x0000000448600000|  0%| F|  |TAMS 0x0000000448400000, 0x0000000448400000| Untracked 
| 215|0x0000000448600000, 0x0000000448600000, 0x0000000448800000|  0%| F|  |TAMS 0x0000000448600000, 0x0000000448600000| Untracked 
| 216|0x0000000448800000, 0x0000000448800000, 0x0000000448a00000|  0%| F|  |TAMS 0x0000000448800000, 0x0000000448800000| Untracked 
| 217|0x0000000448a00000, 0x0000000448a00000, 0x0000000448c00000|  0%| F|  |TAMS 0x0000000448a00000, 0x0000000448a00000| Untracked 
| 218|0x0000000448c00000, 0x0000000448c00000, 0x0000000448e00000|  0%| F|  |TAMS 0x0000000448c00000, 0x0000000448c00000| Untracked 
| 219|0x0000000448e00000, 0x0000000448e00000, 0x0000000449000000|  0%| F|  |TAMS 0x0000000448e00000, 0x0000000448e00000| Untracked 
| 220|0x0000000449000000, 0x0000000449000000, 0x0000000449200000|  0%| F|  |TAMS 0x0000000449000000, 0x0000000449000000| Untracked 
| 221|0x0000000449200000, 0x0000000449200000, 0x0000000449400000|  0%| F|  |TAMS 0x0000000449200000, 0x0000000449200000| Untracked 
| 222|0x0000000449400000, 0x0000000449400000, 0x0000000449600000|  0%| F|  |TAMS 0x0000000449400000, 0x0000000449400000| Untracked 
| 223|0x0000000449600000, 0x0000000449600000, 0x0000000449800000|  0%| F|  |TAMS 0x0000000449600000, 0x0000000449600000| Untracked 
| 224|0x0000000449800000, 0x0000000449800000, 0x0000000449a00000|  0%| F|  |TAMS 0x0000000449800000, 0x0000000449800000| Untracked 
| 225|0x0000000449a00000, 0x0000000449a00000, 0x0000000449c00000|  0%| F|  |TAMS 0x0000000449a00000, 0x0000000449a00000| Untracked 
| 226|0x0000000449c00000, 0x0000000449c00000, 0x0000000449e00000|  0%| F|  |TAMS 0x0000000449c00000, 0x0000000449c00000| Untracked 
| 227|0x0000000449e00000, 0x0000000449e00000, 0x000000044a000000|  0%| F|  |TAMS 0x0000000449e00000, 0x0000000449e00000| Untracked 
| 228|0x000000044a000000, 0x000000044a000000, 0x000000044a200000|  0%| F|  |TAMS 0x000000044a000000, 0x000000044a000000| Untracked 
| 229|0x000000044a200000, 0x000000044a200000, 0x000000044a400000|  0%| F|  |TAMS 0x000000044a200000, 0x000000044a200000| Untracked 
| 230|0x000000044a400000, 0x000000044a400000, 0x000000044a600000|  0%| F|  |TAMS 0x000000044a400000, 0x000000044a400000| Untracked 
| 231|0x000000044a600000, 0x000000044a600000, 0x000000044a800000|  0%| F|  |TAMS 0x000000044a600000, 0x000000044a600000| Untracked 
| 232|0x000000044a800000, 0x000000044a800000, 0x000000044aa00000|  0%| F|  |TAMS 0x000000044a800000, 0x000000044a800000| Untracked 
| 233|0x000000044aa00000, 0x000000044aa00000, 0x000000044ac00000|  0%| F|  |TAMS 0x000000044aa00000, 0x000000044aa00000| Untracked 
| 234|0x000000044ac00000, 0x000000044ac00000, 0x000000044ae00000|  0%| F|  |TAMS 0x000000044ac00000, 0x000000044ac00000| Untracked 
| 235|0x000000044ae00000, 0x000000044ae00000, 0x000000044b000000|  0%| F|  |TAMS 0x000000044ae00000, 0x000000044ae00000| Untracked 
| 236|0x000000044b000000, 0x000000044b000000, 0x000000044b200000|  0%| F|  |TAMS 0x000000044b000000, 0x000000044b000000| Untracked 
| 237|0x000000044b200000, 0x000000044b200000, 0x000000044b400000|  0%| F|  |TAMS 0x000000044b200000, 0x000000044b200000| Untracked 
| 238|0x000000044b400000, 0x000000044b400000, 0x000000044b600000|  0%| F|  |TAMS 0x000000044b400000, 0x000000044b400000| Untracked 
| 239|0x000000044b600000, 0x000000044b600000, 0x000000044b800000|  0%| F|  |TAMS 0x000000044b600000, 0x000000044b600000| Untracked 
| 240|0x000000044b800000, 0x000000044b800000, 0x000000044ba00000|  0%| F|  |TAMS 0x000000044b800000, 0x000000044b800000| Untracked 
| 241|0x000000044ba00000, 0x000000044ba00000, 0x000000044bc00000|  0%| F|  |TAMS 0x000000044ba00000, 0x000000044ba00000| Untracked 
| 242|0x000000044bc00000, 0x000000044bc00000, 0x000000044be00000|  0%| F|  |TAMS 0x000000044bc00000, 0x000000044bc00000| Untracked 
| 243|0x000000044be00000, 0x000000044be00000, 0x000000044c000000|  0%| F|  |TAMS 0x000000044be00000, 0x000000044be00000| Untracked 
| 244|0x000000044c000000, 0x000000044c000000, 0x000000044c200000|  0%| F|  |TAMS 0x000000044c000000, 0x000000044c000000| Untracked 
| 245|0x000000044c200000, 0x000000044c200000, 0x000000044c400000|  0%| F|  |TAMS 0x000000044c200000, 0x000000044c200000| Untracked 
| 246|0x000000044c400000, 0x000000044c400000, 0x000000044c600000|  0%| F|  |TAMS 0x000000044c400000, 0x000000044c400000| Untracked 
| 247|0x000000044c600000, 0x000000044c600000, 0x000000044c800000|  0%| F|  |TAMS 0x000000044c600000, 0x000000044c600000| Untracked 
| 248|0x000000044c800000, 0x000000044c800000, 0x000000044ca00000|  0%| F|  |TAMS 0x000000044c800000, 0x000000044c800000| Untracked 
| 249|0x000000044ca00000, 0x000000044cb00800, 0x000000044cc00000| 50%| E|  |TAMS 0x000000044ca00000, 0x000000044ca00000| Complete 
| 250|0x000000044cc00000, 0x000000044ce00000, 0x000000044ce00000|100%| E|CS|TAMS 0x000000044cc00000, 0x000000044cc00000| Complete 
| 251|0x000000044ce00000, 0x000000044d000000, 0x000000044d000000|100%| E|CS|TAMS 0x000000044ce00000, 0x000000044ce00000| Complete 
| 252|0x000000044d000000, 0x000000044d200000, 0x000000044d200000|100%| E|CS|TAMS 0x000000044d000000, 0x000000044d000000| Complete 
| 253|0x000000044d200000, 0x000000044d400000, 0x000000044d400000|100%| E|CS|TAMS 0x000000044d200000, 0x000000044d200000| Complete 
| 254|0x000000044d400000, 0x000000044d600000, 0x000000044d600000|100%| E|CS|TAMS 0x000000044d400000, 0x000000044d400000| Complete 
| 255|0x000000044d600000, 0x000000044d800000, 0x000000044d800000|100%| E|CS|TAMS 0x000000044d600000, 0x000000044d600000| Complete 
| 256|0x000000044d800000, 0x000000044da00000, 0x000000044da00000|100%| E|CS|TAMS 0x000000044d800000, 0x000000044d800000| Complete 
| 257|0x000000044da00000, 0x000000044dc00000, 0x000000044dc00000|100%| E|CS|TAMS 0x000000044da00000, 0x000000044da00000| Complete 
| 258|0x000000044dc00000, 0x000000044de00000, 0x000000044de00000|100%| E|CS|TAMS 0x000000044dc00000, 0x000000044dc00000| Complete 
| 259|0x000000044de00000, 0x000000044e000000, 0x000000044e000000|100%| E|CS|TAMS 0x000000044de00000, 0x000000044de00000| Complete 
| 260|0x000000044e000000, 0x000000044e200000, 0x000000044e200000|100%| E|CS|TAMS 0x000000044e000000, 0x000000044e000000| Complete 
| 261|0x000000044e200000, 0x000000044e400000, 0x000000044e400000|100%| E|CS|TAMS 0x000000044e200000, 0x000000044e200000| Complete 
| 262|0x000000044e400000, 0x000000044e600000, 0x000000044e600000|100%| E|CS|TAMS 0x000000044e400000, 0x000000044e400000| Complete 
| 263|0x000000044e600000, 0x000000044e800000, 0x000000044e800000|100%| E|CS|TAMS 0x000000044e600000, 0x000000044e600000| Complete 
| 264|0x000000044e800000, 0x000000044ea00000, 0x000000044ea00000|100%| E|CS|TAMS 0x000000044e800000, 0x000000044e800000| Complete 
| 265|0x000000044ea00000, 0x000000044ec00000, 0x000000044ec00000|100%| E|CS|TAMS 0x000000044ea00000, 0x000000044ea00000| Complete 
| 266|0x000000044ec00000, 0x000000044ee00000, 0x000000044ee00000|100%| E|CS|TAMS 0x000000044ec00000, 0x000000044ec00000| Complete 
| 267|0x000000044ee00000, 0x000000044f000000, 0x000000044f000000|100%| E|CS|TAMS 0x000000044ee00000, 0x000000044ee00000| Complete 
| 268|0x000000044f000000, 0x000000044f200000, 0x000000044f200000|100%| E|CS|TAMS 0x000000044f000000, 0x000000044f000000| Complete 
| 269|0x000000044f200000, 0x000000044f400000, 0x000000044f400000|100%| E|CS|TAMS 0x000000044f200000, 0x000000044f200000| Complete 
| 270|0x000000044f400000, 0x000000044f600000, 0x000000044f600000|100%| E|CS|TAMS 0x000000044f400000, 0x000000044f400000| Complete 
| 271|0x000000044f600000, 0x000000044f800000, 0x000000044f800000|100%| E|CS|TAMS 0x000000044f600000, 0x000000044f600000| Complete 
| 272|0x000000044f800000, 0x000000044fa00000, 0x000000044fa00000|100%| E|CS|TAMS 0x000000044f800000, 0x000000044f800000| Complete 
| 273|0x000000044fa00000, 0x000000044fc00000, 0x000000044fc00000|100%| E|CS|TAMS 0x000000044fa00000, 0x000000044fa00000| Complete 
| 274|0x000000044fc00000, 0x000000044fe00000, 0x000000044fe00000|100%| E|CS|TAMS 0x000000044fc00000, 0x000000044fc00000| Complete 
| 275|0x000000044fe00000, 0x0000000450000000, 0x0000000450000000|100%| E|CS|TAMS 0x000000044fe00000, 0x000000044fe00000| Complete 
| 276|0x0000000450000000, 0x0000000450200000, 0x0000000450200000|100%| E|CS|TAMS 0x0000000450000000, 0x0000000450000000| Complete 
| 277|0x0000000450200000, 0x0000000450400000, 0x0000000450400000|100%| E|CS|TAMS 0x0000000450200000, 0x0000000450200000| Complete 
| 278|0x0000000450400000, 0x0000000450600000, 0x0000000450600000|100%| E|CS|TAMS 0x0000000450400000, 0x0000000450400000| Complete 
| 279|0x0000000450600000, 0x0000000450800000, 0x0000000450800000|100%| E|CS|TAMS 0x0000000450600000, 0x0000000450600000| Complete 
| 280|0x0000000450800000, 0x0000000450a00000, 0x0000000450a00000|100%| E|CS|TAMS 0x0000000450800000, 0x0000000450800000| Complete 
| 281|0x0000000450a00000, 0x0000000450c00000, 0x0000000450c00000|100%| E|CS|TAMS 0x0000000450a00000, 0x0000000450a00000| Complete 
| 282|0x0000000450c00000, 0x0000000450e00000, 0x0000000450e00000|100%| E|CS|TAMS 0x0000000450c00000, 0x0000000450c00000| Complete 
| 283|0x0000000450e00000, 0x0000000451000000, 0x0000000451000000|100%| E|CS|TAMS 0x0000000450e00000, 0x0000000450e00000| Complete 
| 284|0x0000000451000000, 0x0000000451200000, 0x0000000451200000|100%| E|CS|TAMS 0x0000000451000000, 0x0000000451000000| Complete 
| 285|0x0000000451200000, 0x0000000451400000, 0x0000000451400000|100%| E|CS|TAMS 0x0000000451200000, 0x0000000451200000| Complete 
| 286|0x0000000451400000, 0x0000000451600000, 0x0000000451600000|100%| E|CS|TAMS 0x0000000451400000, 0x0000000451400000| Complete 
| 287|0x0000000451600000, 0x0000000451800000, 0x0000000451800000|100%| E|CS|TAMS 0x0000000451600000, 0x0000000451600000| Complete 
| 288|0x0000000451800000, 0x0000000451a00000, 0x0000000451a00000|100%| E|CS|TAMS 0x0000000451800000, 0x0000000451800000| Complete 
| 289|0x0000000451a00000, 0x0000000451c00000, 0x0000000451c00000|100%| E|CS|TAMS 0x0000000451a00000, 0x0000000451a00000| Complete 
| 290|0x0000000451c00000, 0x0000000451e00000, 0x0000000451e00000|100%| E|CS|TAMS 0x0000000451c00000, 0x0000000451c00000| Complete 
| 291|0x0000000451e00000, 0x0000000452000000, 0x0000000452000000|100%| E|CS|TAMS 0x0000000451e00000, 0x0000000451e00000| Complete 
| 292|0x0000000452000000, 0x0000000452200000, 0x0000000452200000|100%| E|CS|TAMS 0x0000000452000000, 0x0000000452000000| Complete 
| 293|0x0000000452200000, 0x0000000452400000, 0x0000000452400000|100%| E|CS|TAMS 0x0000000452200000, 0x0000000452200000| Complete 
| 294|0x0000000452400000, 0x0000000452600000, 0x0000000452600000|100%| E|CS|TAMS 0x0000000452400000, 0x0000000452400000| Complete 
| 295|0x0000000452600000, 0x0000000452800000, 0x0000000452800000|100%| E|CS|TAMS 0x0000000452600000, 0x0000000452600000| Complete 
| 296|0x0000000452800000, 0x0000000452a00000, 0x0000000452a00000|100%| E|CS|TAMS 0x0000000452800000, 0x0000000452800000| Complete 
| 297|0x0000000452a00000, 0x0000000452c00000, 0x0000000452c00000|100%| E|CS|TAMS 0x0000000452a00000, 0x0000000452a00000| Complete 
| 298|0x0000000452c00000, 0x0000000452e00000, 0x0000000452e00000|100%| E|CS|TAMS 0x0000000452c00000, 0x0000000452c00000| Complete 
| 299|0x0000000452e00000, 0x0000000453000000, 0x0000000453000000|100%| E|CS|TAMS 0x0000000452e00000, 0x0000000452e00000| Complete 
| 300|0x0000000453000000, 0x0000000453200000, 0x0000000453200000|100%| E|CS|TAMS 0x0000000453000000, 0x0000000453000000| Complete 
| 301|0x0000000453200000, 0x0000000453400000, 0x0000000453400000|100%| E|CS|TAMS 0x0000000453200000, 0x0000000453200000| Complete 
| 302|0x0000000453400000, 0x0000000453600000, 0x0000000453600000|100%| E|CS|TAMS 0x0000000453400000, 0x0000000453400000| Complete 
| 303|0x0000000453600000, 0x0000000453800000, 0x0000000453800000|100%| E|CS|TAMS 0x0000000453600000, 0x0000000453600000| Complete 
| 304|0x0000000453800000, 0x0000000453a00000, 0x0000000453a00000|100%| E|CS|TAMS 0x0000000453800000, 0x0000000453800000| Complete 

Card table byte_map: [0x000001e5fe910000,0x000001e5ff8f0000] _byte_map_base: 0x000001e5fc7a4000

Marking Bits (Prev, Next): (CMBitMap*) 0x000001e5e5f5c1c0, (CMBitMap*) 0x000001e5e5f5c188
 Prev Bits: [0x000001e588ed0000, 0x000001e590dc0000)
 Next Bits: [0x000001e580fe0000, 0x000001e588ed0000)

Polling page: 0x000001e5e3e70000

Metaspace:

Usage:
  Non-class:     26.32 MB capacity,    26.09 MB (>99%) used,   195.26 KB ( <1%) free+waste,    42.56 KB ( <1%) overhead. 
      Class:      3.21 MB capacity,     3.10 MB ( 97%) used,    92.31 KB (  3%) free+waste,    16.31 KB ( <1%) overhead. 
       Both:     29.53 MB capacity,    29.19 MB ( 99%) used,   287.57 KB ( <1%) free+waste,    58.88 KB ( <1%) overhead. 

Virtual space:
  Non-class space:       28.00 MB reserved,      26.50 MB ( 95%) committed 
      Class space:        1.00 GB reserved,       3.25 MB ( <1%) committed 
             Both:        1.03 GB reserved,      29.75 MB (  3%) committed 

Chunk freelists:
   Non-Class:  57.00 KB
       Class:  8.00 KB
        Both:  65.00 KB

MaxMetaspaceSize: 17179869184.00 GB
CompressedClassSpaceSize: 1.00 GB
Initial GC threshold: 20.80 MB
Current GC threshold: 35.00 MB
CDS: off

CodeHeap 'non-profiled nmethods': size=120000Kb used=3992Kb max_used=3992Kb free=116007Kb
 bounds [0x000001e5f60c0000, 0x000001e5f64b0000, 0x000001e5fd5f0000]
CodeHeap 'profiled nmethods': size=120000Kb used=12352Kb max_used=12352Kb free=107647Kb
 bounds [0x000001e5eeb90000, 0x000001e5ef7b0000, 0x000001e5f60c0000]
CodeHeap 'non-nmethods': size=5760Kb used=1351Kb max_used=1417Kb free=4408Kb
 bounds [0x000001e5ee5f0000, 0x000001e5ee860000, 0x000001e5eeb90000]
 total_blobs=6228 nmethods=5583 adapters=557
 compilation: enabled
              stopped_count=0, restarted_count=0
 full_count=0

Compilation events (20 events):
Event: 64.185 Thread 0x000001e5d3c92000 5582       3       org.uqbar.project.wollok.interpreter.operation.WollokDeclarativeNativeBasicOperations::identityOperation (94 bytes)
Event: 64.185 Thread 0x000001e5d3c92000 nmethod 5582 0x000001e5ef79aa90 code [0x000001e5ef79ad20, 0x000001e5ef79bcb8]
Event: 64.417 Thread 0x000001e5d3c92000 5583       3       wollok.lang.WNumber::toString (5 bytes)
Event: 64.417 Thread 0x000001e5d3c92000 nmethod 5583 0x000001e5ef79c090 code [0x000001e5ef79c280, 0x000001e5ef79c6d8]
Event: 64.417 Thread 0x000001e5d3c92000 5584       3       wollok.lang.WNumber::stringValue (11 bytes)
Event: 64.417 Thread 0x000001e5d3c92000 nmethod 5584 0x000001e5ef79c890 code [0x000001e5ef79caa0, 0x000001e5ef79d038]
Event: 64.417 Thread 0x000001e5d3c92000 5585       3       wollok.lang.WNumber::module (26 bytes)
Event: 64.418 Thread 0x000001e5d3c92000 nmethod 5585 0x000001e5ef79d210 code [0x000001e5ef79d480, 0x000001e5ef79dce8]
Event: 64.418 Thread 0x000001e5d3c92000 5586       3       wollok.lang.WNumber$6::<init> (10 bytes)
Event: 64.418 Thread 0x000001e5d3c92000 nmethod 5586 0x000001e5ef79e110 code [0x000001e5ef79e2c0, 0x000001e5ef79e478]
Event: 64.550 Thread 0x000001e5d3c89800 5587       4       java.util.regex.Pattern$BmpCharProperty::match (55 bytes)
Event: 64.551 Thread 0x000001e5d3c92000 5588       3       wollok.lang.WNumber::wollokEquals (32 bytes)
Event: 64.551 Thread 0x000001e5d3c92000 nmethod 5588 0x000001e5ef79e590 code [0x000001e5ef79e800, 0x000001e5ef79f3c8]
Event: 64.552 Thread 0x000001e5d3c89800 nmethod 5587 0x000001e5f64a5a10 code [0x000001e5f64a5bc0, 0x000001e5f64a5df8]
Event: 67.670 Thread 0x000001e5d3c92000 5589       3       java.nio.ByteBuffer::array (35 bytes)
Event: 67.670 Thread 0x000001e5d3c92000 nmethod 5589 0x000001e5ef79f790 code [0x000001e5ef79f960, 0x000001e5ef79fc38]
Event: 67.670 Thread 0x000001e5d3c89800 5591       4       java.nio.charset.CoderResult::isUnderflow (13 bytes)
Event: 67.670 Thread 0x000001e5d3c92000 5590       3       java.nio.ByteBuffer::hasArray (20 bytes)
Event: 67.671 Thread 0x000001e5d3c92000 nmethod 5590 0x000001e5ef79fd90 code [0x000001e5ef79ff40, 0x000001e5ef7a00d8]
Event: 67.671 Thread 0x000001e5d3c89800 nmethod 5591 0x000001e5f64a6090 code [0x000001e5f64a6220, 0x000001e5f64a6298]

GC Heap History (20 events):
Event: 1.104 GC heap before
{Heap before GC invocations=3 (full 0):
 garbage-first heap   total 520192K, used 32511K [0x000000042d800000, 0x0000000629400000)
  region size 2048K, 11 young (22528K), 2 survivors (4096K)
 Metaspace       used 20963K, capacity 21124K, committed 21248K, reserved 1069056K
  class space    used 2406K, capacity 2465K, committed 2560K, reserved 1048576K
}
Event: 1.109 GC heap after
{Heap after GC invocations=4 (full 0):
 garbage-first heap   total 520192K, used 17782K [0x000000042d800000, 0x0000000629400000)
  region size 2048K, 3 young (6144K), 3 survivors (6144K)
 Metaspace       used 20963K, capacity 21124K, committed 21248K, reserved 1069056K
  class space    used 2406K, capacity 2465K, committed 2560K, reserved 1048576K
}
Event: 2.133 GC heap before
{Heap before GC invocations=5 (full 0):
 garbage-first heap   total 520192K, used 107894K [0x000000042d800000, 0x0000000629400000)
  region size 2048K, 47 young (96256K), 3 survivors (6144K)
 Metaspace       used 25904K, capacity 26246K, committed 26368K, reserved 1073152K
  class space    used 2915K, capacity 3002K, committed 3072K, reserved 1048576K
}
Event: 2.142 GC heap after
{Heap after GC invocations=6 (full 0):
 garbage-first heap   total 624640K, used 22612K [0x000000042d800000, 0x0000000629400000)
  region size 2048K, 5 young (10240K), 5 survivors (10240K)
 Metaspace       used 25904K, capacity 26246K, committed 26368K, reserved 1073152K
  class space    used 2915K, capacity 3002K, committed 3072K, reserved 1048576K
}
Event: 5.315 GC heap before
{Heap before GC invocations=6 (full 0):
 garbage-first heap   total 624640K, used 145492K [0x000000042d800000, 0x0000000629400000)
  region size 2048K, 65 young (133120K), 5 survivors (10240K)
 Metaspace       used 29383K, capacity 29722K, committed 29952K, reserved 1075200K
  class space    used 3165K, capacity 3274K, committed 3328K, reserved 1048576K
}
Event: 5.321 GC heap after
{Heap after GC invocations=7 (full 0):
 garbage-first heap   total 624640K, used 23517K [0x000000042d800000, 0x0000000629400000)
  region size 2048K, 4 young (8192K), 4 survivors (8192K)
 Metaspace       used 29383K, capacity 29722K, committed 29952K, reserved 1075200K
  class space    used 3165K, capacity 3274K, committed 3328K, reserved 1048576K
}
Event: 8.764 GC heap before
{Heap before GC invocations=7 (full 0):
 garbage-first heap   total 624640K, used 193501K [0x000000042d800000, 0x0000000629400000)
  region size 2048K, 87 young (178176K), 4 survivors (8192K)
 Metaspace       used 29437K, capacity 29788K, committed 29952K, reserved 1075200K
  class space    used 3165K, capacity 3274K, committed 3328K, reserved 1048576K
}
Event: 8.768 GC heap after
{Heap after GC invocations=8 (full 0):
 garbage-first heap   total 624640K, used 23722K [0x000000042d800000, 0x0000000629400000)
  region size 2048K, 4 young (8192K), 4 survivors (8192K)
 Metaspace       used 29437K, capacity 29788K, committed 29952K, reserved 1075200K
  class space    used 3165K, capacity 3274K, committed 3328K, reserved 1048576K
}
Event: 13.898 GC heap before
{Heap before GC invocations=8 (full 0):
 garbage-first heap   total 624640K, used 275626K [0x000000042d800000, 0x0000000629400000)
  region size 2048K, 127 young (260096K), 4 survivors (8192K)
 Metaspace       used 29490K, capacity 29852K, committed 30208K, reserved 1077248K
  class space    used 3165K, capacity 3274K, committed 3328K, reserved 1048576K
}
Event: 13.904 GC heap after
{Heap after GC invocations=9 (full 0):
 garbage-first heap   total 624640K, used 23337K [0x000000042d800000, 0x0000000629400000)
  region size 2048K, 4 young (8192K), 4 survivors (8192K)
 Metaspace       used 29490K, capacity 29852K, committed 30208K, reserved 1077248K
  class space    used 3165K, capacity 3274K, committed 3328K, reserved 1048576K
}
Event: 24.246 GC heap before
{Heap before GC invocations=9 (full 0):
 garbage-first heap   total 624640K, used 371497K [0x000000042d800000, 0x0000000629400000)
  region size 2048K, 174 young (356352K), 4 survivors (8192K)
 Metaspace       used 29575K, capacity 29928K, committed 30208K, reserved 1077248K
  class space    used 3168K, capacity 3277K, committed 3328K, reserved 1048576K
}
Event: 24.253 GC heap after
{Heap after GC invocations=10 (full 0):
 garbage-first heap   total 624640K, used 23568K [0x000000042d800000, 0x0000000629400000)
  region size 2048K, 4 young (8192K), 4 survivors (8192K)
 Metaspace       used 29575K, capacity 29928K, committed 30208K, reserved 1077248K
  class space    used 3168K, capacity 3277K, committed 3328K, reserved 1048576K
}
Event: 33.779 GC heap before
{Heap before GC invocations=10 (full 0):
 garbage-first heap   total 624640K, used 390160K [0x000000042d800000, 0x0000000629400000)
  region size 2048K, 183 young (374784K), 4 survivors (8192K)
 Metaspace       used 29735K, capacity 30074K, committed 30208K, reserved 1077248K
  class space    used 3172K, capacity 3281K, committed 3328K, reserved 1048576K
}
Event: 33.786 GC heap after
{Heap after GC invocations=11 (full 0):
 garbage-first heap   total 624640K, used 23678K [0x000000042d800000, 0x0000000629400000)
  region size 2048K, 4 young (8192K), 4 survivors (8192K)
 Metaspace       used 29735K, capacity 30074K, committed 30208K, reserved 1077248K
  class space    used 3172K, capacity 3281K, committed 3328K, reserved 1048576K
}
Event: 40.187 GC heap before
{Heap before GC invocations=11 (full 0):
 garbage-first heap   total 624640K, used 390270K [0x000000042d800000, 0x0000000629400000)
  region size 2048K, 183 young (374784K), 4 survivors (8192K)
 Metaspace       used 29804K, capacity 30173K, committed 30464K, reserved 1077248K
  class space    used 3177K, capacity 3288K, committed 3328K, reserved 1048576K
}
Event: 40.192 GC heap after
{Heap after GC invocations=12 (full 0):
 garbage-first heap   total 624640K, used 23779K [0x000000042d800000, 0x0000000629400000)
  region size 2048K, 4 young (8192K), 4 survivors (8192K)
 Metaspace       used 29804K, capacity 30173K, committed 30464K, reserved 1077248K
  class space    used 3177K, capacity 3288K, committed 3328K, reserved 1048576K
}
Event: 48.436 GC heap before
{Heap before GC invocations=12 (full 0):
 garbage-first heap   total 624640K, used 390371K [0x000000042d800000, 0x0000000629400000)
  region size 2048K, 183 young (374784K), 4 survivors (8192K)
 Metaspace       used 29845K, capacity 30238K, committed 30464K, reserved 1077248K
  class space    used 3177K, capacity 3288K, committed 3328K, reserved 1048576K
}
Event: 48.441 GC heap after
{Heap after GC invocations=13 (full 0):
 garbage-first heap   total 624640K, used 23807K [0x000000042d800000, 0x0000000629400000)
  region size 2048K, 4 young (8192K), 4 survivors (8192K)
 Metaspace       used 29845K, capacity 30238K, committed 30464K, reserved 1077248K
  class space    used 3177K, capacity 3288K, committed 3328K, reserved 1048576K
}
Event: 63.709 GC heap before
{Heap before GC invocations=13 (full 0):
 garbage-first heap   total 624640K, used 390399K [0x000000042d800000, 0x0000000629400000)
  region size 2048K, 183 young (374784K), 4 survivors (8192K)
 Metaspace       used 29871K, capacity 30239K, committed 30464K, reserved 1077248K
  class space    used 3177K, capacity 3288K, committed 3328K, reserved 1048576K
}
Event: 63.714 GC heap after
{Heap after GC invocations=14 (full 0):
 garbage-first heap   total 624640K, used 23715K [0x000000042d800000, 0x0000000629400000)
  region size 2048K, 4 young (8192K), 4 survivors (8192K)
 Metaspace       used 29871K, capacity 30239K, committed 30464K, reserved 1077248K
  class space    used 3177K, capacity 3288K, committed 3328K, reserved 1048576K
}

Deoptimization events (20 events):
Event: 67.619 Thread 0x000001e5d41fd000 Uncommon trap: trap_request=0xfffffff4 fr.pc=0x000001e5f645a650 relative=0x00000000000011b0
Event: 67.619 Thread 0x000001e5d41fd000 Uncommon trap: reason=null_check action=make_not_entrant pc=0x000001e5f645a650 method=org.uqbar.project.wollok.interpreter.core.WollokObject.resolveProperty(Ljava/lang/String;[Lorg/uqbar/project/wollok/interpreter/core/WollokObject;)Lorg/uqbar/project/wol
Event: 67.619 Thread 0x000001e5d41fd000 DEOPT PACKING pc=0x000001e5f645a650 sp=0x000000065b1fde60
Event: 67.619 Thread 0x000001e5d41fd000 DEOPT UNPACKING pc=0x000001e5ee5f85af sp=0x000000065b1fdd90 mode 2
Event: 67.620 Thread 0x000001e5d41fd000 Uncommon trap: trap_request=0xfffffff4 fr.pc=0x000001e5f63e5554 relative=0x0000000000000cd4
Event: 67.620 Thread 0x000001e5d41fd000 Uncommon trap: reason=null_check action=make_not_entrant pc=0x000001e5f63e5554 method=org.uqbar.project.wollok.interpreter.core.WollokObject.getVariableValue(Ljava/lang/String;)Lorg/uqbar/project/wollok/interpreter/core/WollokObject; @ 12 c2
Event: 67.620 Thread 0x000001e5d41fd000 DEOPT PACKING pc=0x000001e5f63e5554 sp=0x000000065b1fd340
Event: 67.620 Thread 0x000001e5d41fd000 DEOPT UNPACKING pc=0x000001e5ee5f85af sp=0x000000065b1fd260 mode 2
Event: 67.621 Thread 0x000001e5d41fd000 Uncommon trap: trap_request=0xfffffff4 fr.pc=0x000001e5f6330e80 relative=0x00000000000005a0
Event: 67.621 Thread 0x000001e5d41fd000 Uncommon trap: reason=null_check action=make_not_entrant pc=0x000001e5f6330e80 method=org.uqbar.project.wollok.interpreter.core.WollokObject.getVariableValue(Ljava/lang/String;)Lorg/uqbar/project/wollok/interpreter/core/WollokObject; @ 12 c2
Event: 67.621 Thread 0x000001e5d41fd000 DEOPT PACKING pc=0x000001e5f6330e80 sp=0x000000065b1fec40
Event: 67.621 Thread 0x000001e5d41fd000 DEOPT UNPACKING pc=0x000001e5ee5f85af sp=0x000000065b1febf8 mode 2
Event: 67.621 Thread 0x000001e5d41fd000 Uncommon trap: trap_request=0xfffffff6 fr.pc=0x000001e5f63e9308 relative=0x00000000000016c8
Event: 67.621 Thread 0x000001e5d41fd000 Uncommon trap: reason=null_check action=maybe_recompile pc=0x000001e5f63e9308 method=org.uqbar.project.wollok.game.WPosition.<init>(Lorg/uqbar/project/wollok/interpreter/core/WollokObject;)V @ 10 c2
Event: 67.621 Thread 0x000001e5d41fd000 DEOPT PACKING pc=0x000001e5f63e9308 sp=0x000000065b1feea0
Event: 67.621 Thread 0x000001e5d41fd000 DEOPT UNPACKING pc=0x000001e5ee5f85af sp=0x000000065b1feb58 mode 2
Event: 67.668 Thread 0x000001e5d41fd000 Uncommon trap: trap_request=0xffffff4d fr.pc=0x000001e5f632fb44 relative=0x0000000000000284
Event: 67.668 Thread 0x000001e5d41fd000 Uncommon trap: reason=unstable_if action=reinterpret pc=0x000001e5f632fb44 method=java.util.HashMap$HashIterator.<init>(Ljava/util/HashMap;)V @ 45 c2
Event: 67.668 Thread 0x000001e5d41fd000 DEOPT PACKING pc=0x000001e5f632fb44 sp=0x000000065b1fef60
Event: 67.669 Thread 0x000001e5d41fd000 DEOPT UNPACKING pc=0x000001e5ee5f85af sp=0x000000065b1fee50 mode 2

Classes redefined (0 events):
No events

Internal exceptions (20 events):
Event: 1.453 Thread 0x000001e5e5ed3800 Exception <a 'java/io/FileNotFoundException'{0x000000044c319fd8}> (0x000000044c319fd8) thrown at [./src/hotspot/share/prims/jni.cpp, line 615]
Event: 1.666 Thread 0x000001e5e5ed3800 Exception <a 'java/lang/reflect/InvocationTargetException'{0x000000044ad43c18}> (0x000000044ad43c18) thrown at [./src/hotspot/share/runtime/reflection.cpp, line 1247]
Event: 1.667 Thread 0x000001e5e5ed3800 Exception <a 'java/lang/reflect/InvocationTargetException'{0x000000044ad60540}> (0x000000044ad60540) thrown at [./src/hotspot/share/runtime/reflection.cpp, line 1247]
Event: 1.668 Thread 0x000001e5e5ed3800 Exception <a 'java/lang/reflect/InvocationTargetException'{0x000000044ad7ce70}> (0x000000044ad7ce70) thrown at [./src/hotspot/share/runtime/reflection.cpp, line 1247]
Event: 2.219 Thread 0x000001e5e5ed3800 Exception <a 'java/lang/NoSuchMethodError'{0x0000000452e354a0}: 'java.lang.Object java.lang.invoke.DirectMethodHandle$Holder.invokeStaticInit(java.lang.Object, int, int, int, int)'> (0x0000000452e354a0) thrown at [./src/hotspot/share/interpreter/linkResolver.cpp, line 773]
Event: 2.305 Thread 0x000001e5e5ed3800 Exception <a 'java/lang/NoSuchMethodError'{0x0000000452e5b3f0}: 'java.lang.Object java.lang.invoke.DirectMethodHandle$Holder.invokeStaticInit(java.lang.Object, java.lang.Object, int, int, int, int)'> (0x0000000452e5b3f0) thrown at [./src/hotspot/share/interpreter/linkResolver.cpp, line 773]
Event: 2.318 Thread 0x000001e5e5ed3800 Exception <a 'java/security/PrivilegedActionException'{0x0000000452f131d0}> (0x0000000452f131d0) thrown at [./src/hotspot/share/prims/jvm.cpp, line 1306]
Event: 2.319 Thread 0x000001e5e5ed3800 Exception <a 'java/security/PrivilegedActionException'{0x0000000452f14918}> (0x0000000452f14918) thrown at [./src/hotspot/share/prims/jvm.cpp, line 1306]
Event: 2.319 Thread 0x000001e5e5ed3800 Exception <a 'java/security/PrivilegedActionException'{0x0000000452f15f80}> (0x0000000452f15f80) thrown at [./src/hotspot/share/prims/jvm.cpp, line 1306]
Event: 2.320 Thread 0x000001e5e5ed3800 Exception <a 'java/security/PrivilegedActionException'{0x0000000452f22978}> (0x0000000452f22978) thrown at [./src/hotspot/share/prims/jvm.cpp, line 1306]
Event: 2.320 Thread 0x000001e5e5ed3800 Exception <a 'java/security/PrivilegedActionException'{0x0000000452f23fd8}> (0x0000000452f23fd8) thrown at [./src/hotspot/share/prims/jvm.cpp, line 1306]
Event: 2.320 Thread 0x000001e5e5ed3800 Exception <a 'java/security/PrivilegedActionException'{0x0000000452f255f8}> (0x0000000452f255f8) thrown at [./src/hotspot/share/prims/jvm.cpp, line 1306]
Event: 3.229 Thread 0x000001e5d41fd000 Exception <a 'java/lang/NoSuchMethodError'{0x0000000452974c38}: 'int java.lang.invoke.DirectMethodHandle$Holder.invokeSpecialIFC(java.lang.Object, java.lang.Object, int)'> (0x0000000452974c38) thrown at [./src/hotspot/share/interpreter/linkResolver.cpp, line 773]
Event: 18.405 Thread 0x000001e5d41fd000 Implicit null exception at 0x000001e5f6388926 to 0x000001e5f63898f8
Event: 19.419 Thread 0x000001e5d41fd000 Implicit null exception at 0x000001e5f637535e to 0x000001e5f63756b8
Event: 21.577 Thread 0x000001e5d41fd000 Implicit null exception at 0x000001e5f63e3061 to 0x000001e5f63e33fc
Event: 67.619 Thread 0x000001e5d41fd000 Implicit null exception at 0x000001e5f6459d5c to 0x000001e5f645a640
Event: 67.620 Thread 0x000001e5d41fd000 Implicit null exception at 0x000001e5f63e525b to 0x000001e5f63e553d
Event: 67.621 Thread 0x000001e5d41fd000 Implicit null exception at 0x000001e5f6330b3b to 0x000001e5f6330e68
Event: 67.621 Thread 0x000001e5d41fd000 Implicit null exception at 0x000001e5f63e7ff2 to 0x000001e5f63e92f8

Events (20 events):
Event: 67.671 Executing VM operation: RevokeBias done
Event: 67.671 Executing VM operation: RevokeBias
Event: 67.671 Executing VM operation: RevokeBias done
Event: 67.671 Executing VM operation: RevokeBias
Event: 67.671 Executing VM operation: RevokeBias done
Event: 67.671 Executing VM operation: RevokeBias
Event: 67.671 Executing VM operation: RevokeBias done
Event: 67.672 Thread 0x000001e5d42be000 Thread added: 0x000001e5d42be000
Event: 67.672 Thread 0x000001e5d42be800 Thread added: 0x000001e5d42be800
Event: 67.672 Executing VM operation: RevokeBias
Event: 67.672 Executing VM operation: RevokeBias done
Event: 67.672 Executing VM operation: RevokeBias
Event: 67.672 Executing VM operation: RevokeBias done
Event: 67.673 Executing VM operation: RevokeBias
Event: 67.673 Executing VM operation: RevokeBias done
Event: 67.673 Executing VM operation: RevokeBias
Event: 67.673 Executing VM operation: RevokeBias done
Event: 67.673 Thread 0x000001e5d42be800 Thread exited: 0x000001e5d42be800
Event: 67.691 Thread 0x000001e5d42be000 Thread exited: 0x000001e5d42be000
Event: 67.691 Executing VM operation: Exit


Dynamic libraries:
0x00007ff642020000 - 0x00007ff64202d000 	C:\Program Files\Eclipse Foundation\jdk-11.0.12.7-hotspot\bin\javaw.exe
0x00007ffd6e2b0000 - 0x00007ffd6e4a5000 	C:\Windows\SYSTEM32\ntdll.dll
0x00007ffd6c500000 - 0x00007ffd6c5be000 	C:\Windows\System32\KERNEL32.DLL
0x00007ffd6c000000 - 0x00007ffd6c2c8000 	C:\Windows\System32\KERNELBASE.dll
0x00007ffd6bda0000 - 0x00007ffd6bea0000 	C:\Windows\System32\ucrtbase.dll
0x00007ffd63650000 - 0x00007ffd63665000 	C:\Program Files\Eclipse Foundation\jdk-11.0.12.7-hotspot\bin\VCRUNTIME140.dll
0x00007ffd61050000 - 0x00007ffd61067000 	C:\Program Files\Eclipse Foundation\jdk-11.0.12.7-hotspot\bin\jli.dll
0x00007ffd6da00000 - 0x00007ffd6dba1000 	C:\Windows\System32\USER32.dll
0x00007ffd6bd20000 - 0x00007ffd6bd42000 	C:\Windows\System32\win32u.dll
0x00007ffd6df90000 - 0x00007ffd6dfbb000 	C:\Windows\System32\GDI32.dll
0x00007ffd598b0000 - 0x00007ffd59b4a000 	C:\Windows\WinSxS\amd64_microsoft.windows.common-controls_6595b64144ccf1df_6.0.19041.1110_none_60b5254171f9507e\COMCTL32.dll
0x00007ffd6b9d0000 - 0x00007ffd6badb000 	C:\Windows\System32\gdi32full.dll
0x00007ffd6dbb0000 - 0x00007ffd6dc4e000 	C:\Windows\System32\msvcrt.dll
0x00007ffd6bae0000 - 0x00007ffd6bb7d000 	C:\Windows\System32\msvcp_win.dll
0x00007ffd6c5c0000 - 0x00007ffd6c5f0000 	C:\Windows\System32\IMM32.DLL
0x00007ffd58c50000 - 0x00007ffd58ceb000 	C:\Program Files\Eclipse Foundation\jdk-11.0.12.7-hotspot\bin\msvcp140.dll
0x00007ffd05eb0000 - 0x00007ffd06a09000 	C:\Program Files\Eclipse Foundation\jdk-11.0.12.7-hotspot\bin\server\jvm.dll
0x00007ffd6dfc0000 - 0x00007ffd6e06c000 	C:\Windows\System32\ADVAPI32.dll
0x00007ffd6d2d0000 - 0x00007ffd6d36b000 	C:\Windows\System32\sechost.dll
0x00007ffd6d8c0000 - 0x00007ffd6d9ea000 	C:\Windows\System32\RPCRT4.dll
0x00007ffd6d9f0000 - 0x00007ffd6d9f8000 	C:\Windows\System32\PSAPI.DLL
0x00007ffd60ff0000 - 0x00007ffd60ff9000 	C:\Windows\SYSTEM32\WSOCK32.dll
0x00007ffd5eb60000 - 0x00007ffd5eb6a000 	C:\Windows\SYSTEM32\VERSION.dll
0x00007ffd47c10000 - 0x00007ffd47c37000 	C:\Windows\SYSTEM32\WINMM.dll
0x00007ffd6e120000 - 0x00007ffd6e18b000 	C:\Windows\System32\WS2_32.dll
0x00007ffd6a250000 - 0x00007ffd6a262000 	C:\Windows\SYSTEM32\kernel.appcore.dll
0x00007ffd60fe0000 - 0x00007ffd60ff0000 	C:\Program Files\Eclipse Foundation\jdk-11.0.12.7-hotspot\bin\verify.dll
0x00007ffd69da0000 - 0x00007ffd69f84000 	C:\Windows\SYSTEM32\DBGHELP.DLL
0x00007ffd4d290000 - 0x00007ffd4d2bc000 	C:\Windows\SYSTEM32\dbgcore.DLL
0x00007ffd6bbe0000 - 0x00007ffd6bc63000 	C:\Windows\System32\bcryptPrimitives.dll
0x00007ffd5be90000 - 0x00007ffd5beb8000 	C:\Program Files\Eclipse Foundation\jdk-11.0.12.7-hotspot\bin\java.dll
0x00007ffd5f4e0000 - 0x00007ffd5f4ea000 	C:\Program Files\Eclipse Foundation\jdk-11.0.12.7-hotspot\bin\jimage.dll
0x00007ffd5e7e0000 - 0x00007ffd5e7f7000 	C:\Program Files\Eclipse Foundation\jdk-11.0.12.7-hotspot\bin\zip.dll
0x00007ffd6cb70000 - 0x00007ffd6d2af000 	C:\Windows\System32\SHELL32.dll
0x00007ffd69550000 - 0x00007ffd69ce0000 	C:\Windows\SYSTEM32\windows.storage.dll
0x00007ffd6d500000 - 0x00007ffd6d855000 	C:\Windows\System32\combase.dll
0x00007ffd6b420000 - 0x00007ffd6b44e000 	C:\Windows\SYSTEM32\Wldp.dll
0x00007ffd6e070000 - 0x00007ffd6e11d000 	C:\Windows\System32\SHCORE.dll
0x00007ffd6df30000 - 0x00007ffd6df85000 	C:\Windows\System32\shlwapi.dll
0x00007ffd6b910000 - 0x00007ffd6b92f000 	C:\Windows\SYSTEM32\profapi.dll
0x00007ffd5bdf0000 - 0x00007ffd5be09000 	C:\Program Files\Eclipse Foundation\jdk-11.0.12.7-hotspot\bin\net.dll
0x00007ffd62620000 - 0x00007ffd6272c000 	C:\Windows\SYSTEM32\WINHTTP.dll
0x00007ffd6b180000 - 0x00007ffd6b1ea000 	C:\Windows\system32\mswsock.dll
0x00007ffd5b3c0000 - 0x00007ffd5b3d2000 	C:\Program Files\Eclipse Foundation\jdk-11.0.12.7-hotspot\bin\nio.dll
0x0000000065580000 - 0x0000000065616000 	C:\Users\bucky\AppData\Local\Temp\libgdxbucky\12dfaa03\gdx64.dll
0x00007ffd6b380000 - 0x00007ffd6b398000 	C:\Windows\SYSTEM32\CRYPTSP.dll
0x00007ffd6aa90000 - 0x00007ffd6aac4000 	C:\Windows\system32\rsaenh.dll
0x00007ffd6c2d0000 - 0x00007ffd6c2f7000 	C:\Windows\System32\bcrypt.dll
0x00007ffd6b8d0000 - 0x00007ffd6b8fe000 	C:\Windows\SYSTEM32\USERENV.dll
0x00007ffd6b370000 - 0x00007ffd6b37c000 	C:\Windows\SYSTEM32\CRYPTBASE.dll
0x00007ffd6ae20000 - 0x00007ffd6ae5b000 	C:\Windows\SYSTEM32\IPHLPAPI.DLL
0x00007ffd6cad0000 - 0x00007ffd6cad8000 	C:\Windows\System32\NSI.dll
0x00007ffd5de10000 - 0x00007ffd5de27000 	C:\Windows\SYSTEM32\dhcpcsvc6.DLL
0x00007ffd5e890000 - 0x00007ffd5e8ad000 	C:\Windows\SYSTEM32\dhcpcsvc.DLL
0x00007ffd6ae60000 - 0x00007ffd6af2b000 	C:\Windows\SYSTEM32\DNSAPI.dll
0x0000000180000000 - 0x0000000180053000 	C:\Users\bucky\AppData\Local\Temp\libgdxbucky\dc0f0009\lwjgl64.dll
0x00007ffd3ef10000 - 0x00007ffd3f035000 	C:\Windows\SYSTEM32\OPENGL32.dll
0x00007ffd5aef0000 - 0x00007ffd5af1c000 	C:\Windows\SYSTEM32\GLU32.dll
0x000001e5d8740000 - 0x000001e5d87a4000 	C:\Users\bucky\AppData\Local\Temp\libgdxbucky\dc0f0009\OpenAL64.dll
0x00007ffd6de00000 - 0x00007ffd6df2a000 	C:\Windows\System32\ole32.dll
0x00007ffd68d70000 - 0x00007ffd68e0e000 	C:\Windows\system32\uxtheme.dll
0x00007ffd6c300000 - 0x00007ffd6c3a9000 	C:\Windows\System32\clbcatq.dll
0x00007ffd34ca0000 - 0x00007ffd34d3c000 	C:\Windows\SYSTEM32\dsound.dll
0x00007ffd4fa00000 - 0x00007ffd4fa26000 	C:\Windows\SYSTEM32\winmmbase.dll
0x00007ffd6af90000 - 0x00007ffd6afdb000 	C:\Windows\SYSTEM32\powrprof.dll
0x00007ffd6ae00000 - 0x00007ffd6ae12000 	C:\Windows\SYSTEM32\UMPDC.dll
0x00007ffd61e20000 - 0x00007ffd61ea5000 	C:\Windows\System32\MMDevApi.dll
0x00007ffd6b770000 - 0x00007ffd6b7a4000 	C:\Windows\System32\DEVOBJ.dll
0x00007ffd6bd50000 - 0x00007ffd6bd9e000 	C:\Windows\System32\cfgmgr32.dll
0x00007ffd62100000 - 0x00007ffd62281000 	C:\Windows\SYSTEM32\AUDIOSES.DLL
0x00007ffd6c3b0000 - 0x00007ffd6c47d000 	C:\Windows\System32\OLEAUT32.dll
0x00007ffd68e80000 - 0x00007ffd68e94000 	C:\Windows\SYSTEM32\resourcepolicyclient.dll
0x00007ffd61540000 - 0x00007ffd615ee000 	C:\Windows\SYSTEM32\mscms.dll
0x00007ffd61520000 - 0x00007ffd61531000 	C:\Windows\SYSTEM32\ColorAdapterClient.dll
0x00007ffd6d370000 - 0x00007ffd6d485000 	C:\Windows\System32\MSCTF.dll
0x00007ffcef8a0000 - 0x00007ffcf0869000 	C:\Windows\System32\DriverStore\FileRepository\iigd_dch.inf_amd64_917dbb43ab78217f\igxelpicd64.dll
0x00007ffd68f80000 - 0x00007ffd68faf000 	C:\Windows\system32\dwmapi.dll
0x00007ffd6a2c0000 - 0x00007ffd6a3b4000 	C:\Windows\system32\dxgi.dll
0x00007ffd05a70000 - 0x00007ffd05eac000 	C:\Windows\System32\DriverStore\FileRepository\iigd_dch.inf_amd64_917dbb43ab78217f\igdml64.dll
0x00007ffd5c030000 - 0x00007ffd5c3e8000 	C:\Windows\System32\DriverStore\FileRepository\iigd_dch.inf_amd64_917dbb43ab78217f\igdgmm64.dll
0x00007ffd58360000 - 0x00007ffd58459000 	C:\Windows\SYSTEM32\textinputframework.dll
0x00007ffd64d70000 - 0x00007ffd650ce000 	C:\Windows\System32\CoreUIComponents.dll
0x00007ffd652b0000 - 0x00007ffd653a2000 	C:\Windows\System32\CoreMessaging.dll
0x00007ffd6a6c0000 - 0x00007ffd6a6f3000 	C:\Windows\SYSTEM32\ntmarta.dll
0x00007ffd646a0000 - 0x00007ffd647f4000 	C:\Windows\SYSTEM32\wintypes.dll
0x00007ffd5f450000 - 0x00007ffd5f493000 	C:\Windows\SYSTEM32\icm32.dll
0x00007ffd554f0000 - 0x00007ffd58298000 	C:\Windows\System32\DriverStore\FileRepository\iigd_dch.inf_amd64_917dbb43ab78217f\igc64.dll
0x00007ffd5e080000 - 0x00007ffd5e0c4000 	C:\Windows\System32\Windows.Internal.Graphics.Display.DisplayColorManagement.dll

dbghelp: loaded successfully - version: 4.0.5 - missing functions: none
symbol engine: initialized successfully - sym options: 0x614 - pdb path: .;C:\Program Files\Eclipse Foundation\jdk-11.0.12.7-hotspot\bin;C:\Windows\SYSTEM32;C:\Windows\WinSxS\amd64_microsoft.windows.common-controls_6595b64144ccf1df_6.0.19041.1110_none_60b5254171f9507e;C:\Program Files\Eclipse Foundation\jdk-11.0.12.7-hotspot\bin\server;C:\Users\bucky\AppData\Local\Temp\libgdxbucky\12dfaa03;C:\Users\bucky\AppData\Local\Temp\libgdxbucky\dc0f0009;C:\Windows\System32\DriverStore\FileRepository\iigd_dch.inf_amd64_917dbb43ab78217f

VM Arguments:
jvm_args: -Duser.language=es_AR -Dfile.encoding=UTF-8 
java_command: org.uqbar.project.wollok.launch.WollokLauncher -requestsPort 0 -eventsPort 0 -folder -dontValidate -wf src/programa_juego_aventura.wpgm
java_class_path (initial): C:\_Uni\2 cuatri 2021\Objetos I\__WOLLOKGAME\aventurasGame\bin;C:\wollok2\plugins\com.ibm.icu_64.2.0.v20190507-1337.jar;C:\wollok2\plugins\org.eclipse.xtext_2.20.0.v20191202-0915.jar;C:\wollok2\plugins\org.eclipse.emf.ecore.xmi_2.16.0.v20190528-0725.jar;C:\wollok2\plugins\org.eclipse.emf.ecore_2.20.0.v20190920-0401.jar;C:\wollok2\plugins\org.eclipse.emf.common_2.17.0.v20190920-0401.jar;C:\wollok2\plugins\org.antlr.runtime_3.2.0.v201101311130.jar;C:\wollok2\plugins\com.google.inject_3.0.0.v201605172100.jar;C:\wollok2\plugins\org.eclipse.emf.mwe.core_1.5.1.v20191121-1148.jar;C:\wollok2\plugins\org.apache.commons.cli_1.2.0.v201404270220.jar;C:\wollok2\plugins\org.eclipse.emf.mwe2.runtime_2.11.1.v20191121-1148.jar;C:\wollok2\plugins\org.eclipse.emf.mwe.utils_1.5.1.v20191121-1148.jar;C:\wollok2\plugins\org.eclipse.xtext.util_2.20.0.v20191202-0915.jar;C:\wollok2\plugins\com.google.guava_27.1.0.v20190517-1946.jar;C:\wollok2\plugins\javax.inject_1.0.0.v20091030.jar;C:\wollok2\plugins\org.eclipse.xtext.generator_2.20.0.v20191202-0933.jar;C:\wollok2\plugins\org.eclipse.xtext.xtext.generator_2.20.0.v20191202-0915.jar;C:\wollok2\plugins\org.eclipse.xtext.xbase.lib_2.20.0.v20191202-0907.jar;C:\wollok2\plugins\org.eclipse.emf.codegen.ecore_2.20.0.v20191012-0918.jar;C:\wollok2\plugins\org.eclipse.emf.codegen_2.19.0.v20190821-1536.jar;C:\wollok2\plugins\org.eclipse.xtend_2.2.0.v201605260315.jar;C:\wollok2\plugins\org.eclipse.xpand_2.2.0.v201605260315.jar;C:\wollok2\plugins\org.eclipse.xtend.typesystem.emf_2.2.0.v201605260315.jar;C:\wollok2\plugins\org.uqbar.project.wollok_3.0.0.jar;C:\wollok2\plugins\org.eclipse.xtext.xbase_2.20.0.v20191202-0933.jar;C:\wollok2\plugins\org.eclipse.xtext.common.types_2.20.0.v20191202-0933.jar;C:\wollok2\plugins\org.eclipse.xtend.lib_2.20.0.v20191202-0907.jar;C:\wollok2\plugins\org.eclipse.xtend.lib.macro_2.20.0.v20191202-0907.jar;C:\wollok2\plugins\org.apache.commons.collections_3.2.2.v201511171945.jar;C:\wollok2\plugins\
Launcher Type: SUN_STANDARD

[Global flags]
     intx CICompilerCount                          = 4                                         {product} {ergonomic}
     uint ConcGCThreads                            = 2                                         {product} {ergonomic}
     uint G1ConcRefinementThreads                  = 8                                         {product} {ergonomic}
   size_t G1HeapRegionSize                         = 2097152                                   {product} {ergonomic}
    uintx GCDrainStackTargetSize                   = 64                                        {product} {ergonomic}
   size_t InitialHeapSize                          = 532676608                                 {product} {ergonomic}
   size_t MarkStackSize                            = 4194304                                   {product} {ergonomic}
   size_t MaxHeapSize                              = 8518631424                                {product} {ergonomic}
   size_t MaxNewSize                               = 5110759424                                {product} {ergonomic}
   size_t MinHeapDeltaBytes                        = 2097152                                   {product} {ergonomic}
    uintx NonNMethodCodeHeapSize                   = 5836300                                {pd product} {ergonomic}
    uintx NonProfiledCodeHeapSize                  = 122910970                              {pd product} {ergonomic}
    uintx ProfiledCodeHeapSize                     = 122910970                              {pd product} {ergonomic}
    uintx ReservedCodeCacheSize                    = 251658240                              {pd product} {ergonomic}
     bool SegmentedCodeCache                       = true                                      {product} {ergonomic}
     bool UseCompressedClassPointers               = true                                 {lp64_product} {ergonomic}
     bool UseCompressedOops                        = true                                 {lp64_product} {ergonomic}
     bool UseG1GC                                  = true                                      {product} {ergonomic}
     bool UseLargePagesIndividualAllocation        = false                                  {pd product} {ergonomic}

Logging:
Log output configuration:
 #0: stdout all=warning uptime,level,tags
 #1: stderr all=off uptime,level,tags

Environment Variables:
PATH=C:/Program Files/Eclipse Foundation/jdk-11.0.12.7-hotspot/bin/client;C:/Program Files/Eclipse Foundation/jdk-11.0.12.7-hotspot/bin;C:\Program Files\Eclipse Foundation\jdk-11.0.12.7-hotspot\bin;C:\Windows\system32;C:\Windows;C:\Windows\System32\Wbem;C:\Windows\System32\WindowsPowerShell\v1.0\;C:\Windows\System32\OpenSSH\;C:\Program Files\Git\cmd;C:\Users\bucky\AppData\Local\Microsoft\WindowsApps;C:\Users\bucky\AppData\Local\GitHubDesktop\bin;C:\wollok2;
USERNAME=bucky
OS=Windows_NT
PROCESSOR_IDENTIFIER=Intel64 Family 6 Model 140 Stepping 1, GenuineIntel



---------------  S Y S T E M  ---------------

OS: Windows 10 , 64 bit Build 19041 (10.0.19041.1348)
OS uptime: 2 days 0:15 hours

CPU:total 8 (initial active 8) (4 cores per cpu, 2 threads per core) family 6 model 140 stepping 1 microcode 0x86, cmov, cx8, fxsr, mmx, sse, sse2, sse3, ssse3, sse4.1, sse4.2, popcnt, avx, avx2, aes, clmul, erms, 3dnowpref, lzcnt, ht, tsc, tscinvbit, bmi1, bmi2, adx, evex, sha, fma

Memory: 4k page, system-wide physical 32490M (24121M free)
TotalPageFile size 37354M (AvailPageFile size 23804M)
current process WorkingSet (physical memory assigned to process): 619M, peak: 644M
current process commit charge ("private bytes"): 839M, peak: 877M

vm_info: OpenJDK 64-Bit Server VM (11.0.12+7) for windows-amd64 JRE (11.0.12+7), built on Jul 21 2021 16:23:49 by "" with unknown MS VC++:1916

END.
