#
# A fatal error has been detected by the Java Runtime Environment:
#
#  EXCEPTION_ACCESS_VIOLATION (0xc0000005) at pc=0x00007ffccae86f56, pid=18968, tid=8
#
# JRE version: OpenJDK Runtime Environment Temurin-11.0.12+7 (11.0.12+7) (build 11.0.12+7)
# Java VM: OpenJDK 64-Bit Server VM Temurin-11.0.12+7 (11.0.12+7, mixed mode, tiered, compressed oops, g1 gc, windows-amd64)
# Problematic frame:
# C  [igxelpicd64.dll+0x1e6f56]
#
# No core dump will be written. Minidumps are not enabled by default on client versions of Windows
#
# If you would like to submit a bug report, please visit:
#   https://github.com/adoptium/adoptium-support/issues
#

---------------  S U M M A R Y ------------

Command Line: -Duser.language=es_AR -Dfile.encoding=UTF-8 org.uqbar.project.wollok.launch.WollokLauncher -requestsPort 0 -eventsPort 0 -folder -dontValidate -wf src/programa_juego_aventura.wpgm

Host: 11th Gen Intel(R) Core(TM) i7-1165G7 @ 2.80GHz, 8 cores, 31G,  Windows 10 , 64 bit Build 19041 (10.0.19041.1348)
Time: Tue Nov 16 15:24:53 2021 Hora estándar de Argentina elapsed time: 35.434850 seconds (0d 0h 0m 35s)

---------------  T H R E A D  ---------------

Current thread (0x000002567f31f800):  VMThread "VM Thread" [stack: 0x000000d92f600000,0x000000d92f700000] [id=8]

Stack: [0x000000d92f600000,0x000000d92f700000],  sp=0x000000d92f6fe400,  free space=1017k
Native frames: (J=compiled Java code, j=interpreted, Vv=VM code, C=native code)
C  [igxelpicd64.dll+0x1e6f56]


siginfo: EXCEPTION_ACCESS_VIOLATION (0xc0000005), reading address 0x0000000000035458


Register to memory mapping:

RIP=0x00007ffccae86f56 igxelpicd64.dll
RAX=0x00000256031a1060 points into unknown readable memory: 0x00000000001df830 | 30 f8 1d 00 00 00 00 00
RBX=0x0000025603ae2a20 points into unknown readable memory: 0xffffffffffffffff | ff ff ff ff ff ff ff ff
RCX=0x0 is NULL
RDX=0x0 is NULL
RSP=0x000000d92f6fe400 points into unknown readable memory: 0x0000025603ae2a20 | 20 2a ae 03 56 02 00 00
RBP=0x0 is NULL
RSI=0x00000256031a0f60 points into unknown readable memory: 0x00000256032dbf60 | 60 bf 2d 03 56 02 00 00
RDI=0x000002567fbc5590 points into unknown readable memory: 0x00007ffd6d9a7f00 | 00 7f 9a 6d fd 7f 00 00
R8 =0x00000256031a1060 points into unknown readable memory: 0x00000000001df830 | 30 f8 1d 00 00 00 00 00
R9 =0x0 is NULL
R10=0x0 is NULL
R11=0x0000000000000246 is an unknown value
R12=0x00000256031a0f60 points into unknown readable memory: 0x00000256032dbf60 | 60 bf 2d 03 56 02 00 00
R13=0x0 is NULL
R14=0x0000025601b7e4d0 points into unknown readable memory: 0x00000256032dbf60 | 60 bf 2d 03 56 02 00 00
R15=0x00000256031a14a8 points into unknown readable memory: 0x0000025601b7e4d0 | d0 e4 b7 01 56 02 00 00


Registers:
RAX=0x00000256031a1060, RBX=0x0000025603ae2a20, RCX=0x0000000000000000, RDX=0x0000000000000000
RSP=0x000000d92f6fe400, RBP=0x0000000000000000, RSI=0x00000256031a0f60, RDI=0x000002567fbc5590
R8 =0x00000256031a1060, R9 =0x0000000000000000, R10=0x0000000000000000, R11=0x0000000000000246
R12=0x00000256031a0f60, R13=0x0000000000000000, R14=0x0000025601b7e4d0, R15=0x00000256031a14a8
RIP=0x00007ffccae86f56, EFLAGS=0x0000000000010206

Top of Stack: (sp=0x000000d92f6fe400)
0x000000d92f6fe400:   0000025603ae2a20 00007ffd05ae2e6c
0x000000d92f6fe410:   000000d92f6fecd0 000000d92f6fecd0
0x000000d92f6fe420:   000000164f000000 0000000000000000
0x000000d92f6fe430:   000002564f59d090 00007ffd05ae3243
0x000000d92f6fe440:   0000025603ae2a20 000000d92f6fecd0
0x000000d92f6fe450:   0000000000000000 706163202c4b3231
0x000000d92f6fe460:   3333207974696301 000000d92f6fe470
0x000000d92f6fe470:   0000000000000002 6572202c4b383233
0x000000d92f6fe480:   3120646576000a7d 0000222502a74ceb
0x000000d92f6fe490:   0000025604bee700 0000000000000004
0x000000d92f6fe4a0:   0000000000000000 00000000fffff9ff
0x000000d92f6fe4b0:   7011f63f00000600 ffefdffdffffffff
0x000000d92f6fe4c0:   000000d92f6fe510 00007ffccad1d973
0x000000d92f6fe4d0:   0000000000000000 00007ffccaef1ac2
0x000000d92f6fe4e0:   0000800400001000 0000000000000000
0x000000d92f6fe4f0:   0000000000000000 0000000000000000 

Instructions: (pc=0x00007ffccae86f56)
0x00007ffccae86e56:   00 90 4c 8b b7 80 02 00 00 48 8b 05 3a 65 c2 00
0x00007ffccae86e66:   8b 80 c0 0a 00 00 89 44 24 24 c6 44 24 20 00 48
0x00007ffccae86e76:   c7 87 80 02 00 00 00 00 00 00 c7 87 88 02 00 00
0x00007ffccae86e86:   00 00 00 00 48 c7 87 a0 02 00 00 00 00 00 00 48
0x00007ffccae86e96:   c7 87 90 02 00 00 00 00 00 00 48 85 ed 75 3d 8b
0x00007ffccae86ea6:   35 2d 33 d2 00 65 48 8b 04 25 58 00 00 00 b9 14
0x00007ffccae86eb6:   00 00 00 48 8b 04 f0 40 38 2c 01 0f 84 d5 c4 78
0x00007ffccae86ec6:   00 65 48 8b 04 25 58 00 00 00 bd 20 00 00 00 48
0x00007ffccae86ed6:   8b 04 f0 48 8b 2c 28 48 89 6c 24 28 48 3b 2d 37
0x00007ffccae86ee6:   57 d2 00 0f 84 90 10 00 00 4d 85 f6 0f 84 3a 01
0x00007ffccae86ef6:   00 00 0f 1f 84 00 00 00 00 00 49 8b f6 4d 8b e6
0x00007ffccae86f06:   4d 8d be 48 05 00 00 4d 8b 37 45 84 ed 0f 85 01
0x00007ffccae86f16:   0f 00 00 8b 8f d0 01 00 00 48 8b 05 7a 64 c2 00
0x00007ffccae86f26:   83 b8 64 03 00 00 02 75 34 4d 8d 84 24 00 01 00
0x00007ffccae86f36:   00 83 f9 10 0f 83 3a 01 00 00 8b c1 48 c1 e0 06
0x00007ffccae86f46:   49 03 c0 48 85 c0 0f 84 9b 01 00 00 48 8b 50 08
0x00007ffccae86f56:   48 3b 95 58 54 03 00 0f 87 c7 0e 00 00 48 83 be
0x00007ffccae86f66:   a0 05 00 00 00 0f 85 5c c4 78 00 44 8b 8f d0 01
0x00007ffccae86f76:   00 00 48 8b 87 e8 01 00 00 4c 8b 00 8b 8f d0 01
0x00007ffccae86f86:   00 00 48 8d 9e 00 01 00 00 83 f9 10 0f 83 1e 01
0x00007ffccae86f96:   00 00 8b c1 48 c1 e0 06 48 03 c3 48 85 c0 0f 84
0x00007ffccae86fa6:   4a 01 00 00 4c 39 40 08 0f 86 40 01 00 00 48 8b
0x00007ffccae86fb6:   87 80 02 00 00 49 89 07 48 89 b7 80 02 00 00 ff
0x00007ffccae86fc6:   87 88 02 00 00 48 8b 4e 08 48 8b 01 ba 01 00 00
0x00007ffccae86fd6:   00 48 8b 80 d8 02 00 00 ff 15 24 16 8e 00 0f b7
0x00007ffccae86fe6:   c8 48 2b c1 48 05 00 00 01 00 48 01 87 90 02 00
0x00007ffccae86ff6:   00 48 8b 4e 08 48 8b 01 ba 01 00 00 00 48 8b 80
0x00007ffccae87006:   d8 02 00 00 ff 15 f8 15 8e 00 48 01 87 a0 02 00
0x00007ffccae87016:   00 0f b6 54 24 20 4d 85 f6 0f 85 db fe ff ff 84
0x00007ffccae87026:   d2 0f 85 5f 0f 00 00 48 8b 5c 24 40 48 8b cf 80
0x00007ffccae87036:   7c 24 22 00 0f 85 35 0f 00 00 e8 8b f9 ff ff 90
0x00007ffccae87046:   48 8b cb ff 15 c9 10 8e 00 48 8b 8c 24 50 01 00 


Stack slot to memory mapping:
stack at sp + 0 slots: 0x0000025603ae2a20 points into unknown readable memory: 0xffffffffffffffff | ff ff ff ff ff ff ff ff
stack at sp + 1 slots: 0x00007ffd05ae2e6c jvm.dll
stack at sp + 2 slots: 0x000000d92f6fecd0 points into unknown readable memory: 0x000000012f010004 | 04 00 01 2f 01 00 00 00
stack at sp + 3 slots: 0x000000d92f6fecd0 points into unknown readable memory: 0x000000012f010004 | 04 00 01 2f 01 00 00 00
stack at sp + 4 slots: 0x000000164f000000 is an unknown value
stack at sp + 5 slots: 0x0 is NULL
stack at sp + 6 slots: 0x000002564f59d090 points into unknown readable memory: 0x00007ffd05d5a8a0 | a0 a8 d5 05 fd 7f 00 00
stack at sp + 7 slots: 0x00007ffd05ae3243 jvm.dll

VM_Operation (0x000000d92f0ff100): Exit, mode: safepoint, requested by thread 0x000002564f7a2800


---------------  P R O C E S S  ---------------

Threads class SMR info:
_java_thread_list=0x0000025605b8db80, length=15, elements={
0x000002564f7a2800, 0x000002567f320800, 0x000002567f34b800, 0x000002567f39c800,
0x000002567f39f800, 0x000002567f3a0800, 0x000002567f3a3000, 0x000002567f3ac000,
0x000002567f3b9800, 0x000002567f55c000, 0x0000025600782800, 0x0000025600bca800,
0x0000025604d12000, 0x0000025601da9800, 0x0000025601da4000
}

Java Threads: ( => current thread )
  0x000002564f7a2800 JavaThread "main" [_thread_blocked, id=12828, stack(0x000000d92f000000,0x000000d92f100000)]
  0x000002567f320800 JavaThread "Reference Handler" daemon [_thread_blocked, id=15540, stack(0x000000d92f700000,0x000000d92f800000)]
  0x000002567f34b800 JavaThread "Finalizer" daemon [_thread_blocked, id=13216, stack(0x000000d92f800000,0x000000d92f900000)]
  0x000002567f39c800 JavaThread "Signal Dispatcher" daemon [_thread_blocked, id=17824, stack(0x000000d92f900000,0x000000d92fa00000)]
  0x000002567f39f800 JavaThread "Attach Listener" daemon [_thread_blocked, id=15056, stack(0x000000d92fa00000,0x000000d92fb00000)]
  0x000002567f3a0800 JavaThread "Service Thread" daemon [_thread_blocked, id=14568, stack(0x000000d92fb00000,0x000000d92fc00000)]
  0x000002567f3a3000 JavaThread "C2 CompilerThread0" daemon [_thread_blocked, id=32, stack(0x000000d92fc00000,0x000000d92fd00000)]
  0x000002567f3ac000 JavaThread "C1 CompilerThread0" daemon [_thread_blocked, id=20160, stack(0x000000d92fd00000,0x000000d92fe00000)]
  0x000002567f3b9800 JavaThread "Sweeper thread" daemon [_thread_blocked, id=10712, stack(0x000000d92fe00000,0x000000d92ff00000)]
  0x000002567f55c000 JavaThread "Common-Cleaner" daemon [_thread_blocked, id=5828, stack(0x000000d930000000,0x000000d930100000)]
  0x0000025600782800 JavaThread "EMF Reference Cleaner" daemon [_thread_blocked, id=9832, stack(0x000000d930a00000,0x000000d930b00000)]
  0x0000025600bca800 JavaThread "com.google.inject.internal.util.$Finalizer" daemon [_thread_blocked, id=16044, stack(0x000000d930b00000,0x000000d930c00000)]
  0x0000025604d12000 JavaThread "LWJGL Timer" daemon [_thread_blocked, id=6896, stack(0x000000d931300000,0x000000d931400000)]
  0x0000025601da9800 JavaThread "C2 CompilerThread1" daemon [_thread_blocked, id=17592, stack(0x000000d931000000,0x000000d931100000)]
  0x0000025601da4000 JavaThread "C2 CompilerThread2" daemon [_thread_blocked, id=8396, stack(0x000000d931400000,0x000000d931500000)]

Other Threads:
=>0x000002567f31f800 VMThread "VM Thread" [stack: 0x000000d92f600000,0x000000d92f700000] [id=8]
  0x000002564f7ba000 GCTaskThread "GC Thread#0" [stack: 0x000000d92f100000,0x000000d92f200000] [id=2984]
  0x00000256000a9000 GCTaskThread "GC Thread#1" [stack: 0x000000d930300000,0x000000d930400000] [id=19032]
  0x00000256003a7000 GCTaskThread "GC Thread#2" [stack: 0x000000d930400000,0x000000d930500000] [id=15936]
  0x00000256000a9800 GCTaskThread "GC Thread#3" [stack: 0x000000d930500000,0x000000d930600000] [id=12292]
  0x00000256000aa800 GCTaskThread "GC Thread#4" [stack: 0x000000d930600000,0x000000d930700000] [id=10008]
  0x00000256006cf800 GCTaskThread "GC Thread#5" [stack: 0x000000d930700000,0x000000d930800000] [id=16280]
  0x000002567fa7d000 GCTaskThread "GC Thread#6" [stack: 0x000000d930800000,0x000000d930900000] [id=19068]
  0x000002567fa7d800 GCTaskThread "GC Thread#7" [stack: 0x000000d930900000,0x000000d930a00000] [id=10608]
  0x000002564f83d000 ConcurrentGCThread "G1 Main Marker" [stack: 0x000000d92f200000,0x000000d92f300000] [id=5412]
  0x000002564f841800 ConcurrentGCThread "G1 Conc#0" [stack: 0x000000d92f300000,0x000000d92f400000] [id=1536]
  0x0000025600fae000 ConcurrentGCThread "G1 Conc#1" [stack: 0x000000d930c00000,0x000000d930d00000] [id=19580]
  0x000002567e985800 ConcurrentGCThread "G1 Refine#0" [stack: 0x000000d92f400000,0x000000d92f500000] [id=11272]
  0x000002567e988800 ConcurrentGCThread "G1 Young RemSet Sampling" [stack: 0x000000d92f500000,0x000000d92f600000] [id=9148]

Threads with active compile tasks:
C2 CompilerThread0  35462 5722       4       javazoom.jl.decoder.LayerIIIDecoder::dequantize_sample (1019 bytes)
C2 CompilerThread1  35462 5716 %     4       javazoom.jl.decoder.LayerIIIDecoder::decode @ 340 (572 bytes)
C2 CompilerThread2  35462 5709       4       org.uqbar.project.wollok.interpreter.WollokInterpreter::resolve (104 bytes)

VM state:at safepoint (shutting down)

VM Mutex/Monitor currently owned by a thread:  ([mutex/lock_event])
[0x000002564f7a0490] Threads_lock - owner thread: 0x000002567f31f800

Heap address: 0x0000000604400000, size: 8124 MB, Compressed Oops mode: Zero based, Oop shift amount: 3
Narrow klass base: 0x0000000800000000, Narrow klass shift: 0
Compressed class space size: 1073741824 Address: 0x0000000800000000

Heap:
 garbage-first heap   total 624640K, used 247528K [0x0000000604400000, 0x0000000800000000)
  region size 2048K, 114 young (233472K), 4 survivors (8192K)
 Metaspace       used 30390K, capacity 30759K, committed 31104K, reserved 1077248K
  class space    used 3227K, capacity 3357K, committed 3456K, reserved 1048576K
Heap Regions: E=young(eden), S=young(survivor), O=old, HS=humongous(starts), HC=humongous(continues), CS=collection set, F=free, A=archive, TAMS=top-at-mark-start (previous, next)
|   0|0x0000000604400000, 0x0000000604600000, 0x0000000604600000|100%| O|  |TAMS 0x0000000604600000, 0x0000000604400000| Untracked 
|   1|0x0000000604600000, 0x0000000604800000, 0x0000000604800000|100%| O|  |TAMS 0x0000000604800000, 0x0000000604600000| Untracked 
|   2|0x0000000604800000, 0x0000000604a00000, 0x0000000604a00000|100%| O|  |TAMS 0x0000000604a00000, 0x0000000604800000| Untracked 
|   3|0x0000000604a00000, 0x0000000604c00000, 0x0000000604c00000|100%| O|  |TAMS 0x0000000604c00000, 0x0000000604a00000| Untracked 
|   4|0x0000000604c00000, 0x0000000604e00000, 0x0000000604e00000|100%| O|  |TAMS 0x0000000604e00000, 0x0000000604c00000| Untracked 
|   5|0x0000000604e00000, 0x0000000605000000, 0x0000000605000000|100%| O|  |TAMS 0x0000000605000000, 0x0000000604e00000| Untracked 
|   6|0x0000000605000000, 0x0000000605200000, 0x0000000605200000|100%| O|  |TAMS 0x0000000605200000, 0x0000000605000000| Untracked 
|   7|0x0000000605200000, 0x00000006053f5a00, 0x0000000605400000| 97%| O|  |TAMS 0x00000006053f5a00, 0x0000000605200000| Untracked 
|   8|0x0000000605400000, 0x0000000605400000, 0x0000000605600000|  0%| F|  |TAMS 0x0000000605400000, 0x0000000605400000| Untracked 
|   9|0x0000000605600000, 0x0000000605600000, 0x0000000605800000|  0%| F|  |TAMS 0x0000000605600000, 0x0000000605600000| Untracked 
|  10|0x0000000605800000, 0x0000000605800000, 0x0000000605a00000|  0%| F|  |TAMS 0x0000000605800000, 0x0000000605800000| Untracked 
|  11|0x0000000605a00000, 0x0000000605a00000, 0x0000000605c00000|  0%| F|  |TAMS 0x0000000605a00000, 0x0000000605a00000| Untracked 
|  12|0x0000000605c00000, 0x0000000605c00000, 0x0000000605e00000|  0%| F|  |TAMS 0x0000000605c00000, 0x0000000605c00000| Untracked 
|  13|0x0000000605e00000, 0x0000000605e00000, 0x0000000606000000|  0%| F|  |TAMS 0x0000000605e00000, 0x0000000605e00000| Untracked 
|  14|0x0000000606000000, 0x0000000606000000, 0x0000000606200000|  0%| F|  |TAMS 0x0000000606000000, 0x0000000606000000| Untracked 
|  15|0x0000000606200000, 0x0000000606200000, 0x0000000606400000|  0%| F|  |TAMS 0x0000000606200000, 0x0000000606200000| Untracked 
|  16|0x0000000606400000, 0x0000000606400000, 0x0000000606600000|  0%| F|  |TAMS 0x0000000606400000, 0x0000000606400000| Untracked 
|  17|0x0000000606600000, 0x0000000606600000, 0x0000000606800000|  0%| F|  |TAMS 0x0000000606600000, 0x0000000606600000| Untracked 
|  18|0x0000000606800000, 0x0000000606800000, 0x0000000606a00000|  0%| F|  |TAMS 0x0000000606800000, 0x0000000606800000| Untracked 
|  19|0x0000000606a00000, 0x0000000606a00000, 0x0000000606c00000|  0%| F|  |TAMS 0x0000000606a00000, 0x0000000606a00000| Untracked 
|  20|0x0000000606c00000, 0x0000000606c00000, 0x0000000606e00000|  0%| F|  |TAMS 0x0000000606c00000, 0x0000000606c00000| Untracked 
|  21|0x0000000606e00000, 0x0000000606e00000, 0x0000000607000000|  0%| F|  |TAMS 0x0000000606e00000, 0x0000000606e00000| Untracked 
|  22|0x0000000607000000, 0x0000000607000000, 0x0000000607200000|  0%| F|  |TAMS 0x0000000607000000, 0x0000000607000000| Untracked 
|  23|0x0000000607200000, 0x0000000607200000, 0x0000000607400000|  0%| F|  |TAMS 0x0000000607200000, 0x0000000607200000| Untracked 
|  24|0x0000000607400000, 0x0000000607400000, 0x0000000607600000|  0%| F|  |TAMS 0x0000000607400000, 0x0000000607400000| Untracked 
|  25|0x0000000607600000, 0x0000000607600000, 0x0000000607800000|  0%| F|  |TAMS 0x0000000607600000, 0x0000000607600000| Untracked 
|  26|0x0000000607800000, 0x0000000607800000, 0x0000000607a00000|  0%| F|  |TAMS 0x0000000607800000, 0x0000000607800000| Untracked 
|  27|0x0000000607a00000, 0x0000000607a00000, 0x0000000607c00000|  0%| F|  |TAMS 0x0000000607a00000, 0x0000000607a00000| Untracked 
|  28|0x0000000607c00000, 0x0000000607c00000, 0x0000000607e00000|  0%| F|  |TAMS 0x0000000607c00000, 0x0000000607c00000| Untracked 
|  29|0x0000000607e00000, 0x0000000607e00000, 0x0000000608000000|  0%| F|  |TAMS 0x0000000607e00000, 0x0000000607e00000| Untracked 
|  30|0x0000000608000000, 0x0000000608000000, 0x0000000608200000|  0%| F|  |TAMS 0x0000000608000000, 0x0000000608000000| Untracked 
|  31|0x0000000608200000, 0x0000000608200000, 0x0000000608400000|  0%| F|  |TAMS 0x0000000608200000, 0x0000000608200000| Untracked 
|  32|0x0000000608400000, 0x0000000608400000, 0x0000000608600000|  0%| F|  |TAMS 0x0000000608400000, 0x0000000608400000| Untracked 
|  33|0x0000000608600000, 0x0000000608600000, 0x0000000608800000|  0%| F|  |TAMS 0x0000000608600000, 0x0000000608600000| Untracked 
|  34|0x0000000608800000, 0x0000000608800000, 0x0000000608a00000|  0%| F|  |TAMS 0x0000000608800000, 0x0000000608800000| Untracked 
|  35|0x0000000608a00000, 0x0000000608a00000, 0x0000000608c00000|  0%| F|  |TAMS 0x0000000608a00000, 0x0000000608a00000| Untracked 
|  36|0x0000000608c00000, 0x0000000608c00000, 0x0000000608e00000|  0%| F|  |TAMS 0x0000000608c00000, 0x0000000608c00000| Untracked 
|  37|0x0000000608e00000, 0x0000000608e00000, 0x0000000609000000|  0%| F|  |TAMS 0x0000000608e00000, 0x0000000608e00000| Untracked 
|  38|0x0000000609000000, 0x0000000609000000, 0x0000000609200000|  0%| F|  |TAMS 0x0000000609000000, 0x0000000609000000| Untracked 
|  39|0x0000000609200000, 0x0000000609200000, 0x0000000609400000|  0%| F|  |TAMS 0x0000000609200000, 0x0000000609200000| Untracked 
|  40|0x0000000609400000, 0x0000000609400000, 0x0000000609600000|  0%| F|  |TAMS 0x0000000609400000, 0x0000000609400000| Untracked 
|  41|0x0000000609600000, 0x0000000609600000, 0x0000000609800000|  0%| F|  |TAMS 0x0000000609600000, 0x0000000609600000| Untracked 
|  42|0x0000000609800000, 0x0000000609800000, 0x0000000609a00000|  0%| F|  |TAMS 0x0000000609800000, 0x0000000609800000| Untracked 
|  43|0x0000000609a00000, 0x0000000609a00000, 0x0000000609c00000|  0%| F|  |TAMS 0x0000000609a00000, 0x0000000609a00000| Untracked 
|  44|0x0000000609c00000, 0x0000000609c00000, 0x0000000609e00000|  0%| F|  |TAMS 0x0000000609c00000, 0x0000000609c00000| Untracked 
|  45|0x0000000609e00000, 0x0000000609e00000, 0x000000060a000000|  0%| F|  |TAMS 0x0000000609e00000, 0x0000000609e00000| Untracked 
|  46|0x000000060a000000, 0x000000060a000000, 0x000000060a200000|  0%| F|  |TAMS 0x000000060a000000, 0x000000060a000000| Untracked 
|  47|0x000000060a200000, 0x000000060a200000, 0x000000060a400000|  0%| F|  |TAMS 0x000000060a200000, 0x000000060a200000| Untracked 
|  48|0x000000060a400000, 0x000000060a400000, 0x000000060a600000|  0%| F|  |TAMS 0x000000060a400000, 0x000000060a400000| Untracked 
|  49|0x000000060a600000, 0x000000060a600000, 0x000000060a800000|  0%| F|  |TAMS 0x000000060a600000, 0x000000060a600000| Untracked 
|  50|0x000000060a800000, 0x000000060a800000, 0x000000060aa00000|  0%| F|  |TAMS 0x000000060a800000, 0x000000060a800000| Untracked 
|  51|0x000000060aa00000, 0x000000060aa00000, 0x000000060ac00000|  0%| F|  |TAMS 0x000000060aa00000, 0x000000060aa00000| Untracked 
|  52|0x000000060ac00000, 0x000000060ac00000, 0x000000060ae00000|  0%| F|  |TAMS 0x000000060ac00000, 0x000000060ac00000| Untracked 
|  53|0x000000060ae00000, 0x000000060ae00000, 0x000000060b000000|  0%| F|  |TAMS 0x000000060ae00000, 0x000000060ae00000| Untracked 
|  54|0x000000060b000000, 0x000000060b000000, 0x000000060b200000|  0%| F|  |TAMS 0x000000060b000000, 0x000000060b000000| Untracked 
|  55|0x000000060b200000, 0x000000060b200000, 0x000000060b400000|  0%| F|  |TAMS 0x000000060b200000, 0x000000060b200000| Untracked 
|  56|0x000000060b400000, 0x000000060b400000, 0x000000060b600000|  0%| F|  |TAMS 0x000000060b400000, 0x000000060b400000| Untracked 
|  57|0x000000060b600000, 0x000000060b600000, 0x000000060b800000|  0%| F|  |TAMS 0x000000060b600000, 0x000000060b600000| Untracked 
|  58|0x000000060b800000, 0x000000060b800000, 0x000000060ba00000|  0%| F|  |TAMS 0x000000060b800000, 0x000000060b800000| Untracked 
|  59|0x000000060ba00000, 0x000000060ba00000, 0x000000060bc00000|  0%| F|  |TAMS 0x000000060ba00000, 0x000000060ba00000| Untracked 
|  60|0x000000060bc00000, 0x000000060bc00000, 0x000000060be00000|  0%| F|  |TAMS 0x000000060bc00000, 0x000000060bc00000| Untracked 
|  61|0x000000060be00000, 0x000000060be00000, 0x000000060c000000|  0%| F|  |TAMS 0x000000060be00000, 0x000000060be00000| Untracked 
|  62|0x000000060c000000, 0x000000060c000000, 0x000000060c200000|  0%| F|  |TAMS 0x000000060c000000, 0x000000060c000000| Untracked 
|  63|0x000000060c200000, 0x000000060c200000, 0x000000060c400000|  0%| F|  |TAMS 0x000000060c200000, 0x000000060c200000| Untracked 
|  64|0x000000060c400000, 0x000000060c400000, 0x000000060c600000|  0%| F|  |TAMS 0x000000060c400000, 0x000000060c400000| Untracked 
|  65|0x000000060c600000, 0x000000060c600000, 0x000000060c800000|  0%| F|  |TAMS 0x000000060c600000, 0x000000060c600000| Untracked 
|  66|0x000000060c800000, 0x000000060c800000, 0x000000060ca00000|  0%| F|  |TAMS 0x000000060c800000, 0x000000060c800000| Untracked 
|  67|0x000000060ca00000, 0x000000060ca00000, 0x000000060cc00000|  0%| F|  |TAMS 0x000000060ca00000, 0x000000060ca00000| Untracked 
|  68|0x000000060cc00000, 0x000000060cc00000, 0x000000060ce00000|  0%| F|  |TAMS 0x000000060cc00000, 0x000000060cc00000| Untracked 
|  69|0x000000060ce00000, 0x000000060ce00000, 0x000000060d000000|  0%| F|  |TAMS 0x000000060ce00000, 0x000000060ce00000| Untracked 
|  70|0x000000060d000000, 0x000000060d000000, 0x000000060d200000|  0%| F|  |TAMS 0x000000060d000000, 0x000000060d000000| Untracked 
|  71|0x000000060d200000, 0x000000060d200000, 0x000000060d400000|  0%| F|  |TAMS 0x000000060d200000, 0x000000060d200000| Untracked 
|  72|0x000000060d400000, 0x000000060d400000, 0x000000060d600000|  0%| F|  |TAMS 0x000000060d400000, 0x000000060d400000| Untracked 
|  73|0x000000060d600000, 0x000000060d600000, 0x000000060d800000|  0%| F|  |TAMS 0x000000060d600000, 0x000000060d600000| Untracked 
|  74|0x000000060d800000, 0x000000060d800000, 0x000000060da00000|  0%| F|  |TAMS 0x000000060d800000, 0x000000060d800000| Untracked 
|  75|0x000000060da00000, 0x000000060da00000, 0x000000060dc00000|  0%| F|  |TAMS 0x000000060da00000, 0x000000060da00000| Untracked 
|  76|0x000000060dc00000, 0x000000060dc00000, 0x000000060de00000|  0%| F|  |TAMS 0x000000060dc00000, 0x000000060dc00000| Untracked 
|  77|0x000000060de00000, 0x000000060de00000, 0x000000060e000000|  0%| F|  |TAMS 0x000000060de00000, 0x000000060de00000| Untracked 
|  78|0x000000060e000000, 0x000000060e000000, 0x000000060e200000|  0%| F|  |TAMS 0x000000060e000000, 0x000000060e000000| Untracked 
|  79|0x000000060e200000, 0x000000060e200000, 0x000000060e400000|  0%| F|  |TAMS 0x000000060e200000, 0x000000060e200000| Untracked 
|  80|0x000000060e400000, 0x000000060e400000, 0x000000060e600000|  0%| F|  |TAMS 0x000000060e400000, 0x000000060e400000| Untracked 
|  81|0x000000060e600000, 0x000000060e600000, 0x000000060e800000|  0%| F|  |TAMS 0x000000060e600000, 0x000000060e600000| Untracked 
|  82|0x000000060e800000, 0x000000060e800000, 0x000000060ea00000|  0%| F|  |TAMS 0x000000060e800000, 0x000000060e800000| Untracked 
|  83|0x000000060ea00000, 0x000000060ea00000, 0x000000060ec00000|  0%| F|  |TAMS 0x000000060ea00000, 0x000000060ea00000| Untracked 
|  84|0x000000060ec00000, 0x000000060ec00000, 0x000000060ee00000|  0%| F|  |TAMS 0x000000060ec00000, 0x000000060ec00000| Untracked 
|  85|0x000000060ee00000, 0x000000060ee00000, 0x000000060f000000|  0%| F|  |TAMS 0x000000060ee00000, 0x000000060ee00000| Untracked 
|  86|0x000000060f000000, 0x000000060f000000, 0x000000060f200000|  0%| F|  |TAMS 0x000000060f000000, 0x000000060f000000| Untracked 
|  87|0x000000060f200000, 0x000000060f200000, 0x000000060f400000|  0%| F|  |TAMS 0x000000060f200000, 0x000000060f200000| Untracked 
|  88|0x000000060f400000, 0x000000060f400000, 0x000000060f600000|  0%| F|  |TAMS 0x000000060f400000, 0x000000060f400000| Untracked 
|  89|0x000000060f600000, 0x000000060f600000, 0x000000060f800000|  0%| F|  |TAMS 0x000000060f600000, 0x000000060f600000| Untracked 
|  90|0x000000060f800000, 0x000000060f800000, 0x000000060fa00000|  0%| F|  |TAMS 0x000000060f800000, 0x000000060f800000| Untracked 
|  91|0x000000060fa00000, 0x000000060fa00000, 0x000000060fc00000|  0%| F|  |TAMS 0x000000060fa00000, 0x000000060fa00000| Untracked 
|  92|0x000000060fc00000, 0x000000060fc00000, 0x000000060fe00000|  0%| F|  |TAMS 0x000000060fc00000, 0x000000060fc00000| Untracked 
|  93|0x000000060fe00000, 0x000000060fe00000, 0x0000000610000000|  0%| F|  |TAMS 0x000000060fe00000, 0x000000060fe00000| Untracked 
|  94|0x0000000610000000, 0x0000000610000000, 0x0000000610200000|  0%| F|  |TAMS 0x0000000610000000, 0x0000000610000000| Untracked 
|  95|0x0000000610200000, 0x0000000610200000, 0x0000000610400000|  0%| F|  |TAMS 0x0000000610200000, 0x0000000610200000| Untracked 
|  96|0x0000000610400000, 0x0000000610400000, 0x0000000610600000|  0%| F|  |TAMS 0x0000000610400000, 0x0000000610400000| Untracked 
|  97|0x0000000610600000, 0x0000000610600000, 0x0000000610800000|  0%| F|  |TAMS 0x0000000610600000, 0x0000000610600000| Untracked 
|  98|0x0000000610800000, 0x0000000610800000, 0x0000000610a00000|  0%| F|  |TAMS 0x0000000610800000, 0x0000000610800000| Untracked 
|  99|0x0000000610a00000, 0x0000000610a00000, 0x0000000610c00000|  0%| F|  |TAMS 0x0000000610a00000, 0x0000000610a00000| Untracked 
| 100|0x0000000610c00000, 0x0000000610c00000, 0x0000000610e00000|  0%| F|  |TAMS 0x0000000610c00000, 0x0000000610c00000| Untracked 
| 101|0x0000000610e00000, 0x0000000610e00000, 0x0000000611000000|  0%| F|  |TAMS 0x0000000610e00000, 0x0000000610e00000| Untracked 
| 102|0x0000000611000000, 0x0000000611000000, 0x0000000611200000|  0%| F|  |TAMS 0x0000000611000000, 0x0000000611000000| Untracked 
| 103|0x0000000611200000, 0x0000000611200000, 0x0000000611400000|  0%| F|  |TAMS 0x0000000611200000, 0x0000000611200000| Untracked 
| 104|0x0000000611400000, 0x0000000611400000, 0x0000000611600000|  0%| F|  |TAMS 0x0000000611400000, 0x0000000611400000| Untracked 
| 105|0x0000000611600000, 0x0000000611600000, 0x0000000611800000|  0%| F|  |TAMS 0x0000000611600000, 0x0000000611600000| Untracked 
| 106|0x0000000611800000, 0x0000000611800000, 0x0000000611a00000|  0%| F|  |TAMS 0x0000000611800000, 0x0000000611800000| Untracked 
| 107|0x0000000611a00000, 0x0000000611a00000, 0x0000000611c00000|  0%| F|  |TAMS 0x0000000611a00000, 0x0000000611a00000| Untracked 
| 108|0x0000000611c00000, 0x0000000611c00000, 0x0000000611e00000|  0%| F|  |TAMS 0x0000000611c00000, 0x0000000611c00000| Untracked 
| 109|0x0000000611e00000, 0x0000000611e00000, 0x0000000612000000|  0%| F|  |TAMS 0x0000000611e00000, 0x0000000611e00000| Untracked 
| 110|0x0000000612000000, 0x0000000612000000, 0x0000000612200000|  0%| F|  |TAMS 0x0000000612000000, 0x0000000612000000| Untracked 
| 111|0x0000000612200000, 0x0000000612200000, 0x0000000612400000|  0%| F|  |TAMS 0x0000000612200000, 0x0000000612200000| Untracked 
| 112|0x0000000612400000, 0x0000000612400000, 0x0000000612600000|  0%| F|  |TAMS 0x0000000612400000, 0x0000000612400000| Untracked 
| 113|0x0000000612600000, 0x0000000612600000, 0x0000000612800000|  0%| F|  |TAMS 0x0000000612600000, 0x0000000612600000| Untracked 
| 114|0x0000000612800000, 0x0000000612800000, 0x0000000612a00000|  0%| F|  |TAMS 0x0000000612800000, 0x0000000612800000| Untracked 
| 115|0x0000000612a00000, 0x0000000612a00000, 0x0000000612c00000|  0%| F|  |TAMS 0x0000000612a00000, 0x0000000612a00000| Untracked 
| 116|0x0000000612c00000, 0x0000000612c00000, 0x0000000612e00000|  0%| F|  |TAMS 0x0000000612c00000, 0x0000000612c00000| Untracked 
| 117|0x0000000612e00000, 0x0000000612e00000, 0x0000000613000000|  0%| F|  |TAMS 0x0000000612e00000, 0x0000000612e00000| Untracked 
| 118|0x0000000613000000, 0x00000006131c47d8, 0x0000000613200000| 88%| S|CS|TAMS 0x0000000613000000, 0x0000000613000000| Complete 
| 119|0x0000000613200000, 0x0000000613400000, 0x0000000613400000|100%| S|CS|TAMS 0x0000000613200000, 0x0000000613200000| Complete 
| 120|0x0000000613400000, 0x0000000613600000, 0x0000000613600000|100%| S|CS|TAMS 0x0000000613400000, 0x0000000613400000| Complete 
| 121|0x0000000613600000, 0x0000000613800000, 0x0000000613800000|100%| S|CS|TAMS 0x0000000613600000, 0x0000000613600000| Complete 
| 122|0x0000000613800000, 0x0000000613800000, 0x0000000613a00000|  0%| F|  |TAMS 0x0000000613800000, 0x0000000613800000| Untracked 
| 123|0x0000000613a00000, 0x0000000613a00000, 0x0000000613c00000|  0%| F|  |TAMS 0x0000000613a00000, 0x0000000613a00000| Untracked 
| 124|0x0000000613c00000, 0x0000000613c00000, 0x0000000613e00000|  0%| F|  |TAMS 0x0000000613c00000, 0x0000000613c00000| Untracked 
| 125|0x0000000613e00000, 0x0000000613e00000, 0x0000000614000000|  0%| F|  |TAMS 0x0000000613e00000, 0x0000000613e00000| Untracked 
| 126|0x0000000614000000, 0x0000000614000000, 0x0000000614200000|  0%| F|  |TAMS 0x0000000614000000, 0x0000000614000000| Untracked 
| 127|0x0000000614200000, 0x0000000614200000, 0x0000000614400000|  0%| F|  |TAMS 0x0000000614200000, 0x0000000614200000| Untracked 
| 128|0x0000000614400000, 0x0000000614400000, 0x0000000614600000|  0%| F|  |TAMS 0x0000000614400000, 0x0000000614400000| Untracked 
| 129|0x0000000614600000, 0x0000000614600000, 0x0000000614800000|  0%| F|  |TAMS 0x0000000614600000, 0x0000000614600000| Untracked 
| 130|0x0000000614800000, 0x0000000614800000, 0x0000000614a00000|  0%| F|  |TAMS 0x0000000614800000, 0x0000000614800000| Untracked 
| 131|0x0000000614a00000, 0x0000000614a00000, 0x0000000614c00000|  0%| F|  |TAMS 0x0000000614a00000, 0x0000000614a00000| Untracked 
| 132|0x0000000614c00000, 0x0000000614c00000, 0x0000000614e00000|  0%| F|  |TAMS 0x0000000614c00000, 0x0000000614c00000| Untracked 
| 133|0x0000000614e00000, 0x0000000614e00000, 0x0000000615000000|  0%| F|  |TAMS 0x0000000614e00000, 0x0000000614e00000| Untracked 
| 134|0x0000000615000000, 0x0000000615000000, 0x0000000615200000|  0%| F|  |TAMS 0x0000000615000000, 0x0000000615000000| Untracked 
| 135|0x0000000615200000, 0x0000000615200000, 0x0000000615400000|  0%| F|  |TAMS 0x0000000615200000, 0x0000000615200000| Untracked 
| 136|0x0000000615400000, 0x0000000615400000, 0x0000000615600000|  0%| F|  |TAMS 0x0000000615400000, 0x0000000615400000| Untracked 
| 137|0x0000000615600000, 0x0000000615600000, 0x0000000615800000|  0%| F|  |TAMS 0x0000000615600000, 0x0000000615600000| Untracked 
| 138|0x0000000615800000, 0x0000000615800000, 0x0000000615a00000|  0%| F|  |TAMS 0x0000000615800000, 0x0000000615800000| Untracked 
| 139|0x0000000615a00000, 0x0000000615a00000, 0x0000000615c00000|  0%| F|  |TAMS 0x0000000615a00000, 0x0000000615a00000| Untracked 
| 140|0x0000000615c00000, 0x0000000615c00000, 0x0000000615e00000|  0%| F|  |TAMS 0x0000000615c00000, 0x0000000615c00000| Untracked 
| 141|0x0000000615e00000, 0x0000000615e00000, 0x0000000616000000|  0%| F|  |TAMS 0x0000000615e00000, 0x0000000615e00000| Untracked 
| 142|0x0000000616000000, 0x0000000616000000, 0x0000000616200000|  0%| F|  |TAMS 0x0000000616000000, 0x0000000616000000| Untracked 
| 143|0x0000000616200000, 0x0000000616200000, 0x0000000616400000|  0%| F|  |TAMS 0x0000000616200000, 0x0000000616200000| Untracked 
| 144|0x0000000616400000, 0x0000000616400000, 0x0000000616600000|  0%| F|  |TAMS 0x0000000616400000, 0x0000000616400000| Untracked 
| 145|0x0000000616600000, 0x0000000616600000, 0x0000000616800000|  0%| F|  |TAMS 0x0000000616600000, 0x0000000616600000| Untracked 
| 146|0x0000000616800000, 0x0000000616800000, 0x0000000616a00000|  0%| F|  |TAMS 0x0000000616800000, 0x0000000616800000| Untracked 
| 147|0x0000000616a00000, 0x0000000616a00000, 0x0000000616c00000|  0%| F|  |TAMS 0x0000000616a00000, 0x0000000616a00000| Untracked 
| 148|0x0000000616c00000, 0x0000000616c00000, 0x0000000616e00000|  0%| F|  |TAMS 0x0000000616c00000, 0x0000000616c00000| Untracked 
| 149|0x0000000616e00000, 0x0000000616e00000, 0x0000000617000000|  0%| F|  |TAMS 0x0000000616e00000, 0x0000000616e00000| Untracked 
| 150|0x0000000617000000, 0x0000000617000000, 0x0000000617200000|  0%| F|  |TAMS 0x0000000617000000, 0x0000000617000000| Untracked 
| 151|0x0000000617200000, 0x0000000617200000, 0x0000000617400000|  0%| F|  |TAMS 0x0000000617200000, 0x0000000617200000| Untracked 
| 152|0x0000000617400000, 0x0000000617400000, 0x0000000617600000|  0%| F|  |TAMS 0x0000000617400000, 0x0000000617400000| Untracked 
| 153|0x0000000617600000, 0x0000000617600000, 0x0000000617800000|  0%| F|  |TAMS 0x0000000617600000, 0x0000000617600000| Untracked 
| 154|0x0000000617800000, 0x0000000617800000, 0x0000000617a00000|  0%| F|  |TAMS 0x0000000617800000, 0x0000000617800000| Untracked 
| 155|0x0000000617a00000, 0x0000000617a00000, 0x0000000617c00000|  0%| F|  |TAMS 0x0000000617a00000, 0x0000000617a00000| Untracked 
| 156|0x0000000617c00000, 0x0000000617c00000, 0x0000000617e00000|  0%| F|  |TAMS 0x0000000617c00000, 0x0000000617c00000| Untracked 
| 157|0x0000000617e00000, 0x0000000617e00000, 0x0000000618000000|  0%| F|  |TAMS 0x0000000617e00000, 0x0000000617e00000| Untracked 
| 158|0x0000000618000000, 0x0000000618000000, 0x0000000618200000|  0%| F|  |TAMS 0x0000000618000000, 0x0000000618000000| Untracked 
| 159|0x0000000618200000, 0x0000000618200000, 0x0000000618400000|  0%| F|  |TAMS 0x0000000618200000, 0x0000000618200000| Untracked 
| 160|0x0000000618400000, 0x0000000618400000, 0x0000000618600000|  0%| F|  |TAMS 0x0000000618400000, 0x0000000618400000| Untracked 
| 161|0x0000000618600000, 0x0000000618600000, 0x0000000618800000|  0%| F|  |TAMS 0x0000000618600000, 0x0000000618600000| Untracked 
| 162|0x0000000618800000, 0x0000000618800000, 0x0000000618a00000|  0%| F|  |TAMS 0x0000000618800000, 0x0000000618800000| Untracked 
| 163|0x0000000618a00000, 0x0000000618a00000, 0x0000000618c00000|  0%| F|  |TAMS 0x0000000618a00000, 0x0000000618a00000| Untracked 
| 164|0x0000000618c00000, 0x0000000618c00000, 0x0000000618e00000|  0%| F|  |TAMS 0x0000000618c00000, 0x0000000618c00000| Untracked 
| 165|0x0000000618e00000, 0x0000000618e00000, 0x0000000619000000|  0%| F|  |TAMS 0x0000000618e00000, 0x0000000618e00000| Untracked 
| 166|0x0000000619000000, 0x0000000619000000, 0x0000000619200000|  0%| F|  |TAMS 0x0000000619000000, 0x0000000619000000| Untracked 
| 167|0x0000000619200000, 0x0000000619200000, 0x0000000619400000|  0%| F|  |TAMS 0x0000000619200000, 0x0000000619200000| Untracked 
| 168|0x0000000619400000, 0x0000000619400000, 0x0000000619600000|  0%| F|  |TAMS 0x0000000619400000, 0x0000000619400000| Untracked 
| 169|0x0000000619600000, 0x0000000619600000, 0x0000000619800000|  0%| F|  |TAMS 0x0000000619600000, 0x0000000619600000| Untracked 
| 170|0x0000000619800000, 0x0000000619800000, 0x0000000619a00000|  0%| F|  |TAMS 0x0000000619800000, 0x0000000619800000| Untracked 
| 171|0x0000000619a00000, 0x0000000619a00000, 0x0000000619c00000|  0%| F|  |TAMS 0x0000000619a00000, 0x0000000619a00000| Untracked 
| 172|0x0000000619c00000, 0x0000000619c00000, 0x0000000619e00000|  0%| F|  |TAMS 0x0000000619c00000, 0x0000000619c00000| Untracked 
| 173|0x0000000619e00000, 0x0000000619e00000, 0x000000061a000000|  0%| F|  |TAMS 0x0000000619e00000, 0x0000000619e00000| Untracked 
| 174|0x000000061a000000, 0x000000061a000000, 0x000000061a200000|  0%| F|  |TAMS 0x000000061a000000, 0x000000061a000000| Untracked 
| 175|0x000000061a200000, 0x000000061a200000, 0x000000061a400000|  0%| F|  |TAMS 0x000000061a200000, 0x000000061a200000| Untracked 
| 176|0x000000061a400000, 0x000000061a400000, 0x000000061a600000|  0%| F|  |TAMS 0x000000061a400000, 0x000000061a400000| Untracked 
| 177|0x000000061a600000, 0x000000061a600000, 0x000000061a800000|  0%| F|  |TAMS 0x000000061a600000, 0x000000061a600000| Untracked 
| 178|0x000000061a800000, 0x000000061a800000, 0x000000061aa00000|  0%| F|  |TAMS 0x000000061a800000, 0x000000061a800000| Untracked 
| 179|0x000000061aa00000, 0x000000061aa00000, 0x000000061ac00000|  0%| F|  |TAMS 0x000000061aa00000, 0x000000061aa00000| Untracked 
| 180|0x000000061ac00000, 0x000000061ac00000, 0x000000061ae00000|  0%| F|  |TAMS 0x000000061ac00000, 0x000000061ac00000| Untracked 
| 181|0x000000061ae00000, 0x000000061ae00000, 0x000000061b000000|  0%| F|  |TAMS 0x000000061ae00000, 0x000000061ae00000| Untracked 
| 182|0x000000061b000000, 0x000000061b000000, 0x000000061b200000|  0%| F|  |TAMS 0x000000061b000000, 0x000000061b000000| Untracked 
| 183|0x000000061b200000, 0x000000061b200000, 0x000000061b400000|  0%| F|  |TAMS 0x000000061b200000, 0x000000061b200000| Untracked 
| 184|0x000000061b400000, 0x000000061b400000, 0x000000061b600000|  0%| F|  |TAMS 0x000000061b400000, 0x000000061b400000| Untracked 
| 185|0x000000061b600000, 0x000000061b600000, 0x000000061b800000|  0%| F|  |TAMS 0x000000061b600000, 0x000000061b600000| Untracked 
| 186|0x000000061b800000, 0x000000061b800000, 0x000000061ba00000|  0%| F|  |TAMS 0x000000061b800000, 0x000000061b800000| Untracked 
| 187|0x000000061ba00000, 0x000000061ba00000, 0x000000061bc00000|  0%| F|  |TAMS 0x000000061ba00000, 0x000000061ba00000| Untracked 
| 188|0x000000061bc00000, 0x000000061bc00000, 0x000000061be00000|  0%| F|  |TAMS 0x000000061bc00000, 0x000000061bc00000| Untracked 
| 189|0x000000061be00000, 0x000000061be00000, 0x000000061c000000|  0%| F|  |TAMS 0x000000061be00000, 0x000000061be00000| Untracked 
| 190|0x000000061c000000, 0x000000061c000000, 0x000000061c200000|  0%| F|  |TAMS 0x000000061c000000, 0x000000061c000000| Untracked 
| 191|0x000000061c200000, 0x000000061c200000, 0x000000061c400000|  0%| F|  |TAMS 0x000000061c200000, 0x000000061c200000| Untracked 
| 192|0x000000061c400000, 0x000000061c400000, 0x000000061c600000|  0%| F|  |TAMS 0x000000061c400000, 0x000000061c400000| Untracked 
| 193|0x000000061c600000, 0x000000061c600000, 0x000000061c800000|  0%| F|  |TAMS 0x000000061c600000, 0x000000061c600000| Untracked 
| 194|0x000000061c800000, 0x000000061c800000, 0x000000061ca00000|  0%| F|  |TAMS 0x000000061c800000, 0x000000061c800000| Untracked 
| 195|0x000000061ca00000, 0x000000061cb00800, 0x000000061cc00000| 50%| E|  |TAMS 0x000000061ca00000, 0x000000061ca00000| Complete 
| 196|0x000000061cc00000, 0x000000061ce00000, 0x000000061ce00000|100%| E|CS|TAMS 0x000000061cc00000, 0x000000061cc00000| Complete 
| 197|0x000000061ce00000, 0x000000061d000000, 0x000000061d000000|100%| E|CS|TAMS 0x000000061ce00000, 0x000000061ce00000| Complete 
| 198|0x000000061d000000, 0x000000061d200000, 0x000000061d200000|100%| E|CS|TAMS 0x000000061d000000, 0x000000061d000000| Complete 
| 199|0x000000061d200000, 0x000000061d400000, 0x000000061d400000|100%| E|CS|TAMS 0x000000061d200000, 0x000000061d200000| Complete 
| 200|0x000000061d400000, 0x000000061d600000, 0x000000061d600000|100%| E|CS|TAMS 0x000000061d400000, 0x000000061d400000| Complete 
| 201|0x000000061d600000, 0x000000061d800000, 0x000000061d800000|100%| E|CS|TAMS 0x000000061d600000, 0x000000061d600000| Complete 
| 202|0x000000061d800000, 0x000000061da00000, 0x000000061da00000|100%| E|CS|TAMS 0x000000061d800000, 0x000000061d800000| Complete 
| 203|0x000000061da00000, 0x000000061dc00000, 0x000000061dc00000|100%| E|CS|TAMS 0x000000061da00000, 0x000000061da00000| Complete 
| 204|0x000000061dc00000, 0x000000061de00000, 0x000000061de00000|100%| E|CS|TAMS 0x000000061dc00000, 0x000000061dc00000| Complete 
| 205|0x000000061de00000, 0x000000061e000000, 0x000000061e000000|100%| E|CS|TAMS 0x000000061de00000, 0x000000061de00000| Complete 
| 206|0x000000061e000000, 0x000000061e200000, 0x000000061e200000|100%| E|CS|TAMS 0x000000061e000000, 0x000000061e000000| Complete 
| 207|0x000000061e200000, 0x000000061e400000, 0x000000061e400000|100%| E|CS|TAMS 0x000000061e200000, 0x000000061e200000| Complete 
| 208|0x000000061e400000, 0x000000061e600000, 0x000000061e600000|100%| E|CS|TAMS 0x000000061e400000, 0x000000061e400000| Complete 
| 209|0x000000061e600000, 0x000000061e800000, 0x000000061e800000|100%| E|CS|TAMS 0x000000061e600000, 0x000000061e600000| Complete 
| 210|0x000000061e800000, 0x000000061ea00000, 0x000000061ea00000|100%| E|CS|TAMS 0x000000061e800000, 0x000000061e800000| Complete 
| 211|0x000000061ea00000, 0x000000061ec00000, 0x000000061ec00000|100%| E|CS|TAMS 0x000000061ea00000, 0x000000061ea00000| Complete 
| 212|0x000000061ec00000, 0x000000061ee00000, 0x000000061ee00000|100%| E|CS|TAMS 0x000000061ec00000, 0x000000061ec00000| Complete 
| 213|0x000000061ee00000, 0x000000061f000000, 0x000000061f000000|100%| E|CS|TAMS 0x000000061ee00000, 0x000000061ee00000| Complete 
| 214|0x000000061f000000, 0x000000061f200000, 0x000000061f200000|100%| E|CS|TAMS 0x000000061f000000, 0x000000061f000000| Complete 
| 215|0x000000061f200000, 0x000000061f400000, 0x000000061f400000|100%| E|CS|TAMS 0x000000061f200000, 0x000000061f200000| Complete 
| 216|0x000000061f400000, 0x000000061f600000, 0x000000061f600000|100%| E|CS|TAMS 0x000000061f400000, 0x000000061f400000| Complete 
| 217|0x000000061f600000, 0x000000061f800000, 0x000000061f800000|100%| E|CS|TAMS 0x000000061f600000, 0x000000061f600000| Complete 
| 218|0x000000061f800000, 0x000000061fa00000, 0x000000061fa00000|100%| E|CS|TAMS 0x000000061f800000, 0x000000061f800000| Complete 
| 219|0x000000061fa00000, 0x000000061fc00000, 0x000000061fc00000|100%| E|CS|TAMS 0x000000061fa00000, 0x000000061fa00000| Complete 
| 220|0x000000061fc00000, 0x000000061fe00000, 0x000000061fe00000|100%| E|CS|TAMS 0x000000061fc00000, 0x000000061fc00000| Complete 
| 221|0x000000061fe00000, 0x0000000620000000, 0x0000000620000000|100%| E|CS|TAMS 0x000000061fe00000, 0x000000061fe00000| Complete 
| 222|0x0000000620000000, 0x0000000620200000, 0x0000000620200000|100%| E|CS|TAMS 0x0000000620000000, 0x0000000620000000| Complete 
| 223|0x0000000620200000, 0x0000000620400000, 0x0000000620400000|100%| E|CS|TAMS 0x0000000620200000, 0x0000000620200000| Complete 
| 224|0x0000000620400000, 0x0000000620600000, 0x0000000620600000|100%| E|CS|TAMS 0x0000000620400000, 0x0000000620400000| Complete 
| 225|0x0000000620600000, 0x0000000620800000, 0x0000000620800000|100%| E|CS|TAMS 0x0000000620600000, 0x0000000620600000| Complete 
| 226|0x0000000620800000, 0x0000000620a00000, 0x0000000620a00000|100%| E|CS|TAMS 0x0000000620800000, 0x0000000620800000| Complete 
| 227|0x0000000620a00000, 0x0000000620c00000, 0x0000000620c00000|100%| E|CS|TAMS 0x0000000620a00000, 0x0000000620a00000| Complete 
| 228|0x0000000620c00000, 0x0000000620e00000, 0x0000000620e00000|100%| E|CS|TAMS 0x0000000620c00000, 0x0000000620c00000| Complete 
| 229|0x0000000620e00000, 0x0000000621000000, 0x0000000621000000|100%| E|CS|TAMS 0x0000000620e00000, 0x0000000620e00000| Complete 
| 230|0x0000000621000000, 0x0000000621200000, 0x0000000621200000|100%| E|CS|TAMS 0x0000000621000000, 0x0000000621000000| Complete 
| 231|0x0000000621200000, 0x0000000621400000, 0x0000000621400000|100%| E|CS|TAMS 0x0000000621200000, 0x0000000621200000| Complete 
| 232|0x0000000621400000, 0x0000000621600000, 0x0000000621600000|100%| E|CS|TAMS 0x0000000621400000, 0x0000000621400000| Complete 
| 233|0x0000000621600000, 0x0000000621800000, 0x0000000621800000|100%| E|CS|TAMS 0x0000000621600000, 0x0000000621600000| Complete 
| 234|0x0000000621800000, 0x0000000621a00000, 0x0000000621a00000|100%| E|CS|TAMS 0x0000000621800000, 0x0000000621800000| Complete 
| 235|0x0000000621a00000, 0x0000000621c00000, 0x0000000621c00000|100%| E|CS|TAMS 0x0000000621a00000, 0x0000000621a00000| Complete 
| 236|0x0000000621c00000, 0x0000000621e00000, 0x0000000621e00000|100%| E|CS|TAMS 0x0000000621c00000, 0x0000000621c00000| Complete 
| 237|0x0000000621e00000, 0x0000000622000000, 0x0000000622000000|100%| E|CS|TAMS 0x0000000621e00000, 0x0000000621e00000| Complete 
| 238|0x0000000622000000, 0x0000000622200000, 0x0000000622200000|100%| E|CS|TAMS 0x0000000622000000, 0x0000000622000000| Complete 
| 239|0x0000000622200000, 0x0000000622400000, 0x0000000622400000|100%| E|CS|TAMS 0x0000000622200000, 0x0000000622200000| Complete 
| 240|0x0000000622400000, 0x0000000622600000, 0x0000000622600000|100%| E|CS|TAMS 0x0000000622400000, 0x0000000622400000| Complete 
| 241|0x0000000622600000, 0x0000000622800000, 0x0000000622800000|100%| E|CS|TAMS 0x0000000622600000, 0x0000000622600000| Complete 
| 242|0x0000000622800000, 0x0000000622a00000, 0x0000000622a00000|100%| E|CS|TAMS 0x0000000622800000, 0x0000000622800000| Complete 
| 243|0x0000000622a00000, 0x0000000622c00000, 0x0000000622c00000|100%| E|CS|TAMS 0x0000000622a00000, 0x0000000622a00000| Complete 
| 244|0x0000000622c00000, 0x0000000622e00000, 0x0000000622e00000|100%| E|CS|TAMS 0x0000000622c00000, 0x0000000622c00000| Complete 
| 245|0x0000000622e00000, 0x0000000623000000, 0x0000000623000000|100%| E|CS|TAMS 0x0000000622e00000, 0x0000000622e00000| Complete 
| 246|0x0000000623000000, 0x0000000623200000, 0x0000000623200000|100%| E|CS|TAMS 0x0000000623000000, 0x0000000623000000| Complete 
| 247|0x0000000623200000, 0x0000000623400000, 0x0000000623400000|100%| E|CS|TAMS 0x0000000623200000, 0x0000000623200000| Complete 
| 248|0x0000000623400000, 0x0000000623600000, 0x0000000623600000|100%| E|CS|TAMS 0x0000000623400000, 0x0000000623400000| Complete 
| 249|0x0000000623600000, 0x0000000623800000, 0x0000000623800000|100%| E|CS|TAMS 0x0000000623600000, 0x0000000623600000| Complete 
| 250|0x0000000623800000, 0x0000000623a00000, 0x0000000623a00000|100%| E|CS|TAMS 0x0000000623800000, 0x0000000623800000| Complete 
| 251|0x0000000623a00000, 0x0000000623c00000, 0x0000000623c00000|100%| E|CS|TAMS 0x0000000623a00000, 0x0000000623a00000| Complete 
| 252|0x0000000623c00000, 0x0000000623e00000, 0x0000000623e00000|100%| E|CS|TAMS 0x0000000623c00000, 0x0000000623c00000| Complete 
| 253|0x0000000623e00000, 0x0000000624000000, 0x0000000624000000|100%| E|CS|TAMS 0x0000000623e00000, 0x0000000623e00000| Complete 
| 254|0x0000000624000000, 0x0000000624200000, 0x0000000624200000|100%| E|CS|TAMS 0x0000000624000000, 0x0000000624000000| Complete 
| 255|0x0000000624200000, 0x0000000624400000, 0x0000000624400000|100%| E|CS|TAMS 0x0000000624200000, 0x0000000624200000| Complete 
| 256|0x0000000624400000, 0x0000000624600000, 0x0000000624600000|100%| E|CS|TAMS 0x0000000624400000, 0x0000000624400000| Complete 
| 257|0x0000000624600000, 0x0000000624800000, 0x0000000624800000|100%| E|CS|TAMS 0x0000000624600000, 0x0000000624600000| Complete 
| 258|0x0000000624800000, 0x0000000624a00000, 0x0000000624a00000|100%| E|CS|TAMS 0x0000000624800000, 0x0000000624800000| Complete 
| 259|0x0000000624a00000, 0x0000000624c00000, 0x0000000624c00000|100%| E|CS|TAMS 0x0000000624a00000, 0x0000000624a00000| Complete 
| 260|0x0000000624c00000, 0x0000000624e00000, 0x0000000624e00000|100%| E|CS|TAMS 0x0000000624c00000, 0x0000000624c00000| Complete 
| 261|0x0000000624e00000, 0x0000000625000000, 0x0000000625000000|100%| E|CS|TAMS 0x0000000624e00000, 0x0000000624e00000| Complete 
| 262|0x0000000625000000, 0x0000000625200000, 0x0000000625200000|100%| E|CS|TAMS 0x0000000625000000, 0x0000000625000000| Complete 
| 263|0x0000000625200000, 0x0000000625400000, 0x0000000625400000|100%| E|CS|TAMS 0x0000000625200000, 0x0000000625200000| Complete 
| 264|0x0000000625400000, 0x0000000625600000, 0x0000000625600000|100%| E|CS|TAMS 0x0000000625400000, 0x0000000625400000| Complete 
| 265|0x0000000625600000, 0x0000000625800000, 0x0000000625800000|100%| E|CS|TAMS 0x0000000625600000, 0x0000000625600000| Complete 
| 266|0x0000000625800000, 0x0000000625a00000, 0x0000000625a00000|100%| E|CS|TAMS 0x0000000625800000, 0x0000000625800000| Complete 
| 267|0x0000000625a00000, 0x0000000625c00000, 0x0000000625c00000|100%| E|CS|TAMS 0x0000000625a00000, 0x0000000625a00000| Complete 
| 268|0x0000000625c00000, 0x0000000625e00000, 0x0000000625e00000|100%| E|CS|TAMS 0x0000000625c00000, 0x0000000625c00000| Complete 
| 269|0x0000000625e00000, 0x0000000626000000, 0x0000000626000000|100%| E|CS|TAMS 0x0000000625e00000, 0x0000000625e00000| Complete 
| 270|0x0000000626000000, 0x0000000626200000, 0x0000000626200000|100%| E|CS|TAMS 0x0000000626000000, 0x0000000626000000| Complete 
| 271|0x0000000626200000, 0x0000000626400000, 0x0000000626400000|100%| E|CS|TAMS 0x0000000626200000, 0x0000000626200000| Complete 
| 272|0x0000000626400000, 0x0000000626600000, 0x0000000626600000|100%| E|CS|TAMS 0x0000000626400000, 0x0000000626400000| Complete 
| 273|0x0000000626600000, 0x0000000626800000, 0x0000000626800000|100%| E|CS|TAMS 0x0000000626600000, 0x0000000626600000| Complete 
| 274|0x0000000626800000, 0x0000000626a00000, 0x0000000626a00000|100%| E|CS|TAMS 0x0000000626800000, 0x0000000626800000| Complete 
| 275|0x0000000626a00000, 0x0000000626c00000, 0x0000000626c00000|100%| E|CS|TAMS 0x0000000626a00000, 0x0000000626a00000| Complete 
| 276|0x0000000626c00000, 0x0000000626e00000, 0x0000000626e00000|100%| E|CS|TAMS 0x0000000626c00000, 0x0000000626c00000| Complete 
| 277|0x0000000626e00000, 0x0000000627000000, 0x0000000627000000|100%| E|CS|TAMS 0x0000000626e00000, 0x0000000626e00000| Complete 
| 278|0x0000000627000000, 0x0000000627200000, 0x0000000627200000|100%| E|CS|TAMS 0x0000000627000000, 0x0000000627000000| Complete 
| 279|0x0000000627200000, 0x0000000627400000, 0x0000000627400000|100%| E|CS|TAMS 0x0000000627200000, 0x0000000627200000| Complete 
| 280|0x0000000627400000, 0x0000000627600000, 0x0000000627600000|100%| E|CS|TAMS 0x0000000627400000, 0x0000000627400000| Complete 
| 281|0x0000000627600000, 0x0000000627800000, 0x0000000627800000|100%| E|CS|TAMS 0x0000000627600000, 0x0000000627600000| Complete 
| 282|0x0000000627800000, 0x0000000627a00000, 0x0000000627a00000|100%| E|CS|TAMS 0x0000000627800000, 0x0000000627800000| Complete 
| 283|0x0000000627a00000, 0x0000000627c00000, 0x0000000627c00000|100%| E|CS|TAMS 0x0000000627a00000, 0x0000000627a00000| Complete 
| 284|0x0000000627c00000, 0x0000000627e00000, 0x0000000627e00000|100%| E|CS|TAMS 0x0000000627c00000, 0x0000000627c00000| Complete 
| 285|0x0000000627e00000, 0x0000000628000000, 0x0000000628000000|100%| E|CS|TAMS 0x0000000627e00000, 0x0000000627e00000| Complete 
| 286|0x0000000628000000, 0x0000000628200000, 0x0000000628200000|100%| E|CS|TAMS 0x0000000628000000, 0x0000000628000000| Complete 
| 287|0x0000000628200000, 0x0000000628400000, 0x0000000628400000|100%| E|CS|TAMS 0x0000000628200000, 0x0000000628200000| Complete 
| 288|0x0000000628400000, 0x0000000628600000, 0x0000000628600000|100%| E|CS|TAMS 0x0000000628400000, 0x0000000628400000| Complete 
| 289|0x0000000628600000, 0x0000000628800000, 0x0000000628800000|100%| E|CS|TAMS 0x0000000628600000, 0x0000000628600000| Complete 
| 290|0x0000000628800000, 0x0000000628a00000, 0x0000000628a00000|100%| E|CS|TAMS 0x0000000628800000, 0x0000000628800000| Complete 
| 291|0x0000000628a00000, 0x0000000628c00000, 0x0000000628c00000|100%| E|CS|TAMS 0x0000000628a00000, 0x0000000628a00000| Complete 
| 292|0x0000000628c00000, 0x0000000628e00000, 0x0000000628e00000|100%| E|CS|TAMS 0x0000000628c00000, 0x0000000628c00000| Complete 
| 293|0x0000000628e00000, 0x0000000629000000, 0x0000000629000000|100%| E|CS|TAMS 0x0000000628e00000, 0x0000000628e00000| Complete 
| 294|0x0000000629000000, 0x0000000629200000, 0x0000000629200000|100%| E|CS|TAMS 0x0000000629000000, 0x0000000629000000| Complete 
| 295|0x0000000629200000, 0x0000000629400000, 0x0000000629400000|100%| E|CS|TAMS 0x0000000629200000, 0x0000000629200000| Complete 
| 296|0x0000000629400000, 0x0000000629600000, 0x0000000629600000|100%| E|CS|TAMS 0x0000000629400000, 0x0000000629400000| Complete 
| 297|0x0000000629600000, 0x0000000629800000, 0x0000000629800000|100%| E|CS|TAMS 0x0000000629600000, 0x0000000629600000| Complete 
| 298|0x0000000629800000, 0x0000000629a00000, 0x0000000629a00000|100%| E|CS|TAMS 0x0000000629800000, 0x0000000629800000| Complete 
| 299|0x0000000629a00000, 0x0000000629c00000, 0x0000000629c00000|100%| E|CS|TAMS 0x0000000629a00000, 0x0000000629a00000| Complete 
| 300|0x0000000629c00000, 0x0000000629e00000, 0x0000000629e00000|100%| E|CS|TAMS 0x0000000629c00000, 0x0000000629c00000| Complete 
| 301|0x0000000629e00000, 0x000000062a000000, 0x000000062a000000|100%| E|CS|TAMS 0x0000000629e00000, 0x0000000629e00000| Complete 
| 302|0x000000062a000000, 0x000000062a200000, 0x000000062a200000|100%| E|CS|TAMS 0x000000062a000000, 0x000000062a000000| Complete 
| 303|0x000000062a200000, 0x000000062a400000, 0x000000062a400000|100%| E|CS|TAMS 0x000000062a200000, 0x000000062a200000| Complete 
| 304|0x000000062a400000, 0x000000062a600000, 0x000000062a600000|100%| E|CS|TAMS 0x000000062a400000, 0x000000062a400000| Complete 

Card table byte_map: [0x000002566a0e0000,0x000002566b0c0000] _byte_map_base: 0x00000256670be000

Marking Bits (Prev, Next): (CMBitMap*) 0x000002564f82c860, (CMBitMap*) 0x000002564f82c828
 Prev Bits: [0x0000025673f90000, 0x000002567be80000)
 Next Bits: [0x000002566c0a0000, 0x0000025673f90000)

Polling page: 0x000002564f880000

Metaspace:

Usage:
  Non-class:     26.76 MB capacity,    26.53 MB (>99%) used,   195.66 KB ( <1%) free+waste,    43.19 KB ( <1%) overhead. 
      Class:      3.28 MB capacity,     3.15 MB ( 96%) used,   112.85 KB (  3%) free+waste,    16.75 KB ( <1%) overhead. 
       Both:     30.04 MB capacity,    29.68 MB ( 99%) used,   308.51 KB (  1%) free+waste,    59.94 KB ( <1%) overhead. 

Virtual space:
  Non-class space:       28.00 MB reserved,      27.00 MB ( 96%) committed 
      Class space:        1.00 GB reserved,       3.38 MB ( <1%) committed 
             Both:        1.03 GB reserved,      30.38 MB (  3%) committed 

Chunk freelists:
   Non-Class:  54.00 KB
       Class:  3.00 KB
        Both:  57.00 KB

MaxMetaspaceSize: 17179869184.00 GB
CompressedClassSpaceSize: 1.00 GB
Initial GC threshold: 20.80 MB
Current GC threshold: 35.00 MB
CDS: off

CodeHeap 'non-profiled nmethods': size=120000Kb used=4142Kb max_used=4142Kb free=115857Kb
 bounds [0x0000025661160000, 0x0000025661570000, 0x0000025668690000]
CodeHeap 'profiled nmethods': size=120000Kb used=12798Kb max_used=12798Kb free=107202Kb
 bounds [0x0000025659c30000, 0x000002565a8b0000, 0x0000025661160000]
CodeHeap 'non-nmethods': size=5760Kb used=1352Kb max_used=1410Kb free=4407Kb
 bounds [0x0000025659690000, 0x0000025659900000, 0x0000025659c30000]
 total_blobs=6356 nmethods=5709 adapters=559
 compilation: enabled
              stopped_count=0, restarted_count=0
 full_count=0

Compilation events (20 events):
Event: 35.349 Thread 0x0000025601da4000 nmethod 5721% 0x0000025661562810 code [0x00000256615629e0, 0x0000025661563488]
Event: 35.349 Thread 0x0000025601da4000 5714       4       javazoom.jl.decoder.LayerIIIDecoder::huffman_decode (738 bytes)
Event: 35.365 Thread 0x000002567f3ac000 5731       3       org.uqbar.project.wollok.wollokDsl.impl.WSuperInvocationImpl::eStaticClass (4 bytes)
Event: 35.365 Thread 0x000002567f3ac000 nmethod 5731 0x000002565a8ade10 code [0x000002565a8adfc0, 0x000002565a8ae0d8]
Event: 35.372 Thread 0x000002567f3a3000 nmethod 5708 0x0000025661563990 code [0x0000025661563c40, 0x0000025661565d50]
Event: 35.372 Thread 0x000002567f3a3000 5722       4       javazoom.jl.decoder.LayerIIIDecoder::dequantize_sample (1019 bytes)
Event: 35.375 Thread 0x000002567f3ac000 5732       3       org.uqbar.project.wollok.wollokDsl.impl.WSuperInvocationImpl::eIsSet (49 bytes)
Event: 35.376 Thread 0x000002567f3ac000 nmethod 5732 0x000002565a8ae190 code [0x000002565a8ae360, 0x000002565a8ae638]
Event: 35.376 Thread 0x0000025601da9800 nmethod 5717 0x0000025661566e10 code [0x0000025661566fe0, 0x0000025661567bd8]
Event: 35.376 Thread 0x0000025601da9800 5716 %     4       javazoom.jl.decoder.LayerIIIDecoder::decode @ 340 (572 bytes)
Event: 35.377 Thread 0x000002567f3ac000 5733       2       java.lang.Iterable::forEach (39 bytes)
Event: 35.377 Thread 0x000002567f3ac000 nmethod 5733 0x000002565a8ae710 code [0x000002565a8ae900, 0x000002565a8aeba8]
Event: 35.377 Thread 0x000002567f3ac000 5734       3       java.lang.Integer::toString (55 bytes)
Event: 35.378 Thread 0x000002567f3ac000 nmethod 5734 0x000002565a8aed10 code [0x000002565a8aef00, 0x000002565a8af298]
Event: 35.380 Thread 0x0000025601da4000 nmethod 5714 0x0000025661568510 code [0x00000256615687a0, 0x0000025661569cd8]
Event: 35.380 Thread 0x0000025601da4000 5728 %     4       javazoom.jl.decoder.LayerIIIDecoder::antialias @ 90 (198 bytes)
Event: 35.388 Thread 0x0000025601da4000 nmethod 5728% 0x000002566156af10 code [0x000002566156b0c0, 0x000002566156b678]
Event: 35.388 Thread 0x0000025601da4000 5709       4       org.uqbar.project.wollok.interpreter.WollokInterpreter::resolve (104 bytes)
Event: 35.393 Thread 0x000002567f3ac000 5735       3       java.nio.ByteBuffer::hasArray (20 bytes)
Event: 35.393 Thread 0x000002567f3ac000 nmethod 5735 0x000002565a8af410 code [0x000002565a8af5c0, 0x000002565a8af758]

GC Heap History (20 events):
Event: 0.444 GC heap before
{Heap before GC invocations=0 (full 0):
 garbage-first heap   total 520192K, used 22528K [0x0000000604400000, 0x0000000800000000)
  region size 2048K, 12 young (24576K), 0 survivors (0K)
 Metaspace       used 9789K, capacity 9913K, committed 9984K, reserved 1058816K
  class space    used 906K, capacity 959K, committed 1024K, reserved 1048576K
}
Event: 0.448 GC heap after
{Heap after GC invocations=1 (full 0):
 garbage-first heap   total 520192K, used 6678K [0x0000000604400000, 0x0000000800000000)
  region size 2048K, 2 young (4096K), 2 survivors (4096K)
 Metaspace       used 9789K, capacity 9913K, committed 9984K, reserved 1058816K
  class space    used 906K, capacity 959K, committed 1024K, reserved 1048576K
}
Event: 0.682 GC heap before
{Heap before GC invocations=1 (full 0):
 garbage-first heap   total 520192K, used 29206K [0x0000000604400000, 0x0000000800000000)
  region size 2048K, 13 young (26624K), 2 survivors (4096K)
 Metaspace       used 12458K, capacity 12670K, committed 12800K, reserved 1060864K
  class space    used 1198K, capacity 1258K, committed 1280K, reserved 1048576K
}
Event: 0.684 GC heap after
{Heap after GC invocations=2 (full 0):
 garbage-first heap   total 520192K, used 10298K [0x0000000604400000, 0x0000000800000000)
  region size 2048K, 2 young (4096K), 2 survivors (4096K)
 Metaspace       used 12458K, capacity 12670K, committed 12800K, reserved 1060864K
  class space    used 1198K, capacity 1258K, committed 1280K, reserved 1048576K
}
Event: 1.160 GC heap before
{Heap before GC invocations=2 (full 0):
 garbage-first heap   total 520192K, used 53306K [0x0000000604400000, 0x0000000800000000)
  region size 2048K, 24 young (49152K), 2 survivors (4096K)
 Metaspace       used 18101K, capacity 18296K, committed 18560K, reserved 1064960K
  class space    used 2017K, capacity 2079K, committed 2176K, reserved 1048576K
}
Event: 1.165 GC heap after
{Heap after GC invocations=3 (full 0):
 garbage-first heap   total 520192K, used 16290K [0x0000000604400000, 0x0000000800000000)
  region size 2048K, 3 young (6144K), 3 survivors (6144K)
 Metaspace       used 18101K, capacity 18296K, committed 18560K, reserved 1064960K
  class space    used 2017K, capacity 2079K, committed 2176K, reserved 1048576K
}
Event: 1.384 GC heap before
{Heap before GC invocations=3 (full 0):
 garbage-first heap   total 520192K, used 30626K [0x0000000604400000, 0x0000000800000000)
  region size 2048K, 11 young (22528K), 3 survivors (6144K)
 Metaspace       used 20962K, capacity 21124K, committed 21248K, reserved 1069056K
  class space    used 2410K, capacity 2465K, committed 2560K, reserved 1048576K
}
Event: 1.391 GC heap after
{Heap after GC invocations=4 (full 0):
 garbage-first heap   total 520192K, used 18390K [0x0000000604400000, 0x0000000800000000)
  region size 2048K, 1 young (2048K), 1 survivors (2048K)
 Metaspace       used 20962K, capacity 21124K, committed 21248K, reserved 1069056K
  class space    used 2410K, capacity 2465K, committed 2560K, reserved 1048576K
}
Event: 2.366 GC heap before
{Heap before GC invocations=5 (full 0):
 garbage-first heap   total 520192K, used 83926K [0x0000000604400000, 0x0000000800000000)
  region size 2048K, 33 young (67584K), 1 survivors (2048K)
 Metaspace       used 25527K, capacity 25856K, committed 26112K, reserved 1073152K
  class space    used 2893K, capacity 2986K, committed 3072K, reserved 1048576K
}
Event: 2.376 GC heap after
{Heap after GC invocations=6 (full 0):
 garbage-first heap   total 624640K, used 22486K [0x0000000604400000, 0x0000000800000000)
  region size 2048K, 3 young (6144K), 3 survivors (6144K)
 Metaspace       used 25527K, capacity 25856K, committed 26112K, reserved 1073152K
  class space    used 2893K, capacity 2986K, committed 3072K, reserved 1048576K
}
Event: 4.135 GC heap before
{Heap before GC invocations=6 (full 0):
 garbage-first heap   total 624640K, used 120790K [0x0000000604400000, 0x0000000800000000)
  region size 2048K, 51 young (104448K), 3 survivors (6144K)
 Metaspace       used 29402K, capacity 29722K, committed 29952K, reserved 1075200K
  class space    used 3167K, capacity 3274K, committed 3328K, reserved 1048576K
}
Event: 4.139 GC heap after
{Heap after GC invocations=7 (full 0):
 garbage-first heap   total 624640K, used 23836K [0x0000000604400000, 0x0000000800000000)
  region size 2048K, 4 young (8192K), 4 survivors (8192K)
 Metaspace       used 29402K, capacity 29722K, committed 29952K, reserved 1075200K
  class space    used 3167K, capacity 3274K, committed 3328K, reserved 1048576K
}
Event: 7.252 GC heap before
{Heap before GC invocations=7 (full 0):
 garbage-first heap   total 624640K, used 173340K [0x0000000604400000, 0x0000000800000000)
  region size 2048K, 77 young (157696K), 4 survivors (8192K)
 Metaspace       used 29450K, capacity 29787K, committed 29952K, reserved 1075200K
  class space    used 3167K, capacity 3274K, committed 3328K, reserved 1048576K
}
Event: 7.258 GC heap after
{Heap after GC invocations=8 (full 0):
 garbage-first heap   total 624640K, used 23803K [0x0000000604400000, 0x0000000800000000)
  region size 2048K, 4 young (8192K), 4 survivors (8192K)
 Metaspace       used 29450K, capacity 29787K, committed 29952K, reserved 1075200K
  class space    used 3167K, capacity 3274K, committed 3328K, reserved 1048576K
}
Event: 15.315 GC heap before
{Heap before GC invocations=8 (full 0):
 garbage-first heap   total 624640K, used 267515K [0x0000000604400000, 0x0000000800000000)
  region size 2048K, 123 young (251904K), 4 survivors (8192K)
 Metaspace       used 29567K, capacity 29916K, committed 30208K, reserved 1077248K
  class space    used 3169K, capacity 3274K, committed 3328K, reserved 1048576K
}
Event: 15.322 GC heap after
{Heap after GC invocations=9 (full 0):
 garbage-first heap   total 624640K, used 23925K [0x0000000604400000, 0x0000000800000000)
  region size 2048K, 4 young (8192K), 4 survivors (8192K)
 Metaspace       used 29567K, capacity 29916K, committed 30208K, reserved 1077248K
  class space    used 3169K, capacity 3274K, committed 3328K, reserved 1048576K
}
Event: 23.452 GC heap before
{Heap before GC invocations=9 (full 0):
 garbage-first heap   total 624640K, used 357749K [0x0000000604400000, 0x0000000800000000)
  region size 2048K, 167 young (342016K), 4 survivors (8192K)
 Metaspace       used 29785K, capacity 30083K, committed 30208K, reserved 1077248K
  class space    used 3175K, capacity 3283K, committed 3328K, reserved 1048576K
}
Event: 23.458 GC heap after
{Heap after GC invocations=10 (full 0):
 garbage-first heap   total 624640K, used 24140K [0x0000000604400000, 0x0000000800000000)
  region size 2048K, 4 young (8192K), 4 survivors (8192K)
 Metaspace       used 29785K, capacity 30083K, committed 30208K, reserved 1077248K
  class space    used 3175K, capacity 3283K, committed 3328K, reserved 1048576K
}
Event: 31.234 GC heap before
{Heap before GC invocations=10 (full 0):
 garbage-first heap   total 624640K, used 390732K [0x0000000604400000, 0x0000000800000000)
  region size 2048K, 183 young (374784K), 4 survivors (8192K)
 Metaspace       used 30268K, capacity 30592K, committed 30720K, reserved 1077248K
  class space    used 3212K, capacity 3324K, committed 3328K, reserved 1048576K
}
Event: 31.239 GC heap after
{Heap after GC invocations=11 (full 0):
 garbage-first heap   total 624640K, used 24296K [0x0000000604400000, 0x0000000800000000)
  region size 2048K, 4 young (8192K), 4 survivors (8192K)
 Metaspace       used 30268K, capacity 30592K, committed 30720K, reserved 1077248K
  class space    used 3212K, capacity 3324K, committed 3328K, reserved 1048576K
}

Deoptimization events (20 events):
Event: 35.361 Thread 0x00000256025ee800 Uncommon trap: trap_request=0xffffff4d fr.pc=0x000002566151c2b4 relative=0x0000000000001094
Event: 35.361 Thread 0x00000256025ee800 Uncommon trap: reason=unstable_if action=reinterpret pc=0x000002566151c2b4 method=org.uqbar.project.wollok.interpreter.nativeobj.WollokJavaConversions.wollokToJava(Ljava/lang/Object;Ljava/lang/Class;)Ljava/lang/Object; @ 164 c2
Event: 35.361 Thread 0x00000256025ee800 DEOPT PACKING pc=0x000002566151c2b4 sp=0x000000d930ffebc0
Event: 35.361 Thread 0x00000256025ee800 DEOPT UNPACKING pc=0x00000256596985af sp=0x000000d930ffeb60 mode 2
Event: 35.362 Thread 0x00000256025ee800 Uncommon trap: trap_request=0xffffff7e fr.pc=0x00000256614050b4 relative=0x00000000000006d4
Event: 35.362 Thread 0x00000256025ee800 Uncommon trap: reason=predicate action=maybe_recompile pc=0x00000256614050b4 method=java.lang.Iterable.forEach(Ljava/util/function/Consumer;)V @ 18 c2
Event: 35.362 Thread 0x00000256025ee800 DEOPT PACKING pc=0x00000256614050b4 sp=0x000000d930ffebe0
Event: 35.362 Thread 0x00000256025ee800 DEOPT UNPACKING pc=0x00000256596985af sp=0x000000d930ffeb90 mode 2
Event: 35.378 Thread 0x00000256025ee800 Uncommon trap: trap_request=0xffffffc6 fr.pc=0x000002566140f97c relative=0x000000000000097c
Event: 35.378 Thread 0x00000256025ee800 Uncommon trap: reason=bimorphic_or_optimized_type_check action=maybe_recompile pc=0x000002566140f97c method=com.google.common.base.Joiner.appendTo(Ljava/lang/Appendable;Ljava/util/Iterator;)Ljava/lang/Appendable; @ 54 c2
Event: 35.378 Thread 0x00000256025ee800 DEOPT PACKING pc=0x000002566140f97c sp=0x000000d930ffeb90
Event: 35.378 Thread 0x00000256025ee800 DEOPT UNPACKING pc=0x00000256596985af sp=0x000000d930ffeb98 mode 2
Event: 35.379 Thread 0x00000256025ee800 Uncommon trap: trap_request=0xfffffff6 fr.pc=0x000002566148b008 relative=0x0000000000001ec8
Event: 35.379 Thread 0x00000256025ee800 Uncommon trap: reason=null_check action=maybe_recompile pc=0x000002566148b008 method=org.uqbar.project.wollok.game.WPosition.<init>(Lorg/uqbar/project/wollok/interpreter/core/WollokObject;)V @ 10 c2
Event: 35.379 Thread 0x00000256025ee800 DEOPT PACKING pc=0x000002566148b008 sp=0x000000d930ffee40
Event: 35.379 Thread 0x00000256025ee800 DEOPT UNPACKING pc=0x00000256596985af sp=0x000000d930ffea30 mode 2
Event: 35.392 Thread 0x00000256025ee800 Uncommon trap: trap_request=0xffffff4d fr.pc=0x00000256613e322c relative=0x000000000000026c
Event: 35.392 Thread 0x00000256025ee800 Uncommon trap: reason=unstable_if action=reinterpret pc=0x00000256613e322c method=java.util.HashMap$HashIterator.<init>(Ljava/util/HashMap;)V @ 45 c2
Event: 35.392 Thread 0x00000256025ee800 DEOPT PACKING pc=0x00000256613e322c sp=0x000000d930ffee60
Event: 35.392 Thread 0x00000256025ee800 DEOPT UNPACKING pc=0x00000256596985af sp=0x000000d930ffed50 mode 2

Classes redefined (0 events):
No events

Internal exceptions (20 events):
Event: 1.358 Thread 0x000002564f7a2800 Implicit null exception at 0x000002566119a274 to 0x000002566119a798
Event: 1.523 Thread 0x000002564f7a2800 Implicit null exception at 0x00000256611e5a53 to 0x00000256611e63ec
Event: 1.802 Thread 0x000002564f7a2800 Exception <a 'java/io/FileNotFoundException'{0x0000000622ce6b00}> (0x0000000622ce6b00) thrown at [./src/hotspot/share/prims/jni.cpp, line 615]
Event: 1.819 Thread 0x000002564f7a2800 Exception <a 'java/io/FileNotFoundException'{0x0000000622db5f10}> (0x0000000622db5f10) thrown at [./src/hotspot/share/prims/jni.cpp, line 615]
Event: 2.075 Thread 0x000002564f7a2800 Exception <a 'java/lang/reflect/InvocationTargetException'{0x0000000621a34a60}> (0x0000000621a34a60) thrown at [./src/hotspot/share/runtime/reflection.cpp, line 1247]
Event: 2.075 Thread 0x000002564f7a2800 Exception <a 'java/lang/reflect/InvocationTargetException'{0x0000000621a51380}> (0x0000000621a51380) thrown at [./src/hotspot/share/runtime/reflection.cpp, line 1247]
Event: 2.076 Thread 0x000002564f7a2800 Exception <a 'java/lang/reflect/InvocationTargetException'{0x0000000621a6dcb0}> (0x0000000621a6dcb0) thrown at [./src/hotspot/share/runtime/reflection.cpp, line 1247]
Event: 2.718 Thread 0x000002564f7a2800 Exception <a 'java/lang/NoSuchMethodError'{0x0000000627d5cca8}: 'java.lang.Object java.lang.invoke.DirectMethodHandle$Holder.invokeStaticInit(java.lang.Object, int, int, int, int)'> (0x0000000627d5cca8) thrown at [./src/hotspot/share/interpreter/linkResolver.cpp, line 773]
Event: 2.839 Thread 0x000002564f7a2800 Exception <a 'java/lang/NoSuchMethodError'{0x0000000627d84a48}: 'java.lang.Object java.lang.invoke.DirectMethodHandle$Holder.invokeStaticInit(java.lang.Object, java.lang.Object, int, int, int, int)'> (0x0000000627d84a48) thrown at [./src/hotspot/share/interpreter/linkResolver.cpp, line 773]
Event: 2.860 Thread 0x000002564f7a2800 Exception <a 'java/security/PrivilegedActionException'{0x0000000627a3c930}> (0x0000000627a3c930) thrown at [./src/hotspot/share/prims/jvm.cpp, line 1306]
Event: 2.860 Thread 0x000002564f7a2800 Exception <a 'java/security/PrivilegedActionException'{0x0000000627a3e078}> (0x0000000627a3e078) thrown at [./src/hotspot/share/prims/jvm.cpp, line 1306]
Event: 2.860 Thread 0x000002564f7a2800 Exception <a 'java/security/PrivilegedActionException'{0x0000000627a3f6e0}> (0x0000000627a3f6e0) thrown at [./src/hotspot/share/prims/jvm.cpp, line 1306]
Event: 2.862 Thread 0x000002564f7a2800 Exception <a 'java/security/PrivilegedActionException'{0x0000000627a4c0d8}> (0x0000000627a4c0d8) thrown at [./src/hotspot/share/prims/jvm.cpp, line 1306]
Event: 2.862 Thread 0x000002564f7a2800 Exception <a 'java/security/PrivilegedActionException'{0x0000000627a4d738}> (0x0000000627a4d738) thrown at [./src/hotspot/share/prims/jvm.cpp, line 1306]
Event: 2.862 Thread 0x000002564f7a2800 Exception <a 'java/security/PrivilegedActionException'{0x0000000627a4ed58}> (0x0000000627a4ed58) thrown at [./src/hotspot/share/prims/jvm.cpp, line 1306]
Event: 3.133 Thread 0x00000256025ee800 Exception <a 'java/lang/NoSuchMethodError'{0x00000006274757d8}: 'int java.lang.invoke.DirectMethodHandle$Holder.invokeSpecialIFC(java.lang.Object, java.lang.Object, int)'> (0x00000006274757d8) thrown at [./src/hotspot/share/interpreter/linkResolver.cpp, line 773]
Event: 12.261 Thread 0x00000256025ee800 Implicit null exception at 0x000002566143d0de to 0x000002566143d464
Event: 35.318 Thread 0x00000256025ee800 Implicit null exception at 0x00000256613e2298 to 0x00000256613e251c
Event: 35.357 Thread 0x00000256025ee800 Exception <a 'java/lang/reflect/InvocationTargetException'{0x000000061d0bacc0}> (0x000000061d0bacc0) thrown at [./src/hotspot/share/runtime/reflection.cpp, line 1247]
Event: 35.379 Thread 0x00000256025ee800 Implicit null exception at 0x0000025661489970 to 0x000002566148aff8

Events (20 events):
Event: 35.394 Executing VM operation: RevokeBias done
Event: 35.394 Executing VM operation: RevokeBias
Event: 35.394 Executing VM operation: RevokeBias done
Event: 35.394 Executing VM operation: RevokeBias
Event: 35.394 Executing VM operation: RevokeBias done
Event: 35.394 Executing VM operation: RevokeBias
Event: 35.394 Executing VM operation: RevokeBias done
Event: 35.395 Thread 0x0000025601dab000 Thread added: 0x0000025601dab000
Event: 35.395 Thread 0x0000025601daa800 Thread added: 0x0000025601daa800
Event: 35.395 Executing VM operation: RevokeBias
Event: 35.395 Executing VM operation: RevokeBias done
Event: 35.395 Executing VM operation: RevokeBias
Event: 35.395 Executing VM operation: RevokeBias done
Event: 35.395 Executing VM operation: RevokeBias
Event: 35.395 Executing VM operation: RevokeBias done
Event: 35.395 Executing VM operation: RevokeBias
Event: 35.395 Executing VM operation: RevokeBias done
Event: 35.395 Thread 0x0000025601daa800 Thread exited: 0x0000025601daa800
Event: 35.415 Thread 0x0000025601dab000 Thread exited: 0x0000025601dab000
Event: 35.415 Executing VM operation: Exit


Dynamic libraries:
0x00007ff642020000 - 0x00007ff64202d000 	C:\Program Files\Eclipse Foundation\jdk-11.0.12.7-hotspot\bin\javaw.exe
0x00007ffd6e2b0000 - 0x00007ffd6e4a5000 	C:\Windows\SYSTEM32\ntdll.dll
0x00007ffd6c500000 - 0x00007ffd6c5be000 	C:\Windows\System32\KERNEL32.DLL
0x00007ffd6c000000 - 0x00007ffd6c2c8000 	C:\Windows\System32\KERNELBASE.dll
0x00007ffd6bda0000 - 0x00007ffd6bea0000 	C:\Windows\System32\ucrtbase.dll
0x00007ffd5e010000 - 0x00007ffd5e027000 	C:\Program Files\Eclipse Foundation\jdk-11.0.12.7-hotspot\bin\jli.dll
0x00007ffd60ce0000 - 0x00007ffd60cf5000 	C:\Program Files\Eclipse Foundation\jdk-11.0.12.7-hotspot\bin\VCRUNTIME140.dll
0x00007ffd6da00000 - 0x00007ffd6dba1000 	C:\Windows\System32\USER32.dll
0x00007ffd6bd20000 - 0x00007ffd6bd42000 	C:\Windows\System32\win32u.dll
0x00007ffd6df90000 - 0x00007ffd6dfbb000 	C:\Windows\System32\GDI32.dll
0x00007ffd6b9d0000 - 0x00007ffd6badb000 	C:\Windows\System32\gdi32full.dll
0x00007ffd598b0000 - 0x00007ffd59b4a000 	C:\Windows\WinSxS\amd64_microsoft.windows.common-controls_6595b64144ccf1df_6.0.19041.1110_none_60b5254171f9507e\COMCTL32.dll
0x00007ffd6bae0000 - 0x00007ffd6bb7d000 	C:\Windows\System32\msvcp_win.dll
0x00007ffd6dbb0000 - 0x00007ffd6dc4e000 	C:\Windows\System32\msvcrt.dll
0x00007ffd6c5c0000 - 0x00007ffd6c5f0000 	C:\Windows\System32\IMM32.DLL
0x00007ffd34ca0000 - 0x00007ffd34d3b000 	C:\Program Files\Eclipse Foundation\jdk-11.0.12.7-hotspot\bin\msvcp140.dll
0x00007ffd054e0000 - 0x00007ffd06039000 	C:\Program Files\Eclipse Foundation\jdk-11.0.12.7-hotspot\bin\server\jvm.dll
0x00007ffd6dfc0000 - 0x00007ffd6e06c000 	C:\Windows\System32\ADVAPI32.dll
0x00007ffd6d2d0000 - 0x00007ffd6d36b000 	C:\Windows\System32\sechost.dll
0x00007ffd6d8c0000 - 0x00007ffd6d9ea000 	C:\Windows\System32\RPCRT4.dll
0x00007ffd6d9f0000 - 0x00007ffd6d9f8000 	C:\Windows\System32\PSAPI.DLL
0x00007ffd60ff0000 - 0x00007ffd60ff9000 	C:\Windows\SYSTEM32\WSOCK32.dll
0x00007ffd6e120000 - 0x00007ffd6e18b000 	C:\Windows\System32\WS2_32.dll
0x00007ffd47c10000 - 0x00007ffd47c37000 	C:\Windows\SYSTEM32\WINMM.dll
0x00007ffd5eb60000 - 0x00007ffd5eb6a000 	C:\Windows\SYSTEM32\VERSION.dll
0x00007ffd6a250000 - 0x00007ffd6a262000 	C:\Windows\SYSTEM32\kernel.appcore.dll
0x00007ffd60fe0000 - 0x00007ffd60ff0000 	C:\Program Files\Eclipse Foundation\jdk-11.0.12.7-hotspot\bin\verify.dll
0x00007ffd69da0000 - 0x00007ffd69f84000 	C:\Windows\SYSTEM32\DBGHELP.DLL
0x00007ffd4d290000 - 0x00007ffd4d2bc000 	C:\Windows\SYSTEM32\dbgcore.DLL
0x00007ffd6bbe0000 - 0x00007ffd6bc63000 	C:\Windows\System32\bcryptPrimitives.dll
0x00007ffd5be90000 - 0x00007ffd5beb8000 	C:\Program Files\Eclipse Foundation\jdk-11.0.12.7-hotspot\bin\java.dll
0x00007ffd5f4e0000 - 0x00007ffd5f4ea000 	C:\Program Files\Eclipse Foundation\jdk-11.0.12.7-hotspot\bin\jimage.dll
0x00007ffd5e7e0000 - 0x00007ffd5e7f7000 	C:\Program Files\Eclipse Foundation\jdk-11.0.12.7-hotspot\bin\zip.dll
0x00007ffd6cb70000 - 0x00007ffd6d2af000 	C:\Windows\System32\SHELL32.dll
0x00007ffd69550000 - 0x00007ffd69ce0000 	C:\Windows\SYSTEM32\windows.storage.dll
0x00007ffd6d500000 - 0x00007ffd6d855000 	C:\Windows\System32\combase.dll
0x00007ffd6b420000 - 0x00007ffd6b44e000 	C:\Windows\SYSTEM32\Wldp.dll
0x00007ffd6e070000 - 0x00007ffd6e11d000 	C:\Windows\System32\SHCORE.dll
0x00007ffd6df30000 - 0x00007ffd6df85000 	C:\Windows\System32\shlwapi.dll
0x00007ffd6b910000 - 0x00007ffd6b92f000 	C:\Windows\SYSTEM32\profapi.dll
0x00007ffd5bdf0000 - 0x00007ffd5be09000 	C:\Program Files\Eclipse Foundation\jdk-11.0.12.7-hotspot\bin\net.dll
0x00007ffd62620000 - 0x00007ffd6272c000 	C:\Windows\SYSTEM32\WINHTTP.dll
0x00007ffd6b180000 - 0x00007ffd6b1ea000 	C:\Windows\system32\mswsock.dll
0x00007ffd5b3c0000 - 0x00007ffd5b3d2000 	C:\Program Files\Eclipse Foundation\jdk-11.0.12.7-hotspot\bin\nio.dll
0x0000000065580000 - 0x0000000065616000 	C:\Users\bucky\AppData\Local\Temp\libgdxbucky\12dfaa03\gdx64.dll
0x00007ffd6b380000 - 0x00007ffd6b398000 	C:\Windows\SYSTEM32\CRYPTSP.dll
0x00007ffd6aa90000 - 0x00007ffd6aac4000 	C:\Windows\system32\rsaenh.dll
0x00007ffd6c2d0000 - 0x00007ffd6c2f7000 	C:\Windows\System32\bcrypt.dll
0x00007ffd6b8d0000 - 0x00007ffd6b8fe000 	C:\Windows\SYSTEM32\USERENV.dll
0x00007ffd6b370000 - 0x00007ffd6b37c000 	C:\Windows\SYSTEM32\CRYPTBASE.dll
0x00007ffd6ae20000 - 0x00007ffd6ae5b000 	C:\Windows\SYSTEM32\IPHLPAPI.DLL
0x00007ffd6cad0000 - 0x00007ffd6cad8000 	C:\Windows\System32\NSI.dll
0x00007ffd5de10000 - 0x00007ffd5de27000 	C:\Windows\SYSTEM32\dhcpcsvc6.DLL
0x00007ffd5e890000 - 0x00007ffd5e8ad000 	C:\Windows\SYSTEM32\dhcpcsvc.DLL
0x00007ffd6ae60000 - 0x00007ffd6af2b000 	C:\Windows\SYSTEM32\DNSAPI.dll
0x0000000180000000 - 0x0000000180053000 	C:\Users\bucky\AppData\Local\Temp\libgdxbucky\dc0f0009\lwjgl64.dll
0x00007ffd3ef10000 - 0x00007ffd3f035000 	C:\Windows\SYSTEM32\OPENGL32.dll
0x00007ffd5aef0000 - 0x00007ffd5af1c000 	C:\Windows\SYSTEM32\GLU32.dll
0x0000025603f80000 - 0x0000025603fe4000 	C:\Users\bucky\AppData\Local\Temp\libgdxbucky\dc0f0009\OpenAL64.dll
0x00007ffd6de00000 - 0x00007ffd6df2a000 	C:\Windows\System32\ole32.dll
0x00007ffd68d70000 - 0x00007ffd68e0e000 	C:\Windows\system32\uxtheme.dll
0x00007ffd6c300000 - 0x00007ffd6c3a9000 	C:\Windows\System32\clbcatq.dll
0x00007ffd2bcc0000 - 0x00007ffd2bd5c000 	C:\Windows\SYSTEM32\dsound.dll
0x00007ffd6af90000 - 0x00007ffd6afdb000 	C:\Windows\SYSTEM32\powrprof.dll
0x00007ffd4fa00000 - 0x00007ffd4fa26000 	C:\Windows\SYSTEM32\winmmbase.dll
0x00007ffd6ae00000 - 0x00007ffd6ae12000 	C:\Windows\SYSTEM32\UMPDC.dll
0x00007ffd61e20000 - 0x00007ffd61ea5000 	C:\Windows\System32\MMDevApi.dll
0x00007ffd6b770000 - 0x00007ffd6b7a4000 	C:\Windows\System32\DEVOBJ.dll
0x00007ffd6bd50000 - 0x00007ffd6bd9e000 	C:\Windows\System32\cfgmgr32.dll
0x00007ffd62100000 - 0x00007ffd62281000 	C:\Windows\SYSTEM32\AUDIOSES.DLL
0x00007ffd6c3b0000 - 0x00007ffd6c47d000 	C:\Windows\System32\OLEAUT32.dll
0x00007ffd68e80000 - 0x00007ffd68e94000 	C:\Windows\SYSTEM32\resourcepolicyclient.dll
0x00007ffd61540000 - 0x00007ffd615ee000 	C:\Windows\SYSTEM32\mscms.dll
0x00007ffd61520000 - 0x00007ffd61531000 	C:\Windows\SYSTEM32\ColorAdapterClient.dll
0x00007ffd6d370000 - 0x00007ffd6d485000 	C:\Windows\System32\MSCTF.dll
0x00007ffccaca0000 - 0x00007ffccbc69000 	C:\Windows\System32\DriverStore\FileRepository\iigd_dch.inf_amd64_917dbb43ab78217f\igxelpicd64.dll
0x00007ffd68f80000 - 0x00007ffd68faf000 	C:\Windows\system32\dwmapi.dll
0x00007ffd6a2c0000 - 0x00007ffd6a3b4000 	C:\Windows\system32\dxgi.dll
0x00007ffcfce40000 - 0x00007ffcfd27c000 	C:\Windows\System32\DriverStore\FileRepository\iigd_dch.inf_amd64_917dbb43ab78217f\igdml64.dll
0x00007ffd5c030000 - 0x00007ffd5c3e8000 	C:\Windows\System32\DriverStore\FileRepository\iigd_dch.inf_amd64_917dbb43ab78217f\igdgmm64.dll
0x00007ffd58360000 - 0x00007ffd58459000 	C:\Windows\SYSTEM32\textinputframework.dll
0x00007ffd652b0000 - 0x00007ffd653a2000 	C:\Windows\System32\CoreMessaging.dll
0x00007ffd64d70000 - 0x00007ffd650ce000 	C:\Windows\System32\CoreUIComponents.dll
0x00007ffd6a6c0000 - 0x00007ffd6a6f3000 	C:\Windows\SYSTEM32\ntmarta.dll
0x00007ffd646a0000 - 0x00007ffd647f4000 	C:\Windows\SYSTEM32\wintypes.dll
0x00007ffd36a70000 - 0x00007ffd36ab3000 	C:\Windows\SYSTEM32\icm32.dll
0x00007ffd554f0000 - 0x00007ffd58298000 	C:\Windows\System32\DriverStore\FileRepository\iigd_dch.inf_amd64_917dbb43ab78217f\igc64.dll
0x00007ffd5e080000 - 0x00007ffd5e0c4000 	C:\Windows\System32\Windows.Internal.Graphics.Display.DisplayColorManagement.dll

dbghelp: loaded successfully - version: 4.0.5 - missing functions: none
symbol engine: initialized successfully - sym options: 0x614 - pdb path: .;C:\Program Files\Eclipse Foundation\jdk-11.0.12.7-hotspot\bin;C:\Windows\SYSTEM32;C:\Windows\WinSxS\amd64_microsoft.windows.common-controls_6595b64144ccf1df_6.0.19041.1110_none_60b5254171f9507e;C:\Program Files\Eclipse Foundation\jdk-11.0.12.7-hotspot\bin\server;C:\Users\bucky\AppData\Local\Temp\libgdxbucky\12dfaa03;C:\Users\bucky\AppData\Local\Temp\libgdxbucky\dc0f0009;C:\Windows\System32\DriverStore\FileRepository\iigd_dch.inf_amd64_917dbb43ab78217f

VM Arguments:
jvm_args: -Duser.language=es_AR -Dfile.encoding=UTF-8 
java_command: org.uqbar.project.wollok.launch.WollokLauncher -requestsPort 0 -eventsPort 0 -folder -dontValidate -wf src/programa_juego_aventura.wpgm
java_class_path (initial): C:\_Uni\2 cuatri 2021\Objetos I\__WOLLOKGAME\aventurasGame\bin;C:\wollok2\plugins\com.ibm.icu_64.2.0.v20190507-1337.jar;C:\wollok2\plugins\org.eclipse.xtext_2.20.0.v20191202-0915.jar;C:\wollok2\plugins\org.eclipse.emf.ecore.xmi_2.16.0.v20190528-0725.jar;C:\wollok2\plugins\org.eclipse.emf.ecore_2.20.0.v20190920-0401.jar;C:\wollok2\plugins\org.eclipse.emf.common_2.17.0.v20190920-0401.jar;C:\wollok2\plugins\org.antlr.runtime_3.2.0.v201101311130.jar;C:\wollok2\plugins\com.google.inject_3.0.0.v201605172100.jar;C:\wollok2\plugins\org.eclipse.emf.mwe.core_1.5.1.v20191121-1148.jar;C:\wollok2\plugins\org.apache.commons.cli_1.2.0.v201404270220.jar;C:\wollok2\plugins\org.eclipse.emf.mwe2.runtime_2.11.1.v20191121-1148.jar;C:\wollok2\plugins\org.eclipse.emf.mwe.utils_1.5.1.v20191121-1148.jar;C:\wollok2\plugins\org.eclipse.xtext.util_2.20.0.v20191202-0915.jar;C:\wollok2\plugins\com.google.guava_27.1.0.v20190517-1946.jar;C:\wollok2\plugins\javax.inject_1.0.0.v20091030.jar;C:\wollok2\plugins\org.eclipse.xtext.generator_2.20.0.v20191202-0933.jar;C:\wollok2\plugins\org.eclipse.xtext.xtext.generator_2.20.0.v20191202-0915.jar;C:\wollok2\plugins\org.eclipse.xtext.xbase.lib_2.20.0.v20191202-0907.jar;C:\wollok2\plugins\org.eclipse.emf.codegen.ecore_2.20.0.v20191012-0918.jar;C:\wollok2\plugins\org.eclipse.emf.codegen_2.19.0.v20190821-1536.jar;C:\wollok2\plugins\org.eclipse.xtend_2.2.0.v201605260315.jar;C:\wollok2\plugins\org.eclipse.xpand_2.2.0.v201605260315.jar;C:\wollok2\plugins\org.eclipse.xtend.typesystem.emf_2.2.0.v201605260315.jar;C:\wollok2\plugins\org.uqbar.project.wollok_3.0.0.jar;C:\wollok2\plugins\org.eclipse.xtext.xbase_2.20.0.v20191202-0933.jar;C:\wollok2\plugins\org.eclipse.xtext.common.types_2.20.0.v20191202-0933.jar;C:\wollok2\plugins\org.eclipse.xtend.lib_2.20.0.v20191202-0907.jar;C:\wollok2\plugins\org.eclipse.xtend.lib.macro_2.20.0.v20191202-0907.jar;C:\wollok2\plugins\org.apache.commons.collections_3.2.2.v201511171945.jar;C:\wollok2\plugins\
Launcher Type: SUN_STANDARD

[Global flags]
     intx CICompilerCount                          = 4                                         {product} {ergonomic}
     uint ConcGCThreads                            = 2                                         {product} {ergonomic}
     uint G1ConcRefinementThreads                  = 8                                         {product} {ergonomic}
   size_t G1HeapRegionSize                         = 2097152                                   {product} {ergonomic}
    uintx GCDrainStackTargetSize                   = 64                                        {product} {ergonomic}
   size_t InitialHeapSize                          = 532676608                                 {product} {ergonomic}
   size_t MarkStackSize                            = 4194304                                   {product} {ergonomic}
   size_t MaxHeapSize                              = 8518631424                                {product} {ergonomic}
   size_t MaxNewSize                               = 5110759424                                {product} {ergonomic}
   size_t MinHeapDeltaBytes                        = 2097152                                   {product} {ergonomic}
    uintx NonNMethodCodeHeapSize                   = 5836300                                {pd product} {ergonomic}
    uintx NonProfiledCodeHeapSize                  = 122910970                              {pd product} {ergonomic}
    uintx ProfiledCodeHeapSize                     = 122910970                              {pd product} {ergonomic}
    uintx ReservedCodeCacheSize                    = 251658240                              {pd product} {ergonomic}
     bool SegmentedCodeCache                       = true                                      {product} {ergonomic}
     bool UseCompressedClassPointers               = true                                 {lp64_product} {ergonomic}
     bool UseCompressedOops                        = true                                 {lp64_product} {ergonomic}
     bool UseG1GC                                  = true                                      {product} {ergonomic}
     bool UseLargePagesIndividualAllocation        = false                                  {pd product} {ergonomic}

Logging:
Log output configuration:
 #0: stdout all=warning uptime,level,tags
 #1: stderr all=off uptime,level,tags

Environment Variables:
PATH=C:/Program Files/Eclipse Foundation/jdk-11.0.12.7-hotspot/bin/client;C:/Program Files/Eclipse Foundation/jdk-11.0.12.7-hotspot/bin;C:\Program Files\Eclipse Foundation\jdk-11.0.12.7-hotspot\bin;C:\Windows\system32;C:\Windows;C:\Windows\System32\Wbem;C:\Windows\System32\WindowsPowerShell\v1.0\;C:\Windows\System32\OpenSSH\;C:\Program Files\Git\cmd;C:\Users\bucky\AppData\Local\Microsoft\WindowsApps;C:\Users\bucky\AppData\Local\GitHubDesktop\bin;C:\wollok2;
USERNAME=bucky
OS=Windows_NT
PROCESSOR_IDENTIFIER=Intel64 Family 6 Model 140 Stepping 1, GenuineIntel



---------------  S Y S T E M  ---------------

OS: Windows 10 , 64 bit Build 19041 (10.0.19041.1348)
OS uptime: 2 days 3:16 hours

CPU:total 8 (initial active 8) (4 cores per cpu, 2 threads per core) family 6 model 140 stepping 1 microcode 0x86, cmov, cx8, fxsr, mmx, sse, sse2, sse3, ssse3, sse4.1, sse4.2, popcnt, avx, avx2, aes, clmul, erms, 3dnowpref, lzcnt, ht, tsc, tscinvbit, bmi1, bmi2, adx, evex, sha, fma

Memory: 4k page, system-wide physical 32490M (22385M free)
TotalPageFile size 37354M (AvailPageFile size 21400M)
current process WorkingSet (physical memory assigned to process): 641M, peak: 642M
current process commit charge ("private bytes"): 864M, peak: 879M

vm_info: OpenJDK 64-Bit Server VM (11.0.12+7) for windows-amd64 JRE (11.0.12+7), built on Jul 21 2021 16:23:49 by "" with unknown MS VC++:1916

END.
