#
# A fatal error has been detected by the Java Runtime Environment:
#
#  EXCEPTION_ACCESS_VIOLATION (0xc0000005) at pc=0x00007ffce2016f56, pid=808, tid=17368
#
# JRE version: OpenJDK Runtime Environment Temurin-11.0.12+7 (11.0.12+7) (build 11.0.12+7)
# Java VM: OpenJDK 64-Bit Server VM Temurin-11.0.12+7 (11.0.12+7, mixed mode, tiered, compressed oops, g1 gc, windows-amd64)
# Problematic frame:
# C  [igxelpicd64.dll+0x1e6f56]
#
# No core dump will be written. Minidumps are not enabled by default on client versions of Windows
#
# If you would like to submit a bug report, please visit:
#   https://github.com/adoptium/adoptium-support/issues
#

---------------  S U M M A R Y ------------

Command Line: -Duser.language=es_AR -Dfile.encoding=UTF-8 org.uqbar.project.wollok.launch.WollokLauncher -requestsPort 0 -eventsPort 0 -folder -dontValidate -wf src/programa_juego_aventura.wpgm

Host: 11th Gen Intel(R) Core(TM) i7-1165G7 @ 2.80GHz, 8 cores, 31G,  Windows 10 , 64 bit Build 19041 (10.0.19041.1348)
Time: Sun Nov 14 23:34:22 2021 Hora estándar de Argentina elapsed time: 3.134804 seconds (0d 0h 0m 3s)

---------------  T H R E A D  ---------------

Current thread (0x000001e5ba88e800):  VMThread "VM Thread" [stack: 0x0000006bfa100000,0x0000006bfa200000] [id=17368]

Stack: [0x0000006bfa100000,0x0000006bfa200000],  sp=0x0000006bfa1fdd40,  free space=1015k
Native frames: (J=compiled Java code, j=interpreted, Vv=VM code, C=native code)
C  [igxelpicd64.dll+0x1e6f56]


siginfo: EXCEPTION_ACCESS_VIOLATION (0xc0000005), reading address 0x0000000000035458


Register to memory mapping:

RIP=0x00007ffce2016f56 igxelpicd64.dll
RAX=0x000001e5bd050ba0 points into unknown readable memory: 0x000000000000009e | 9e 00 00 00 00 00 00 00
RBX=0x000001e5be6ce7d0 points into unknown readable memory: 0xffffffffffffffff | ff ff ff ff ff ff ff ff
RCX=0x0 is NULL
RDX=0x0 is NULL
RSP=0x0000006bfa1fdd40 points into unknown readable memory: 0x000001e5be6ce7d0 | d0 e7 6c be e5 01 00 00
RBP=0x0 is NULL
RSI=0x000001e5bd050aa0 points into unknown readable memory: 0x000001e5bb534b30 | 30 4b 53 bb e5 01 00 00
RDI=0x000001e5bb860440 points into unknown readable memory: 0x0000000000000000 | 00 00 00 00 00 00 00 00
R8 =0x000001e5bd050ba0 points into unknown readable memory: 0x000000000000009e | 9e 00 00 00 00 00 00 00
R9 =0x0 is NULL
R10=0x0 is NULL
R11=0x0000000000000246 is an unknown value
R12=0x000001e5bd050aa0 points into unknown readable memory: 0x000001e5bb534b30 | 30 4b 53 bb e5 01 00 00
R13=0x0 is NULL
R14=0x000001e5bd4c9440 points into unknown readable memory: 0x000001e5bb534b30 | 30 4b 53 bb e5 01 00 00
R15=0x000001e5bd050fe8 points into unknown readable memory: 0x000001e5bd4c9440 | 40 94 4c bd e5 01 00 00


Registers:
RAX=0x000001e5bd050ba0, RBX=0x000001e5be6ce7d0, RCX=0x0000000000000000, RDX=0x0000000000000000
RSP=0x0000006bfa1fdd40, RBP=0x0000000000000000, RSI=0x000001e5bd050aa0, RDI=0x000001e5bb860440
R8 =0x000001e5bd050ba0, R9 =0x0000000000000000, R10=0x0000000000000000, R11=0x0000000000000246
R12=0x000001e5bd050aa0, R13=0x0000000000000000, R14=0x000001e5bd4c9440, R15=0x000001e5bd050fe8
RIP=0x00007ffce2016f56, EFLAGS=0x0000000000010206

Top of Stack: (sp=0x0000006bfa1fdd40)
0x0000006bfa1fdd40:   000001e5be6ce7d0 0000000000000001
0x0000006bfa1fdd50:   000001e5bc2e9750 000000000000037f
0x0000006bfa1fdd60:   00000016bb000000 0000000000000000
0x0000006bfa1fdd70:   000001e58ab70150 000001e58ad5c510
0x0000006bfa1fdd80:   000001e5be6ce7d0 00000000000003ff
0x0000006bfa1fdd90:   000001e5bc2e9750 0000006b00000024
0x0000006bfa1fdda0:   00000000000003ff 6572202c4b303635
0x0000006bfa1fddb0:   000001e58ab70150 0a4b363735383430
0x0000006bfa1fddc0:   0000000000000002 0000000000000202
0x0000006bfa1fddd0:   000001e5bbd85ae0 0000000000001630
0x0000006bfa1fdde0:   000001e58ab7ca54 000001e58ab70150
0x0000006bfa1fddf0:   000001e58ab70000 00000000000003ff
0x0000006bfa1fde00:   0000000000000000 0000000000000022
0x0000006bfa1fde10:   000001e5bb606ff0 00000000000003ff
0x0000006bfa1fde20:   000001e58ab70324 0000000000000000
0x0000006bfa1fde30:   0000000000000000 0000000000000000 

Instructions: (pc=0x00007ffce2016f56)
0x00007ffce2016e56:   00 90 4c 8b b7 80 02 00 00 48 8b 05 3a 65 c2 00
0x00007ffce2016e66:   8b 80 c0 0a 00 00 89 44 24 24 c6 44 24 20 00 48
0x00007ffce2016e76:   c7 87 80 02 00 00 00 00 00 00 c7 87 88 02 00 00
0x00007ffce2016e86:   00 00 00 00 48 c7 87 a0 02 00 00 00 00 00 00 48
0x00007ffce2016e96:   c7 87 90 02 00 00 00 00 00 00 48 85 ed 75 3d 8b
0x00007ffce2016ea6:   35 2d 33 d2 00 65 48 8b 04 25 58 00 00 00 b9 14
0x00007ffce2016eb6:   00 00 00 48 8b 04 f0 40 38 2c 01 0f 84 d5 c4 78
0x00007ffce2016ec6:   00 65 48 8b 04 25 58 00 00 00 bd 20 00 00 00 48
0x00007ffce2016ed6:   8b 04 f0 48 8b 2c 28 48 89 6c 24 28 48 3b 2d 37
0x00007ffce2016ee6:   57 d2 00 0f 84 90 10 00 00 4d 85 f6 0f 84 3a 01
0x00007ffce2016ef6:   00 00 0f 1f 84 00 00 00 00 00 49 8b f6 4d 8b e6
0x00007ffce2016f06:   4d 8d be 48 05 00 00 4d 8b 37 45 84 ed 0f 85 01
0x00007ffce2016f16:   0f 00 00 8b 8f d0 01 00 00 48 8b 05 7a 64 c2 00
0x00007ffce2016f26:   83 b8 64 03 00 00 02 75 34 4d 8d 84 24 00 01 00
0x00007ffce2016f36:   00 83 f9 10 0f 83 3a 01 00 00 8b c1 48 c1 e0 06
0x00007ffce2016f46:   49 03 c0 48 85 c0 0f 84 9b 01 00 00 48 8b 50 08
0x00007ffce2016f56:   48 3b 95 58 54 03 00 0f 87 c7 0e 00 00 48 83 be
0x00007ffce2016f66:   a0 05 00 00 00 0f 85 5c c4 78 00 44 8b 8f d0 01
0x00007ffce2016f76:   00 00 48 8b 87 e8 01 00 00 4c 8b 00 8b 8f d0 01
0x00007ffce2016f86:   00 00 48 8d 9e 00 01 00 00 83 f9 10 0f 83 1e 01
0x00007ffce2016f96:   00 00 8b c1 48 c1 e0 06 48 03 c3 48 85 c0 0f 84
0x00007ffce2016fa6:   4a 01 00 00 4c 39 40 08 0f 86 40 01 00 00 48 8b
0x00007ffce2016fb6:   87 80 02 00 00 49 89 07 48 89 b7 80 02 00 00 ff
0x00007ffce2016fc6:   87 88 02 00 00 48 8b 4e 08 48 8b 01 ba 01 00 00
0x00007ffce2016fd6:   00 48 8b 80 d8 02 00 00 ff 15 24 16 8e 00 0f b7
0x00007ffce2016fe6:   c8 48 2b c1 48 05 00 00 01 00 48 01 87 90 02 00
0x00007ffce2016ff6:   00 48 8b 4e 08 48 8b 01 ba 01 00 00 00 48 8b 80
0x00007ffce2017006:   d8 02 00 00 ff 15 f8 15 8e 00 48 01 87 a0 02 00
0x00007ffce2017016:   00 0f b6 54 24 20 4d 85 f6 0f 85 db fe ff ff 84
0x00007ffce2017026:   d2 0f 85 5f 0f 00 00 48 8b 5c 24 40 48 8b cf 80
0x00007ffce2017036:   7c 24 22 00 0f 85 35 0f 00 00 e8 8b f9 ff ff 90
0x00007ffce2017046:   48 8b cb ff 15 c9 10 8e 00 48 8b 8c 24 50 01 00 


Stack slot to memory mapping:
stack at sp + 0 slots: 0x000001e5be6ce7d0 points into unknown readable memory: 0xffffffffffffffff | ff ff ff ff ff ff ff ff
stack at sp + 1 slots: 0x0000000000000001 is an unknown value
stack at sp + 2 slots: 0x000001e5bc2e9750 points into unknown readable memory: 0x0000000000000000 | 00 00 00 00 00 00 00 00
stack at sp + 3 slots: 0x000000000000037f is an unknown value
stack at sp + 4 slots: 0x00000016bb000000 is an unknown value
stack at sp + 5 slots: 0x0 is NULL
stack at sp + 6 slots: 0x000001e58ab70150 points into unknown readable memory: 0x000001e5bc36e4a0 | a0 e4 36 bc e5 01 00 00
stack at sp + 7 slots: 0x000001e58ad5c510 points into unknown readable memory: 0x000001e5ba35e040 | 40 e0 35 ba e5 01 00 00

VM_Operation (0x0000006bf9bff170): Exit, mode: safepoint, requested by thread 0x000001e58acd1000


---------------  P R O C E S S  ---------------

Threads class SMR info:
_java_thread_list=0x000001e5bf87b320, length=13, elements={
0x000001e58acd1000, 0x000001e5ba8af800, 0x000001e5ba8ba800, 0x000001e5ba912800,
0x000001e5ba915800, 0x000001e5ba917000, 0x000001e5ba919000, 0x000001e5ba91e000,
0x000001e5ba922800, 0x000001e5baaaf800, 0x000001e5bb85d800, 0x000001e5bb9de000,
0x000001e5be93a000
}

Java Threads: ( => current thread )
  0x000001e58acd1000 JavaThread "main" [_thread_blocked, id=2924, stack(0x0000006bf9b00000,0x0000006bf9c00000)]
  0x000001e5ba8af800 JavaThread "Reference Handler" daemon [_thread_blocked, id=3412, stack(0x0000006bfa200000,0x0000006bfa300000)]
  0x000001e5ba8ba800 JavaThread "Finalizer" daemon [_thread_blocked, id=7188, stack(0x0000006bfa300000,0x0000006bfa400000)]
  0x000001e5ba912800 JavaThread "Signal Dispatcher" daemon [_thread_blocked, id=9860, stack(0x0000006bfa400000,0x0000006bfa500000)]
  0x000001e5ba915800 JavaThread "Attach Listener" daemon [_thread_blocked, id=20200, stack(0x0000006bfa500000,0x0000006bfa600000)]
  0x000001e5ba917000 JavaThread "Service Thread" daemon [_thread_blocked, id=15436, stack(0x0000006bfa600000,0x0000006bfa700000)]
  0x000001e5ba919000 JavaThread "C2 CompilerThread0" daemon [_thread_blocked, id=16288, stack(0x0000006bfa700000,0x0000006bfa800000)]
  0x000001e5ba91e000 JavaThread "C1 CompilerThread0" daemon [_thread_blocked, id=9264, stack(0x0000006bfa800000,0x0000006bfa900000)]
  0x000001e5ba922800 JavaThread "Sweeper thread" daemon [_thread_blocked, id=20196, stack(0x0000006bfa900000,0x0000006bfaa00000)]
  0x000001e5baaaf800 JavaThread "Common-Cleaner" daemon [_thread_blocked, id=21112, stack(0x0000006bfab00000,0x0000006bfac00000)]
  0x000001e5bb85d800 JavaThread "EMF Reference Cleaner" daemon [_thread_blocked, id=20684, stack(0x0000006bfb500000,0x0000006bfb600000)]
  0x000001e5bb9de000 JavaThread "com.google.inject.internal.util.$Finalizer" daemon [_thread_blocked, id=18232, stack(0x0000006bfb600000,0x0000006bfb700000)]
  0x000001e5be93a000 JavaThread "C2 CompilerThread1" daemon [_thread_blocked, id=19352, stack(0x0000006bfbe00000,0x0000006bfbf00000)]

Other Threads:
=>0x000001e5ba88e800 VMThread "VM Thread" [stack: 0x0000006bfa100000,0x0000006bfa200000] [id=17368]
  0x000001e58aced800 GCTaskThread "GC Thread#0" [stack: 0x0000006bf9c00000,0x0000006bf9d00000] [id=7880]
  0x000001e5bb4ef800 GCTaskThread "GC Thread#1" [stack: 0x0000006bfae00000,0x0000006bfaf00000] [id=21132]
  0x000001e5bbf60800 GCTaskThread "GC Thread#2" [stack: 0x0000006bfaf00000,0x0000006bfb000000] [id=20520]
  0x000001e5bbf2b000 GCTaskThread "GC Thread#3" [stack: 0x0000006bfb000000,0x0000006bfb100000] [id=18880]
  0x000001e5bc01f000 GCTaskThread "GC Thread#4" [stack: 0x0000006bfb100000,0x0000006bfb200000] [id=20064]
  0x000001e5bbaae800 GCTaskThread "GC Thread#5" [stack: 0x0000006bfb200000,0x0000006bfb300000] [id=8100]
  0x000001e5bb4ca000 GCTaskThread "GC Thread#6" [stack: 0x0000006bfb300000,0x0000006bfb400000] [id=1592]
  0x000001e5bb515000 GCTaskThread "GC Thread#7" [stack: 0x0000006bfb400000,0x0000006bfb500000] [id=3560]
  0x000001e58ad6c800 ConcurrentGCThread "G1 Main Marker" [stack: 0x0000006bf9d00000,0x0000006bf9e00000] [id=15168]
  0x000001e58ad6f000 ConcurrentGCThread "G1 Conc#0" [stack: 0x0000006bf9e00000,0x0000006bf9f00000] [id=20596]
  0x000001e5bce50800 ConcurrentGCThread "G1 Conc#1" [stack: 0x0000006bfb700000,0x0000006bfb800000] [id=20840]
  0x000001e58adae800 ConcurrentGCThread "G1 Refine#0" [stack: 0x0000006bf9f00000,0x0000006bfa000000] [id=20616]
  0x000001e5b9ab3000 ConcurrentGCThread "G1 Young RemSet Sampling" [stack: 0x0000006bfa000000,0x0000006bfa100000] [id=21164]

Threads with active compile tasks:
C2 CompilerThread0   3162 4152   !   4       jdk.internal.loader.BuiltinClassLoader::loadClassOrNull (143 bytes)
C2 CompilerThread1   3162 4175       4       java.util.StringTokenizer::nextToken (92 bytes)

VM state:at safepoint (shutting down)

VM Mutex/Monitor currently owned by a thread:  ([mutex/lock_event])
[0x000001e58accec00] Threads_lock - owner thread: 0x000001e5ba88e800

Heap address: 0x0000000604400000, size: 8124 MB, Compressed Oops mode: Zero based, Oop shift amount: 3
Narrow klass base: 0x0000000800000000, Narrow klass shift: 0
Compressed class space size: 1073741824 Address: 0x0000000800000000

Heap:
 garbage-first heap   total 520192K, used 109851K [0x0000000604400000, 0x0000000800000000)
  region size 2048K, 49 young (100352K), 3 survivors (6144K)
 Metaspace       used 29005K, capacity 29346K, committed 29696K, reserved 1075200K
  class space    used 3152K, capacity 3236K, committed 3328K, reserved 1048576K
Heap Regions: E=young(eden), S=young(survivor), O=old, HS=humongous(starts), HC=humongous(continues), CS=collection set, F=free, A=archive, TAMS=top-at-mark-start (previous, next)
|   0|0x0000000604400000, 0x0000000604600000, 0x0000000604600000|100%| O|  |TAMS 0x0000000604600000, 0x0000000604400000| Untracked 
|   1|0x0000000604600000, 0x0000000604800000, 0x0000000604800000|100%| O|  |TAMS 0x0000000604800000, 0x0000000604600000| Untracked 
|   2|0x0000000604800000, 0x0000000604a00000, 0x0000000604a00000|100%| O|  |TAMS 0x0000000604a00000, 0x0000000604800000| Untracked 
|   3|0x0000000604a00000, 0x0000000604c00000, 0x0000000604c00000|100%| O|  |TAMS 0x0000000604c00000, 0x0000000604a00000| Untracked 
|   4|0x0000000604c00000, 0x0000000604e00000, 0x0000000604e00000|100%| O|  |TAMS 0x0000000604e00000, 0x0000000604c00000| Untracked 
|   5|0x0000000604e00000, 0x0000000604fe4800, 0x0000000605000000| 94%| O|  |TAMS 0x0000000604fe4800, 0x0000000604e00000| Untracked 
|   6|0x0000000605000000, 0x0000000605000000, 0x0000000605200000|  0%| F|  |TAMS 0x0000000605000000, 0x0000000605000000| Untracked 
|   7|0x0000000605200000, 0x0000000605200000, 0x0000000605400000|  0%| F|  |TAMS 0x0000000605200000, 0x0000000605200000| Untracked 
|   8|0x0000000605400000, 0x0000000605400000, 0x0000000605600000|  0%| F|  |TAMS 0x0000000605400000, 0x0000000605400000| Untracked 
|   9|0x0000000605600000, 0x0000000605600000, 0x0000000605800000|  0%| F|  |TAMS 0x0000000605600000, 0x0000000605600000| Untracked 
|  10|0x0000000605800000, 0x0000000605800000, 0x0000000605a00000|  0%| F|  |TAMS 0x0000000605800000, 0x0000000605800000| Untracked 
|  11|0x0000000605a00000, 0x0000000605a00000, 0x0000000605c00000|  0%| F|  |TAMS 0x0000000605a00000, 0x0000000605a00000| Untracked 
|  12|0x0000000605c00000, 0x0000000605c00000, 0x0000000605e00000|  0%| F|  |TAMS 0x0000000605c00000, 0x0000000605c00000| Untracked 
|  13|0x0000000605e00000, 0x0000000605e00000, 0x0000000606000000|  0%| F|  |TAMS 0x0000000605e00000, 0x0000000605e00000| Untracked 
|  14|0x0000000606000000, 0x0000000606000000, 0x0000000606200000|  0%| F|  |TAMS 0x0000000606000000, 0x0000000606000000| Untracked 
|  15|0x0000000606200000, 0x0000000606200000, 0x0000000606400000|  0%| F|  |TAMS 0x0000000606200000, 0x0000000606200000| Untracked 
|  16|0x0000000606400000, 0x0000000606400000, 0x0000000606600000|  0%| F|  |TAMS 0x0000000606400000, 0x0000000606400000| Untracked 
|  17|0x0000000606600000, 0x0000000606600000, 0x0000000606800000|  0%| F|  |TAMS 0x0000000606600000, 0x0000000606600000| Untracked 
|  18|0x0000000606800000, 0x0000000606800000, 0x0000000606a00000|  0%| F|  |TAMS 0x0000000606800000, 0x0000000606800000| Untracked 
|  19|0x0000000606a00000, 0x0000000606a00000, 0x0000000606c00000|  0%| F|  |TAMS 0x0000000606a00000, 0x0000000606a00000| Untracked 
|  20|0x0000000606c00000, 0x0000000606c00000, 0x0000000606e00000|  0%| F|  |TAMS 0x0000000606c00000, 0x0000000606c00000| Untracked 
|  21|0x0000000606e00000, 0x0000000606e00000, 0x0000000607000000|  0%| F|  |TAMS 0x0000000606e00000, 0x0000000606e00000| Untracked 
|  22|0x0000000607000000, 0x0000000607000000, 0x0000000607200000|  0%| F|  |TAMS 0x0000000607000000, 0x0000000607000000| Untracked 
|  23|0x0000000607200000, 0x0000000607200000, 0x0000000607400000|  0%| F|  |TAMS 0x0000000607200000, 0x0000000607200000| Untracked 
|  24|0x0000000607400000, 0x0000000607400000, 0x0000000607600000|  0%| F|  |TAMS 0x0000000607400000, 0x0000000607400000| Untracked 
|  25|0x0000000607600000, 0x0000000607600000, 0x0000000607800000|  0%| F|  |TAMS 0x0000000607600000, 0x0000000607600000| Untracked 
|  26|0x0000000607800000, 0x0000000607800000, 0x0000000607a00000|  0%| F|  |TAMS 0x0000000607800000, 0x0000000607800000| Untracked 
|  27|0x0000000607a00000, 0x0000000607a00000, 0x0000000607c00000|  0%| F|  |TAMS 0x0000000607a00000, 0x0000000607a00000| Untracked 
|  28|0x0000000607c00000, 0x0000000607c00000, 0x0000000607e00000|  0%| F|  |TAMS 0x0000000607c00000, 0x0000000607c00000| Untracked 
|  29|0x0000000607e00000, 0x0000000607e00000, 0x0000000608000000|  0%| F|  |TAMS 0x0000000607e00000, 0x0000000607e00000| Untracked 
|  30|0x0000000608000000, 0x0000000608000000, 0x0000000608200000|  0%| F|  |TAMS 0x0000000608000000, 0x0000000608000000| Untracked 
|  31|0x0000000608200000, 0x0000000608200000, 0x0000000608400000|  0%| F|  |TAMS 0x0000000608200000, 0x0000000608200000| Untracked 
|  32|0x0000000608400000, 0x0000000608400000, 0x0000000608600000|  0%| F|  |TAMS 0x0000000608400000, 0x0000000608400000| Untracked 
|  33|0x0000000608600000, 0x0000000608600000, 0x0000000608800000|  0%| F|  |TAMS 0x0000000608600000, 0x0000000608600000| Untracked 
|  34|0x0000000608800000, 0x0000000608800000, 0x0000000608a00000|  0%| F|  |TAMS 0x0000000608800000, 0x0000000608800000| Untracked 
|  35|0x0000000608a00000, 0x0000000608a00000, 0x0000000608c00000|  0%| F|  |TAMS 0x0000000608a00000, 0x0000000608a00000| Untracked 
|  36|0x0000000608c00000, 0x0000000608c00000, 0x0000000608e00000|  0%| F|  |TAMS 0x0000000608c00000, 0x0000000608c00000| Untracked 
|  37|0x0000000608e00000, 0x0000000608e00000, 0x0000000609000000|  0%| F|  |TAMS 0x0000000608e00000, 0x0000000608e00000| Untracked 
|  38|0x0000000609000000, 0x0000000609000000, 0x0000000609200000|  0%| F|  |TAMS 0x0000000609000000, 0x0000000609000000| Untracked 
|  39|0x0000000609200000, 0x0000000609200000, 0x0000000609400000|  0%| F|  |TAMS 0x0000000609200000, 0x0000000609200000| Untracked 
|  40|0x0000000609400000, 0x0000000609400000, 0x0000000609600000|  0%| F|  |TAMS 0x0000000609400000, 0x0000000609400000| Untracked 
|  41|0x0000000609600000, 0x0000000609600000, 0x0000000609800000|  0%| F|  |TAMS 0x0000000609600000, 0x0000000609600000| Untracked 
|  42|0x0000000609800000, 0x0000000609800000, 0x0000000609a00000|  0%| F|  |TAMS 0x0000000609800000, 0x0000000609800000| Untracked 
|  43|0x0000000609a00000, 0x0000000609a00000, 0x0000000609c00000|  0%| F|  |TAMS 0x0000000609a00000, 0x0000000609a00000| Untracked 
|  44|0x0000000609c00000, 0x0000000609c00000, 0x0000000609e00000|  0%| F|  |TAMS 0x0000000609c00000, 0x0000000609c00000| Untracked 
|  45|0x0000000609e00000, 0x0000000609e00000, 0x000000060a000000|  0%| F|  |TAMS 0x0000000609e00000, 0x0000000609e00000| Untracked 
|  46|0x000000060a000000, 0x000000060a000000, 0x000000060a200000|  0%| F|  |TAMS 0x000000060a000000, 0x000000060a000000| Untracked 
|  47|0x000000060a200000, 0x000000060a200000, 0x000000060a400000|  0%| F|  |TAMS 0x000000060a200000, 0x000000060a200000| Untracked 
|  48|0x000000060a400000, 0x000000060a400000, 0x000000060a600000|  0%| F|  |TAMS 0x000000060a400000, 0x000000060a400000| Untracked 
|  49|0x000000060a600000, 0x000000060a600000, 0x000000060a800000|  0%| F|  |TAMS 0x000000060a600000, 0x000000060a600000| Untracked 
|  50|0x000000060a800000, 0x000000060a800000, 0x000000060aa00000|  0%| F|  |TAMS 0x000000060a800000, 0x000000060a800000| Untracked 
|  51|0x000000060aa00000, 0x000000060aa00000, 0x000000060ac00000|  0%| F|  |TAMS 0x000000060aa00000, 0x000000060aa00000| Untracked 
|  52|0x000000060ac00000, 0x000000060ac00000, 0x000000060ae00000|  0%| F|  |TAMS 0x000000060ac00000, 0x000000060ac00000| Untracked 
|  53|0x000000060ae00000, 0x000000060ae00000, 0x000000060b000000|  0%| F|  |TAMS 0x000000060ae00000, 0x000000060ae00000| Untracked 
|  54|0x000000060b000000, 0x000000060b000000, 0x000000060b200000|  0%| F|  |TAMS 0x000000060b000000, 0x000000060b000000| Untracked 
|  55|0x000000060b200000, 0x000000060b200000, 0x000000060b400000|  0%| F|  |TAMS 0x000000060b200000, 0x000000060b200000| Untracked 
|  56|0x000000060b400000, 0x000000060b400000, 0x000000060b600000|  0%| F|  |TAMS 0x000000060b400000, 0x000000060b400000| Untracked 
|  57|0x000000060b600000, 0x000000060b600000, 0x000000060b800000|  0%| F|  |TAMS 0x000000060b600000, 0x000000060b600000| Untracked 
|  58|0x000000060b800000, 0x000000060b800000, 0x000000060ba00000|  0%| F|  |TAMS 0x000000060b800000, 0x000000060b800000| Untracked 
|  59|0x000000060ba00000, 0x000000060ba00000, 0x000000060bc00000|  0%| F|  |TAMS 0x000000060ba00000, 0x000000060ba00000| Untracked 
|  60|0x000000060bc00000, 0x000000060bc00000, 0x000000060be00000|  0%| F|  |TAMS 0x000000060bc00000, 0x000000060bc00000| Untracked 
|  61|0x000000060be00000, 0x000000060be00000, 0x000000060c000000|  0%| F|  |TAMS 0x000000060be00000, 0x000000060be00000| Untracked 
|  62|0x000000060c000000, 0x000000060c000000, 0x000000060c200000|  0%| F|  |TAMS 0x000000060c000000, 0x000000060c000000| Untracked 
|  63|0x000000060c200000, 0x000000060c200000, 0x000000060c400000|  0%| F|  |TAMS 0x000000060c200000, 0x000000060c200000| Untracked 
|  64|0x000000060c400000, 0x000000060c400000, 0x000000060c600000|  0%| F|  |TAMS 0x000000060c400000, 0x000000060c400000| Untracked 
|  65|0x000000060c600000, 0x000000060c600000, 0x000000060c800000|  0%| F|  |TAMS 0x000000060c600000, 0x000000060c600000| Untracked 
|  66|0x000000060c800000, 0x000000060c800000, 0x000000060ca00000|  0%| F|  |TAMS 0x000000060c800000, 0x000000060c800000| Untracked 
|  67|0x000000060ca00000, 0x000000060ca00000, 0x000000060cc00000|  0%| F|  |TAMS 0x000000060ca00000, 0x000000060ca00000| Untracked 
|  68|0x000000060cc00000, 0x000000060cc00000, 0x000000060ce00000|  0%| F|  |TAMS 0x000000060cc00000, 0x000000060cc00000| Untracked 
|  69|0x000000060ce00000, 0x000000060ce00000, 0x000000060d000000|  0%| F|  |TAMS 0x000000060ce00000, 0x000000060ce00000| Untracked 
|  70|0x000000060d000000, 0x000000060d000000, 0x000000060d200000|  0%| F|  |TAMS 0x000000060d000000, 0x000000060d000000| Untracked 
|  71|0x000000060d200000, 0x000000060d200000, 0x000000060d400000|  0%| F|  |TAMS 0x000000060d200000, 0x000000060d200000| Untracked 
|  72|0x000000060d400000, 0x000000060d400000, 0x000000060d600000|  0%| F|  |TAMS 0x000000060d400000, 0x000000060d400000| Untracked 
|  73|0x000000060d600000, 0x000000060d600000, 0x000000060d800000|  0%| F|  |TAMS 0x000000060d600000, 0x000000060d600000| Untracked 
|  74|0x000000060d800000, 0x000000060d800000, 0x000000060da00000|  0%| F|  |TAMS 0x000000060d800000, 0x000000060d800000| Untracked 
|  75|0x000000060da00000, 0x000000060da00000, 0x000000060dc00000|  0%| F|  |TAMS 0x000000060da00000, 0x000000060da00000| Untracked 
|  76|0x000000060dc00000, 0x000000060dc00000, 0x000000060de00000|  0%| F|  |TAMS 0x000000060dc00000, 0x000000060dc00000| Untracked 
|  77|0x000000060de00000, 0x000000060de00000, 0x000000060e000000|  0%| F|  |TAMS 0x000000060de00000, 0x000000060de00000| Untracked 
|  78|0x000000060e000000, 0x000000060e000000, 0x000000060e200000|  0%| F|  |TAMS 0x000000060e000000, 0x000000060e000000| Untracked 
|  79|0x000000060e200000, 0x000000060e200000, 0x000000060e400000|  0%| F|  |TAMS 0x000000060e200000, 0x000000060e200000| Untracked 
|  80|0x000000060e400000, 0x000000060e400000, 0x000000060e600000|  0%| F|  |TAMS 0x000000060e400000, 0x000000060e400000| Untracked 
|  81|0x000000060e600000, 0x000000060e600000, 0x000000060e800000|  0%| F|  |TAMS 0x000000060e600000, 0x000000060e600000| Untracked 
|  82|0x000000060e800000, 0x000000060e800000, 0x000000060ea00000|  0%| F|  |TAMS 0x000000060e800000, 0x000000060e800000| Untracked 
|  83|0x000000060ea00000, 0x000000060ea00000, 0x000000060ec00000|  0%| F|  |TAMS 0x000000060ea00000, 0x000000060ea00000| Untracked 
|  84|0x000000060ec00000, 0x000000060ec00000, 0x000000060ee00000|  0%| F|  |TAMS 0x000000060ec00000, 0x000000060ec00000| Untracked 
|  85|0x000000060ee00000, 0x000000060ee00000, 0x000000060f000000|  0%| F|  |TAMS 0x000000060ee00000, 0x000000060ee00000| Untracked 
|  86|0x000000060f000000, 0x000000060f000000, 0x000000060f200000|  0%| F|  |TAMS 0x000000060f000000, 0x000000060f000000| Untracked 
|  87|0x000000060f200000, 0x000000060f200000, 0x000000060f400000|  0%| F|  |TAMS 0x000000060f200000, 0x000000060f200000| Untracked 
|  88|0x000000060f400000, 0x000000060f400000, 0x000000060f600000|  0%| F|  |TAMS 0x000000060f400000, 0x000000060f400000| Untracked 
|  89|0x000000060f600000, 0x000000060f600000, 0x000000060f800000|  0%| F|  |TAMS 0x000000060f600000, 0x000000060f600000| Untracked 
|  90|0x000000060f800000, 0x000000060f800000, 0x000000060fa00000|  0%| F|  |TAMS 0x000000060f800000, 0x000000060f800000| Untracked 
|  91|0x000000060fa00000, 0x000000060fa00000, 0x000000060fc00000|  0%| F|  |TAMS 0x000000060fa00000, 0x000000060fa00000| Untracked 
|  92|0x000000060fc00000, 0x000000060fc00000, 0x000000060fe00000|  0%| F|  |TAMS 0x000000060fc00000, 0x000000060fc00000| Untracked 
|  93|0x000000060fe00000, 0x000000060fe00000, 0x0000000610000000|  0%| F|  |TAMS 0x000000060fe00000, 0x000000060fe00000| Untracked 
|  94|0x0000000610000000, 0x0000000610000000, 0x0000000610200000|  0%| F|  |TAMS 0x0000000610000000, 0x0000000610000000| Untracked 
|  95|0x0000000610200000, 0x0000000610200000, 0x0000000610400000|  0%| F|  |TAMS 0x0000000610200000, 0x0000000610200000| Untracked 
|  96|0x0000000610400000, 0x0000000610400000, 0x0000000610600000|  0%| F|  |TAMS 0x0000000610400000, 0x0000000610400000| Untracked 
|  97|0x0000000610600000, 0x0000000610600000, 0x0000000610800000|  0%| F|  |TAMS 0x0000000610600000, 0x0000000610600000| Untracked 
|  98|0x0000000610800000, 0x0000000610800000, 0x0000000610a00000|  0%| F|  |TAMS 0x0000000610800000, 0x0000000610800000| Untracked 
|  99|0x0000000610a00000, 0x0000000610a00000, 0x0000000610c00000|  0%| F|  |TAMS 0x0000000610a00000, 0x0000000610a00000| Untracked 
| 100|0x0000000610c00000, 0x0000000610c00000, 0x0000000610e00000|  0%| F|  |TAMS 0x0000000610c00000, 0x0000000610c00000| Untracked 
| 101|0x0000000610e00000, 0x0000000610e00000, 0x0000000611000000|  0%| F|  |TAMS 0x0000000610e00000, 0x0000000610e00000| Untracked 
| 102|0x0000000611000000, 0x0000000611000000, 0x0000000611200000|  0%| F|  |TAMS 0x0000000611000000, 0x0000000611000000| Untracked 
| 103|0x0000000611200000, 0x0000000611200000, 0x0000000611400000|  0%| F|  |TAMS 0x0000000611200000, 0x0000000611200000| Untracked 
| 104|0x0000000611400000, 0x0000000611400000, 0x0000000611600000|  0%| F|  |TAMS 0x0000000611400000, 0x0000000611400000| Untracked 
| 105|0x0000000611600000, 0x0000000611600000, 0x0000000611800000|  0%| F|  |TAMS 0x0000000611600000, 0x0000000611600000| Untracked 
| 106|0x0000000611800000, 0x0000000611800000, 0x0000000611a00000|  0%| F|  |TAMS 0x0000000611800000, 0x0000000611800000| Untracked 
| 107|0x0000000611a00000, 0x0000000611a00000, 0x0000000611c00000|  0%| F|  |TAMS 0x0000000611a00000, 0x0000000611a00000| Untracked 
| 108|0x0000000611c00000, 0x0000000611c00000, 0x0000000611e00000|  0%| F|  |TAMS 0x0000000611c00000, 0x0000000611c00000| Untracked 
| 109|0x0000000611e00000, 0x0000000611e00000, 0x0000000612000000|  0%| F|  |TAMS 0x0000000611e00000, 0x0000000611e00000| Untracked 
| 110|0x0000000612000000, 0x0000000612000000, 0x0000000612200000|  0%| F|  |TAMS 0x0000000612000000, 0x0000000612000000| Untracked 
| 111|0x0000000612200000, 0x0000000612200000, 0x0000000612400000|  0%| F|  |TAMS 0x0000000612200000, 0x0000000612200000| Untracked 
| 112|0x0000000612400000, 0x0000000612400000, 0x0000000612600000|  0%| F|  |TAMS 0x0000000612400000, 0x0000000612400000| Untracked 
| 113|0x0000000612600000, 0x0000000612600000, 0x0000000612800000|  0%| F|  |TAMS 0x0000000612600000, 0x0000000612600000| Untracked 
| 114|0x0000000612800000, 0x0000000612800000, 0x0000000612a00000|  0%| F|  |TAMS 0x0000000612800000, 0x0000000612800000| Untracked 
| 115|0x0000000612a00000, 0x0000000612a00000, 0x0000000612c00000|  0%| F|  |TAMS 0x0000000612a00000, 0x0000000612a00000| Untracked 
| 116|0x0000000612c00000, 0x0000000612c00000, 0x0000000612e00000|  0%| F|  |TAMS 0x0000000612c00000, 0x0000000612c00000| Untracked 
| 117|0x0000000612e00000, 0x0000000612e00000, 0x0000000613000000|  0%| F|  |TAMS 0x0000000612e00000, 0x0000000612e00000| Untracked 
| 118|0x0000000613000000, 0x0000000613000000, 0x0000000613200000|  0%| F|  |TAMS 0x0000000613000000, 0x0000000613000000| Untracked 
| 119|0x0000000613200000, 0x0000000613200000, 0x0000000613400000|  0%| F|  |TAMS 0x0000000613200000, 0x0000000613200000| Untracked 
| 120|0x0000000613400000, 0x0000000613400000, 0x0000000613600000|  0%| F|  |TAMS 0x0000000613400000, 0x0000000613400000| Untracked 
| 121|0x0000000613600000, 0x0000000613600000, 0x0000000613800000|  0%| F|  |TAMS 0x0000000613600000, 0x0000000613600000| Untracked 
| 122|0x0000000613800000, 0x0000000613800000, 0x0000000613a00000|  0%| F|  |TAMS 0x0000000613800000, 0x0000000613800000| Untracked 
| 123|0x0000000613a00000, 0x0000000613a00000, 0x0000000613c00000|  0%| F|  |TAMS 0x0000000613a00000, 0x0000000613a00000| Untracked 
| 124|0x0000000613c00000, 0x0000000613c00000, 0x0000000613e00000|  0%| F|  |TAMS 0x0000000613c00000, 0x0000000613c00000| Untracked 
| 125|0x0000000613e00000, 0x0000000613e00000, 0x0000000614000000|  0%| F|  |TAMS 0x0000000613e00000, 0x0000000613e00000| Untracked 
| 126|0x0000000614000000, 0x0000000614000000, 0x0000000614200000|  0%| F|  |TAMS 0x0000000614000000, 0x0000000614000000| Untracked 
| 127|0x0000000614200000, 0x0000000614200000, 0x0000000614400000|  0%| F|  |TAMS 0x0000000614200000, 0x0000000614200000| Untracked 
| 128|0x0000000614400000, 0x0000000614400000, 0x0000000614600000|  0%| F|  |TAMS 0x0000000614400000, 0x0000000614400000| Untracked 
| 129|0x0000000614600000, 0x0000000614600000, 0x0000000614800000|  0%| F|  |TAMS 0x0000000614600000, 0x0000000614600000| Untracked 
| 130|0x0000000614800000, 0x0000000614800000, 0x0000000614a00000|  0%| F|  |TAMS 0x0000000614800000, 0x0000000614800000| Untracked 
| 131|0x0000000614a00000, 0x0000000614a00000, 0x0000000614c00000|  0%| F|  |TAMS 0x0000000614a00000, 0x0000000614a00000| Untracked 
| 132|0x0000000614c00000, 0x0000000614c00000, 0x0000000614e00000|  0%| F|  |TAMS 0x0000000614c00000, 0x0000000614c00000| Untracked 
| 133|0x0000000614e00000, 0x0000000614e00000, 0x0000000615000000|  0%| F|  |TAMS 0x0000000614e00000, 0x0000000614e00000| Untracked 
| 134|0x0000000615000000, 0x0000000615000000, 0x0000000615200000|  0%| F|  |TAMS 0x0000000615000000, 0x0000000615000000| Untracked 
| 135|0x0000000615200000, 0x0000000615200000, 0x0000000615400000|  0%| F|  |TAMS 0x0000000615200000, 0x0000000615200000| Untracked 
| 136|0x0000000615400000, 0x0000000615400000, 0x0000000615600000|  0%| F|  |TAMS 0x0000000615400000, 0x0000000615400000| Untracked 
| 137|0x0000000615600000, 0x0000000615600000, 0x0000000615800000|  0%| F|  |TAMS 0x0000000615600000, 0x0000000615600000| Untracked 
| 138|0x0000000615800000, 0x0000000615800000, 0x0000000615a00000|  0%| F|  |TAMS 0x0000000615800000, 0x0000000615800000| Untracked 
| 139|0x0000000615a00000, 0x0000000615a00000, 0x0000000615c00000|  0%| F|  |TAMS 0x0000000615a00000, 0x0000000615a00000| Untracked 
| 140|0x0000000615c00000, 0x0000000615c00000, 0x0000000615e00000|  0%| F|  |TAMS 0x0000000615c00000, 0x0000000615c00000| Untracked 
| 141|0x0000000615e00000, 0x0000000615e00000, 0x0000000616000000|  0%| F|  |TAMS 0x0000000615e00000, 0x0000000615e00000| Untracked 
| 142|0x0000000616000000, 0x0000000616000000, 0x0000000616200000|  0%| F|  |TAMS 0x0000000616000000, 0x0000000616000000| Untracked 
| 143|0x0000000616200000, 0x0000000616200000, 0x0000000616400000|  0%| F|  |TAMS 0x0000000616200000, 0x0000000616200000| Untracked 
| 144|0x0000000616400000, 0x0000000616400000, 0x0000000616600000|  0%| F|  |TAMS 0x0000000616400000, 0x0000000616400000| Untracked 
| 145|0x0000000616600000, 0x0000000616600000, 0x0000000616800000|  0%| F|  |TAMS 0x0000000616600000, 0x0000000616600000| Untracked 
| 146|0x0000000616800000, 0x0000000616800000, 0x0000000616a00000|  0%| F|  |TAMS 0x0000000616800000, 0x0000000616800000| Untracked 
| 147|0x0000000616a00000, 0x0000000616a00000, 0x0000000616c00000|  0%| F|  |TAMS 0x0000000616a00000, 0x0000000616a00000| Untracked 
| 148|0x0000000616c00000, 0x0000000616c00000, 0x0000000616e00000|  0%| F|  |TAMS 0x0000000616c00000, 0x0000000616c00000| Untracked 
| 149|0x0000000616e00000, 0x0000000616e00000, 0x0000000617000000|  0%| F|  |TAMS 0x0000000616e00000, 0x0000000616e00000| Untracked 
| 150|0x0000000617000000, 0x0000000617000000, 0x0000000617200000|  0%| F|  |TAMS 0x0000000617000000, 0x0000000617000000| Untracked 
| 151|0x0000000617200000, 0x0000000617200000, 0x0000000617400000|  0%| F|  |TAMS 0x0000000617200000, 0x0000000617200000| Untracked 
| 152|0x0000000617400000, 0x0000000617400000, 0x0000000617600000|  0%| F|  |TAMS 0x0000000617400000, 0x0000000617400000| Untracked 
| 153|0x0000000617600000, 0x0000000617600000, 0x0000000617800000|  0%| F|  |TAMS 0x0000000617600000, 0x0000000617600000| Untracked 
| 154|0x0000000617800000, 0x0000000617800000, 0x0000000617a00000|  0%| F|  |TAMS 0x0000000617800000, 0x0000000617800000| Untracked 
| 155|0x0000000617a00000, 0x0000000617a00000, 0x0000000617c00000|  0%| F|  |TAMS 0x0000000617a00000, 0x0000000617a00000| Untracked 
| 156|0x0000000617c00000, 0x0000000617c00000, 0x0000000617e00000|  0%| F|  |TAMS 0x0000000617c00000, 0x0000000617c00000| Untracked 
| 157|0x0000000617e00000, 0x0000000617e00000, 0x0000000618000000|  0%| F|  |TAMS 0x0000000617e00000, 0x0000000617e00000| Untracked 
| 158|0x0000000618000000, 0x0000000618000000, 0x0000000618200000|  0%| F|  |TAMS 0x0000000618000000, 0x0000000618000000| Untracked 
| 159|0x0000000618200000, 0x0000000618200000, 0x0000000618400000|  0%| F|  |TAMS 0x0000000618200000, 0x0000000618200000| Untracked 
| 160|0x0000000618400000, 0x0000000618400000, 0x0000000618600000|  0%| F|  |TAMS 0x0000000618400000, 0x0000000618400000| Untracked 
| 161|0x0000000618600000, 0x0000000618600000, 0x0000000618800000|  0%| F|  |TAMS 0x0000000618600000, 0x0000000618600000| Untracked 
| 162|0x0000000618800000, 0x0000000618800000, 0x0000000618a00000|  0%| F|  |TAMS 0x0000000618800000, 0x0000000618800000| Untracked 
| 163|0x0000000618a00000, 0x0000000618a00000, 0x0000000618c00000|  0%| F|  |TAMS 0x0000000618a00000, 0x0000000618a00000| Untracked 
| 164|0x0000000618c00000, 0x0000000618c00000, 0x0000000618e00000|  0%| F|  |TAMS 0x0000000618c00000, 0x0000000618c00000| Untracked 
| 165|0x0000000618e00000, 0x0000000618e00000, 0x0000000619000000|  0%| F|  |TAMS 0x0000000618e00000, 0x0000000618e00000| Untracked 
| 166|0x0000000619000000, 0x0000000619000000, 0x0000000619200000|  0%| F|  |TAMS 0x0000000619000000, 0x0000000619000000| Untracked 
| 167|0x0000000619200000, 0x0000000619200000, 0x0000000619400000|  0%| F|  |TAMS 0x0000000619200000, 0x0000000619200000| Untracked 
| 168|0x0000000619400000, 0x0000000619400000, 0x0000000619600000|  0%| F|  |TAMS 0x0000000619400000, 0x0000000619400000| Untracked 
| 169|0x0000000619600000, 0x0000000619600000, 0x0000000619800000|  0%| F|  |TAMS 0x0000000619600000, 0x0000000619600000| Untracked 
| 170|0x0000000619800000, 0x0000000619800000, 0x0000000619a00000|  0%| F|  |TAMS 0x0000000619800000, 0x0000000619800000| Untracked 
| 171|0x0000000619a00000, 0x0000000619a00000, 0x0000000619c00000|  0%| F|  |TAMS 0x0000000619a00000, 0x0000000619a00000| Untracked 
| 172|0x0000000619c00000, 0x0000000619c00000, 0x0000000619e00000|  0%| F|  |TAMS 0x0000000619c00000, 0x0000000619c00000| Untracked 
| 173|0x0000000619e00000, 0x0000000619e00000, 0x000000061a000000|  0%| F|  |TAMS 0x0000000619e00000, 0x0000000619e00000| Untracked 
| 174|0x000000061a000000, 0x000000061a000000, 0x000000061a200000|  0%| F|  |TAMS 0x000000061a000000, 0x000000061a000000| Untracked 
| 175|0x000000061a200000, 0x000000061a200000, 0x000000061a400000|  0%| F|  |TAMS 0x000000061a200000, 0x000000061a200000| Untracked 
| 176|0x000000061a400000, 0x000000061a400000, 0x000000061a600000|  0%| F|  |TAMS 0x000000061a400000, 0x000000061a400000| Untracked 
| 177|0x000000061a600000, 0x000000061a600000, 0x000000061a800000|  0%| F|  |TAMS 0x000000061a600000, 0x000000061a600000| Untracked 
| 178|0x000000061a800000, 0x000000061a800000, 0x000000061aa00000|  0%| F|  |TAMS 0x000000061a800000, 0x000000061a800000| Untracked 
| 179|0x000000061aa00000, 0x000000061aa00000, 0x000000061ac00000|  0%| F|  |TAMS 0x000000061aa00000, 0x000000061aa00000| Untracked 
| 180|0x000000061ac00000, 0x000000061ac00000, 0x000000061ae00000|  0%| F|  |TAMS 0x000000061ac00000, 0x000000061ac00000| Untracked 
| 181|0x000000061ae00000, 0x000000061ae00000, 0x000000061b000000|  0%| F|  |TAMS 0x000000061ae00000, 0x000000061ae00000| Untracked 
| 182|0x000000061b000000, 0x000000061b000000, 0x000000061b200000|  0%| F|  |TAMS 0x000000061b000000, 0x000000061b000000| Untracked 
| 183|0x000000061b200000, 0x000000061b200000, 0x000000061b400000|  0%| F|  |TAMS 0x000000061b200000, 0x000000061b200000| Untracked 
| 184|0x000000061b400000, 0x000000061b400000, 0x000000061b600000|  0%| F|  |TAMS 0x000000061b400000, 0x000000061b400000| Untracked 
| 185|0x000000061b600000, 0x000000061b600000, 0x000000061b800000|  0%| F|  |TAMS 0x000000061b600000, 0x000000061b600000| Untracked 
| 186|0x000000061b800000, 0x000000061b800000, 0x000000061ba00000|  0%| F|  |TAMS 0x000000061b800000, 0x000000061b800000| Untracked 
| 187|0x000000061ba00000, 0x000000061ba00000, 0x000000061bc00000|  0%| F|  |TAMS 0x000000061ba00000, 0x000000061ba00000| Untracked 
| 188|0x000000061bc00000, 0x000000061bc00000, 0x000000061be00000|  0%| F|  |TAMS 0x000000061bc00000, 0x000000061bc00000| Untracked 
| 189|0x000000061be00000, 0x000000061be00000, 0x000000061c000000|  0%| F|  |TAMS 0x000000061be00000, 0x000000061be00000| Untracked 
| 190|0x000000061c000000, 0x000000061c000000, 0x000000061c200000|  0%| F|  |TAMS 0x000000061c000000, 0x000000061c000000| Untracked 
| 191|0x000000061c200000, 0x000000061c200000, 0x000000061c400000|  0%| F|  |TAMS 0x000000061c200000, 0x000000061c200000| Untracked 
| 192|0x000000061c400000, 0x000000061c400000, 0x000000061c600000|  0%| F|  |TAMS 0x000000061c400000, 0x000000061c400000| Untracked 
| 193|0x000000061c600000, 0x000000061c600000, 0x000000061c800000|  0%| F|  |TAMS 0x000000061c600000, 0x000000061c600000| Untracked 
| 194|0x000000061c800000, 0x000000061c800000, 0x000000061ca00000|  0%| F|  |TAMS 0x000000061c800000, 0x000000061c800000| Untracked 
| 195|0x000000061ca00000, 0x000000061ca00000, 0x000000061cc00000|  0%| F|  |TAMS 0x000000061ca00000, 0x000000061ca00000| Untracked 
| 196|0x000000061cc00000, 0x000000061cc00000, 0x000000061ce00000|  0%| F|  |TAMS 0x000000061cc00000, 0x000000061cc00000| Untracked 
| 197|0x000000061ce00000, 0x000000061ce00000, 0x000000061d000000|  0%| F|  |TAMS 0x000000061ce00000, 0x000000061ce00000| Untracked 
| 198|0x000000061d000000, 0x000000061d000000, 0x000000061d200000|  0%| F|  |TAMS 0x000000061d000000, 0x000000061d000000| Untracked 
| 199|0x000000061d200000, 0x000000061d200000, 0x000000061d400000|  0%| F|  |TAMS 0x000000061d200000, 0x000000061d200000| Untracked 
| 200|0x000000061d400000, 0x000000061d400000, 0x000000061d600000|  0%| F|  |TAMS 0x000000061d400000, 0x000000061d400000| Untracked 
| 201|0x000000061d600000, 0x000000061d600000, 0x000000061d800000|  0%| F|  |TAMS 0x000000061d600000, 0x000000061d600000| Untracked 
| 202|0x000000061d800000, 0x000000061d800000, 0x000000061da00000|  0%| F|  |TAMS 0x000000061d800000, 0x000000061d800000| Untracked 
| 203|0x000000061da00000, 0x000000061da00000, 0x000000061dc00000|  0%| F|  |TAMS 0x000000061da00000, 0x000000061da00000| Untracked 
| 204|0x000000061dc00000, 0x000000061dc00000, 0x000000061de00000|  0%| F|  |TAMS 0x000000061dc00000, 0x000000061dc00000| Untracked 
| 205|0x000000061de00000, 0x000000061de00800, 0x000000061e000000|  0%| E|  |TAMS 0x000000061de00000, 0x000000061de00000| Complete 
| 206|0x000000061e000000, 0x000000061e200000, 0x000000061e200000|100%| E|CS|TAMS 0x000000061e000000, 0x000000061e000000| Complete 
| 207|0x000000061e200000, 0x000000061e400000, 0x000000061e400000|100%| E|CS|TAMS 0x000000061e200000, 0x000000061e200000| Complete 
| 208|0x000000061e400000, 0x000000061e600000, 0x000000061e600000|100%| E|CS|TAMS 0x000000061e400000, 0x000000061e400000| Complete 
| 209|0x000000061e600000, 0x000000061e800000, 0x000000061e800000|100%| E|CS|TAMS 0x000000061e600000, 0x000000061e600000| Complete 
| 210|0x000000061e800000, 0x000000061ea00000, 0x000000061ea00000|100%| E|CS|TAMS 0x000000061e800000, 0x000000061e800000| Complete 
| 211|0x000000061ea00000, 0x000000061ec00000, 0x000000061ec00000|100%| E|CS|TAMS 0x000000061ea00000, 0x000000061ea00000| Complete 
| 212|0x000000061ec00000, 0x000000061ee00000, 0x000000061ee00000|100%| E|CS|TAMS 0x000000061ec00000, 0x000000061ec00000| Complete 
| 213|0x000000061ee00000, 0x000000061f000000, 0x000000061f000000|100%| E|CS|TAMS 0x000000061ee00000, 0x000000061ee00000| Complete 
| 214|0x000000061f000000, 0x000000061f200000, 0x000000061f200000|100%| E|CS|TAMS 0x000000061f000000, 0x000000061f000000| Complete 
| 215|0x000000061f200000, 0x000000061f400000, 0x000000061f400000|100%| E|CS|TAMS 0x000000061f200000, 0x000000061f200000| Complete 
| 216|0x000000061f400000, 0x000000061f600000, 0x000000061f600000|100%| E|CS|TAMS 0x000000061f400000, 0x000000061f400000| Complete 
| 217|0x000000061f600000, 0x000000061f800000, 0x000000061f800000|100%| E|CS|TAMS 0x000000061f600000, 0x000000061f600000| Complete 
| 218|0x000000061f800000, 0x000000061fa00000, 0x000000061fa00000|100%| E|CS|TAMS 0x000000061f800000, 0x000000061f800000| Complete 
| 219|0x000000061fa00000, 0x000000061fc00000, 0x000000061fc00000|100%| E|CS|TAMS 0x000000061fa00000, 0x000000061fa00000| Complete 
| 220|0x000000061fc00000, 0x000000061fe00000, 0x000000061fe00000|100%| E|CS|TAMS 0x000000061fc00000, 0x000000061fc00000| Complete 
| 221|0x000000061fe00000, 0x0000000620000000, 0x0000000620000000|100%| E|CS|TAMS 0x000000061fe00000, 0x000000061fe00000| Complete 
| 222|0x0000000620000000, 0x0000000620200000, 0x0000000620200000|100%| E|CS|TAMS 0x0000000620000000, 0x0000000620000000| Complete 
| 223|0x0000000620200000, 0x0000000620400000, 0x0000000620400000|100%| E|CS|TAMS 0x0000000620200000, 0x0000000620200000| Complete 
| 224|0x0000000620400000, 0x0000000620600000, 0x0000000620600000|100%| E|CS|TAMS 0x0000000620400000, 0x0000000620400000| Complete 
| 225|0x0000000620600000, 0x0000000620800000, 0x0000000620800000|100%| E|CS|TAMS 0x0000000620600000, 0x0000000620600000| Complete 
| 226|0x0000000620800000, 0x0000000620a00000, 0x0000000620a00000|100%| E|CS|TAMS 0x0000000620800000, 0x0000000620800000| Complete 
| 227|0x0000000620a00000, 0x0000000620c00000, 0x0000000620c00000|100%| E|CS|TAMS 0x0000000620a00000, 0x0000000620a00000| Complete 
| 228|0x0000000620c00000, 0x0000000620e00000, 0x0000000620e00000|100%| E|CS|TAMS 0x0000000620c00000, 0x0000000620c00000| Complete 
| 229|0x0000000620e00000, 0x0000000621000000, 0x0000000621000000|100%| E|CS|TAMS 0x0000000620e00000, 0x0000000620e00000| Complete 
| 230|0x0000000621000000, 0x0000000621200000, 0x0000000621200000|100%| E|CS|TAMS 0x0000000621000000, 0x0000000621000000| Complete 
| 231|0x0000000621200000, 0x0000000621400000, 0x0000000621400000|100%| E|CS|TAMS 0x0000000621200000, 0x0000000621200000| Complete 
| 232|0x0000000621400000, 0x0000000621600000, 0x0000000621600000|100%| E|CS|TAMS 0x0000000621400000, 0x0000000621400000| Complete 
| 233|0x0000000621600000, 0x0000000621800000, 0x0000000621800000|100%| E|CS|TAMS 0x0000000621600000, 0x0000000621600000| Complete 
| 234|0x0000000621800000, 0x0000000621a00000, 0x0000000621a00000|100%| E|CS|TAMS 0x0000000621800000, 0x0000000621800000| Complete 
| 235|0x0000000621a00000, 0x0000000621c00000, 0x0000000621c00000|100%| E|CS|TAMS 0x0000000621a00000, 0x0000000621a00000| Complete 
| 236|0x0000000621c00000, 0x0000000621e00000, 0x0000000621e00000|100%| E|CS|TAMS 0x0000000621c00000, 0x0000000621c00000| Complete 
| 237|0x0000000621e00000, 0x0000000622000000, 0x0000000622000000|100%| E|CS|TAMS 0x0000000621e00000, 0x0000000621e00000| Complete 
| 238|0x0000000622000000, 0x0000000622200000, 0x0000000622200000|100%| E|CS|TAMS 0x0000000622000000, 0x0000000622000000| Complete 
| 239|0x0000000622200000, 0x0000000622400000, 0x0000000622400000|100%| E|CS|TAMS 0x0000000622200000, 0x0000000622200000| Complete 
| 240|0x0000000622400000, 0x0000000622600000, 0x0000000622600000|100%| E|CS|TAMS 0x0000000622400000, 0x0000000622400000| Complete 
| 241|0x0000000622600000, 0x0000000622800000, 0x0000000622800000|100%| E|CS|TAMS 0x0000000622600000, 0x0000000622600000| Complete 
| 242|0x0000000622800000, 0x0000000622a00000, 0x0000000622a00000|100%| E|CS|TAMS 0x0000000622800000, 0x0000000622800000| Complete 
| 243|0x0000000622a00000, 0x0000000622b62680, 0x0000000622c00000| 69%| S|CS|TAMS 0x0000000622a00000, 0x0000000622a00000| Complete 
| 244|0x0000000622c00000, 0x0000000622e00000, 0x0000000622e00000|100%| S|CS|TAMS 0x0000000622c00000, 0x0000000622c00000| Complete 
| 245|0x0000000622e00000, 0x0000000623000000, 0x0000000623000000|100%| S|CS|TAMS 0x0000000622e00000, 0x0000000622e00000| Complete 
| 246|0x0000000623000000, 0x0000000623200000, 0x0000000623200000|100%| E|CS|TAMS 0x0000000623000000, 0x0000000623000000| Complete 
| 247|0x0000000623200000, 0x0000000623400000, 0x0000000623400000|100%| E|CS|TAMS 0x0000000623200000, 0x0000000623200000| Complete 
| 248|0x0000000623400000, 0x0000000623600000, 0x0000000623600000|100%| E|CS|TAMS 0x0000000623400000, 0x0000000623400000| Complete 
| 249|0x0000000623600000, 0x0000000623800000, 0x0000000623800000|100%| E|CS|TAMS 0x0000000623600000, 0x0000000623600000| Complete 
| 250|0x0000000623800000, 0x0000000623a00000, 0x0000000623a00000|100%| E|CS|TAMS 0x0000000623800000, 0x0000000623800000| Complete 
| 251|0x0000000623a00000, 0x0000000623c00000, 0x0000000623c00000|100%| E|CS|TAMS 0x0000000623a00000, 0x0000000623a00000| Complete 
| 252|0x0000000623c00000, 0x0000000623e00000, 0x0000000623e00000|100%| E|CS|TAMS 0x0000000623c00000, 0x0000000623c00000| Complete 
| 253|0x0000000623e00000, 0x0000000624000000, 0x0000000624000000|100%| E|CS|TAMS 0x0000000623e00000, 0x0000000623e00000| Complete 

Card table byte_map: [0x000001e5a5620000,0x000001e5a6600000] _byte_map_base: 0x000001e5a25fe000

Marking Bits (Prev, Next): (CMBitMap*) 0x000001e58ad59e70, (CMBitMap*) 0x000001e58ad59e38
 Prev Bits: [0x000001e5af4d0000, 0x000001e5b73c0000)
 Next Bits: [0x000001e5a75e0000, 0x000001e5af4d0000)

Polling page: 0x000001e58adb0000

Metaspace:

Usage:
  Non-class:     25.50 MB capacity,    25.25 MB (>99%) used,   218.21 KB ( <1%) free+waste,    38.75 KB ( <1%) overhead. 
      Class:      3.16 MB capacity,     3.08 MB ( 97%) used,    68.76 KB (  2%) free+waste,    15.00 KB ( <1%) overhead. 
       Both:     28.66 MB capacity,    28.33 MB ( 99%) used,   286.97 KB ( <1%) free+waste,    53.75 KB ( <1%) overhead. 

Virtual space:
  Non-class space:       26.00 MB reserved,      25.75 MB (>99%) committed 
      Class space:        1.00 GB reserved,       3.25 MB ( <1%) committed 
             Both:        1.03 GB reserved,      29.00 MB (  3%) committed 

Chunk freelists:
   Non-Class:  130.00 KB
       Class:  28.00 KB
        Both:  158.00 KB

MaxMetaspaceSize: 17179869184.00 GB
CompressedClassSpaceSize: 1.00 GB
Initial GC threshold: 20.80 MB
Current GC threshold: 35.00 MB
CDS: off

CodeHeap 'non-profiled nmethods': size=120000Kb used=2091Kb max_used=2091Kb free=117909Kb
 bounds [0x000001e59c690000, 0x000001e59c900000, 0x000001e5a3bc0000]
CodeHeap 'profiled nmethods': size=120000Kb used=8778Kb max_used=8778Kb free=111221Kb
 bounds [0x000001e595160000, 0x000001e595a00000, 0x000001e59c690000]
CodeHeap 'non-nmethods': size=5760Kb used=1364Kb max_used=1365Kb free=4395Kb
 bounds [0x000001e594bc0000, 0x000001e594e30000, 0x000001e595160000]
 total_blobs=4822 nmethods=4174 adapters=556
 compilation: enabled
              stopped_count=0, restarted_count=0
 full_count=0

Compilation events (20 events):
Event: 3.053 Thread 0x000001e5ba91e000 4181       3       org.uqbar.project.wollok.model.WMethodContainerExtensions::linearizeMixinHierarchy (52 bytes)
Event: 3.054 Thread 0x000001e5ba91e000 nmethod 4181 0x000001e5959ee990 code [0x000001e5959eeca0, 0x000001e5959efd78]
Event: 3.054 Thread 0x000001e5ba91e000 4182       3       java.util.Collections::addAll (43 bytes)
Event: 3.054 Thread 0x000001e5ba91e000 nmethod 4182 0x000001e5959f0310 code [0x000001e5959f04e0, 0x000001e5959f0788]
Event: 3.054 Thread 0x000001e5ba91e000 4183       1       wollok.lang.AbstractJavaWrapper::getWrapped (5 bytes)
Event: 3.054 Thread 0x000001e5ba91e000 nmethod 4183 0x000001e59c897a10 code [0x000001e59c897bc0, 0x000001e59c897c78]
Event: 3.056 Thread 0x000001e5be93a000 nmethod 4174 0x000001e59c897d10 code [0x000001e59c897ec0, 0x000001e59c8982d8]
Event: 3.056 Thread 0x000001e5be93a000 4161 %     4       sun.nio.cs.UTF_8$Decoder::decodeArrayLoop @ 73 (691 bytes)
Event: 3.077 Thread 0x000001e5be93a000 nmethod 4161% 0x000001e59c898690 code [0x000001e59c898980, 0x000001e59c899cf0]
Event: 3.077 Thread 0x000001e5be93a000 4175       4       java.util.StringTokenizer::nextToken (92 bytes)
Event: 3.085 Thread 0x000001e5ba91e000 4184   !   3       java.nio.CharBuffer::wrap (20 bytes)
Event: 3.086 Thread 0x000001e5ba91e000 nmethod 4184 0x000001e5959f0910 code [0x000001e5959f0b00, 0x000001e5959f0ef8]
Event: 3.086 Thread 0x000001e5ba91e000 4186       3       java.nio.ByteBuffer::array (35 bytes)
Event: 3.086 Thread 0x000001e5ba91e000 nmethod 4186 0x000001e5959f1110 code [0x000001e5959f12e0, 0x000001e5959f15b8]
Event: 3.086 Thread 0x000001e5ba91e000 4185       3       java.nio.HeapCharBuffer::<init> (21 bytes)
Event: 3.086 Thread 0x000001e5ba91e000 nmethod 4185 0x000001e5959f1710 code [0x000001e5959f18e0, 0x000001e5959f1b28]
Event: 3.086 Thread 0x000001e5ba91e000 4187       3       java.nio.ByteBuffer::hasArray (20 bytes)
Event: 3.086 Thread 0x000001e5ba91e000 nmethod 4187 0x000001e5959f1c90 code [0x000001e5959f1e40, 0x000001e5959f1fd8]
Event: 3.086 Thread 0x000001e5ba91e000 4188       3       org.uqbar.project.wollok.interpreter.core.WollokObject::resolve (68 bytes)
Event: 3.087 Thread 0x000001e5ba91e000 nmethod 4188 0x000001e5959f2090 code [0x000001e5959f22a0, 0x000001e5959f2958]

GC Heap History (8 events):
Event: 0.370 GC heap before
{Heap before GC invocations=0 (full 0):
 garbage-first heap   total 520192K, used 22528K [0x0000000604400000, 0x0000000800000000)
  region size 2048K, 12 young (24576K), 0 survivors (0K)
 Metaspace       used 9790K, capacity 9913K, committed 9984K, reserved 1058816K
  class space    used 906K, capacity 959K, committed 1024K, reserved 1048576K
}
Event: 0.373 GC heap after
{Heap after GC invocations=1 (full 0):
 garbage-first heap   total 520192K, used 6511K [0x0000000604400000, 0x0000000800000000)
  region size 2048K, 2 young (4096K), 2 survivors (4096K)
 Metaspace       used 9790K, capacity 9913K, committed 9984K, reserved 1058816K
  class space    used 906K, capacity 959K, committed 1024K, reserved 1048576K
}
Event: 0.595 GC heap before
{Heap before GC invocations=1 (full 0):
 garbage-first heap   total 520192K, used 33135K [0x0000000604400000, 0x0000000800000000)
  region size 2048K, 16 young (32768K), 2 survivors (4096K)
 Metaspace       used 13186K, capacity 13310K, committed 13440K, reserved 1060864K
  class space    used 1342K, capacity 1386K, committed 1408K, reserved 1048576K
}
Event: 0.600 GC heap after
{Heap after GC invocations=2 (full 0):
 garbage-first heap   total 520192K, used 13079K [0x0000000604400000, 0x0000000800000000)
  region size 2048K, 2 young (4096K), 2 survivors (4096K)
 Metaspace       used 13186K, capacity 13310K, committed 13440K, reserved 1060864K
  class space    used 1342K, capacity 1386K, committed 1408K, reserved 1048576K
}
Event: 0.907 GC heap before
{Heap before GC invocations=2 (full 0):
 garbage-first heap   total 520192K, used 49943K [0x0000000604400000, 0x0000000800000000)
  region size 2048K, 21 young (43008K), 2 survivors (4096K)
 Metaspace       used 17871K, capacity 18066K, committed 18176K, reserved 1064960K
  class space    used 1978K, capacity 2046K, committed 2048K, reserved 1048576K
}
Event: 0.911 GC heap after
{Heap after GC invocations=3 (full 0):
 garbage-first heap   total 520192K, used 16463K [0x0000000604400000, 0x0000000800000000)
  region size 2048K, 3 young (6144K), 3 survivors (6144K)
 Metaspace       used 17871K, capacity 18066K, committed 18176K, reserved 1064960K
  class space    used 1978K, capacity 2046K, committed 2048K, reserved 1048576K
}
Event: 1.100 GC heap before
{Heap before GC invocations=3 (full 0):
 garbage-first heap   total 520192K, used 30799K [0x0000000604400000, 0x0000000800000000)
  region size 2048K, 11 young (22528K), 3 survivors (6144K)
 Metaspace       used 20956K, capacity 21124K, committed 21248K, reserved 1069056K
  class space    used 2406K, capacity 2465K, committed 2560K, reserved 1048576K
}
Event: 1.105 GC heap after
{Heap after GC invocations=4 (full 0):
 garbage-first heap   total 520192K, used 17691K [0x0000000604400000, 0x0000000800000000)
  region size 2048K, 3 young (6144K), 3 survivors (6144K)
 Metaspace       used 20956K, capacity 21124K, committed 21248K, reserved 1069056K
  class space    used 2406K, capacity 2465K, committed 2560K, reserved 1048576K
}

Deoptimization events (20 events):
Event: 2.082 Thread 0x000001e58acd1000 Uncommon trap: trap_request=0xffffff4d fr.pc=0x000001e59c7aead8 relative=0x0000000000002878
Event: 2.082 Thread 0x000001e58acd1000 Uncommon trap: reason=unstable_if action=reinterpret pc=0x000001e59c7aead8 method=jdk.internal.loader.URLClassPath.getResource(Ljava/lang/String;Z)Ljdk/internal/loader/Resource; @ 47 c2
Event: 2.082 Thread 0x000001e58acd1000 DEOPT PACKING pc=0x000001e59c7aead8 sp=0x0000006bf9bfaf30
Event: 2.082 Thread 0x000001e58acd1000 DEOPT UNPACKING pc=0x000001e594bc85af sp=0x0000006bf9bfafb0 mode 2
Event: 2.092 Thread 0x000001e58acd1000 Uncommon trap: trap_request=0xffffffc6 fr.pc=0x000001e59c84d12c relative=0x000000000000008c
Event: 2.092 Thread 0x000001e58acd1000 Uncommon trap: reason=bimorphic_or_optimized_type_check action=maybe_recompile pc=0x000001e59c84d12c method=java.util.AbstractList$Itr.hasNext()Z @ 8 c2
Event: 2.092 Thread 0x000001e58acd1000 DEOPT PACKING pc=0x000001e59c84d12c sp=0x0000006bf9bfb930
Event: 2.092 Thread 0x000001e58acd1000 DEOPT UNPACKING pc=0x000001e594bc85af sp=0x0000006bf9bfb8c8 mode 2
Event: 2.092 Thread 0x000001e58acd1000 Uncommon trap: trap_request=0xffffffc6 fr.pc=0x000001e59c84cd2c relative=0x00000000000000ec
Event: 2.092 Thread 0x000001e58acd1000 Uncommon trap: reason=bimorphic_or_optimized_type_check action=maybe_recompile pc=0x000001e59c84cd2c method=java.util.AbstractList$Itr.next()Ljava/lang/Object; @ 14 c2
Event: 2.092 Thread 0x000001e58acd1000 DEOPT PACKING pc=0x000001e59c84cd2c sp=0x0000006bf9bfb930
Event: 2.092 Thread 0x000001e58acd1000 DEOPT UNPACKING pc=0x000001e594bc85af sp=0x0000006bf9bfb8b8 mode 2
Event: 2.162 Thread 0x000001e58acd1000 Uncommon trap: trap_request=0xffffff4d fr.pc=0x000001e59c7201e8 relative=0x0000000000001648
Event: 2.162 Thread 0x000001e58acd1000 Uncommon trap: reason=unstable_if action=reinterpret pc=0x000001e59c7201e8 method=java.io.WinNTFileSystem.normalize(Ljava/lang/String;)Ljava/lang/String; @ 128 c2
Event: 2.162 Thread 0x000001e58acd1000 DEOPT PACKING pc=0x000001e59c7201e8 sp=0x0000006bf9bf9a90
Event: 2.162 Thread 0x000001e58acd1000 DEOPT UNPACKING pc=0x000001e594bc85af sp=0x0000006bf9bf9a78 mode 2
Event: 3.013 Thread 0x000001e5bae7f800 Uncommon trap: trap_request=0xffffff4d fr.pc=0x000001e59c78148c relative=0x00000000000005cc
Event: 3.013 Thread 0x000001e5bae7f800 Uncommon trap: reason=unstable_if action=reinterpret pc=0x000001e59c78148c method=java.lang.Integer.parseInt(Ljava/lang/String;I)I @ 119 c2
Event: 3.013 Thread 0x000001e5bae7f800 DEOPT PACKING pc=0x000001e59c78148c sp=0x0000006bfacfe980
Event: 3.013 Thread 0x000001e5bae7f800 DEOPT UNPACKING pc=0x000001e594bc85af sp=0x0000006bfacfe8e8 mode 2

Classes redefined (0 events):
No events

Internal exceptions (20 events):
Event: 0.360 Thread 0x000001e58acd1000 Exception <a 'java/lang/ClassNotFoundException'{0x0000000622986c90}: java/lang/ObjectCustomizer> (0x0000000622986c90) thrown at [./src/hotspot/share/classfile/systemDictionary.cpp, line 231]
Event: 0.364 Thread 0x000001e58acd1000 Exception <a 'java/lang/ClassNotFoundException'{0x000000062299f060}: org/apache/log4j/LayoutCustomizer> (0x000000062299f060) thrown at [./src/hotspot/share/classfile/systemDictionary.cpp, line 231]
Event: 0.366 Thread 0x000001e58acd1000 Exception <a 'java/lang/ClassNotFoundException'{0x00000006229b7060}: org/apache/log4j/PatternLayoutCustomizer> (0x00000006229b7060) thrown at [./src/hotspot/share/classfile/systemDictionary.cpp, line 231]
Event: 0.367 Thread 0x000001e58acd1000 Implicit null exception at 0x000001e59c6c9374 to 0x000001e59c6c9870
Event: 1.081 Thread 0x000001e58acd1000 Implicit null exception at 0x000001e59c6d4474 to 0x000001e59c6d4998
Event: 1.216 Thread 0x000001e58acd1000 Implicit null exception at 0x000001e59c7144d3 to 0x000001e59c714e6c
Event: 1.449 Thread 0x000001e58acd1000 Exception <a 'java/io/FileNotFoundException'{0x00000006228dbc30}> (0x00000006228dbc30) thrown at [./src/hotspot/share/prims/jni.cpp, line 615]
Event: 1.459 Thread 0x000001e58acd1000 Exception <a 'java/io/FileNotFoundException'{0x00000006229a6220}> (0x00000006229a6220) thrown at [./src/hotspot/share/prims/jni.cpp, line 615]
Event: 1.672 Thread 0x000001e58acd1000 Exception <a 'java/lang/reflect/InvocationTargetException'{0x000000062183e4e0}> (0x000000062183e4e0) thrown at [./src/hotspot/share/runtime/reflection.cpp, line 1247]
Event: 1.673 Thread 0x000001e58acd1000 Exception <a 'java/lang/reflect/InvocationTargetException'{0x000000062185ae08}> (0x000000062185ae08) thrown at [./src/hotspot/share/runtime/reflection.cpp, line 1247]
Event: 1.674 Thread 0x000001e58acd1000 Exception <a 'java/lang/reflect/InvocationTargetException'{0x0000000621877738}> (0x0000000621877738) thrown at [./src/hotspot/share/runtime/reflection.cpp, line 1247]
Event: 2.094 Thread 0x000001e58acd1000 Exception <a 'java/lang/NoSuchMethodError'{0x000000061eb913b0}: 'java.lang.Object java.lang.invoke.DirectMethodHandle$Holder.invokeStaticInit(java.lang.Object, int, int, int, int)'> (0x000000061eb913b0) thrown at [./src/hotspot/share/interpreter/linkResolver.cpp, line 773]
Event: 2.164 Thread 0x000001e58acd1000 Exception <a 'java/lang/NoSuchMethodError'{0x000000061ebb82d8}: 'java.lang.Object java.lang.invoke.DirectMethodHandle$Holder.invokeStaticInit(java.lang.Object, java.lang.Object, int, int, int, int)'> (0x000000061ebb82d8) thrown at [./src/hotspot/share/interpreter/linkResolver.cpp, line 773]
Event: 2.176 Thread 0x000001e58acd1000 Exception <a 'java/security/PrivilegedActionException'{0x000000061e8689d0}> (0x000000061e8689d0) thrown at [./src/hotspot/share/prims/jvm.cpp, line 1306]
Event: 2.176 Thread 0x000001e58acd1000 Exception <a 'java/security/PrivilegedActionException'{0x000000061e86a118}> (0x000000061e86a118) thrown at [./src/hotspot/share/prims/jvm.cpp, line 1306]
Event: 2.176 Thread 0x000001e58acd1000 Exception <a 'java/security/PrivilegedActionException'{0x000000061e86b780}> (0x000000061e86b780) thrown at [./src/hotspot/share/prims/jvm.cpp, line 1306]
Event: 2.177 Thread 0x000001e58acd1000 Exception <a 'java/security/PrivilegedActionException'{0x000000061e878178}> (0x000000061e878178) thrown at [./src/hotspot/share/prims/jvm.cpp, line 1306]
Event: 2.177 Thread 0x000001e58acd1000 Exception <a 'java/security/PrivilegedActionException'{0x000000061e8797d8}> (0x000000061e8797d8) thrown at [./src/hotspot/share/prims/jvm.cpp, line 1306]
Event: 2.177 Thread 0x000001e58acd1000 Exception <a 'java/security/PrivilegedActionException'{0x000000061e87adf8}> (0x000000061e87adf8) thrown at [./src/hotspot/share/prims/jvm.cpp, line 1306]
Event: 3.012 Thread 0x000001e5bae7f800 Exception <a 'java/lang/NoSuchMethodError'{0x000000061e2520d8}: 'int java.lang.invoke.DirectMethodHandle$Holder.invokeSpecialIFC(java.lang.Object, java.lang.Object, int)'> (0x000000061e2520d8) thrown at [./src/hotspot/share/interpreter/linkResolver.cpp, line 773]

Events (20 events):
Event: 3.086 Executing VM operation: RevokeBias done
Event: 3.086 Executing VM operation: RevokeBias
Event: 3.086 Executing VM operation: RevokeBias done
Event: 3.086 Executing VM operation: RevokeBias
Event: 3.087 Executing VM operation: RevokeBias done
Event: 3.087 Executing VM operation: RevokeBias
Event: 3.087 Executing VM operation: RevokeBias done
Event: 3.087 Thread 0x000001e5bae7f800 Thread added: 0x000001e5bae7f800
Event: 3.087 Thread 0x000001e5bf032800 Thread added: 0x000001e5bf032800
Event: 3.088 Executing VM operation: RevokeBias
Event: 3.088 Executing VM operation: RevokeBias done
Event: 3.088 Executing VM operation: RevokeBias
Event: 3.088 Executing VM operation: RevokeBias done
Event: 3.088 Executing VM operation: RevokeBias
Event: 3.088 Executing VM operation: RevokeBias done
Event: 3.088 Executing VM operation: RevokeBias
Event: 3.088 Executing VM operation: RevokeBias done
Event: 3.088 Thread 0x000001e5bf032800 Thread exited: 0x000001e5bf032800
Event: 3.095 Thread 0x000001e5bae7f800 Thread exited: 0x000001e5bae7f800
Event: 3.095 Executing VM operation: Exit


Dynamic libraries:
0x00007ff754da0000 - 0x00007ff754dad000 	C:\Program Files\Eclipse Foundation\jdk-11.0.12.7-hotspot\bin\javaw.exe
0x00007ffd6e2b0000 - 0x00007ffd6e4a5000 	C:\Windows\SYSTEM32\ntdll.dll
0x00007ffd6c500000 - 0x00007ffd6c5be000 	C:\Windows\System32\KERNEL32.DLL
0x00007ffd6c000000 - 0x00007ffd6c2c8000 	C:\Windows\System32\KERNELBASE.dll
0x00007ffd6bda0000 - 0x00007ffd6bea0000 	C:\Windows\System32\ucrtbase.dll
0x00007ffd5f480000 - 0x00007ffd5f497000 	C:\Program Files\Eclipse Foundation\jdk-11.0.12.7-hotspot\bin\jli.dll
0x00007ffd5f4d0000 - 0x00007ffd5f4e5000 	C:\Program Files\Eclipse Foundation\jdk-11.0.12.7-hotspot\bin\VCRUNTIME140.dll
0x00007ffd6da00000 - 0x00007ffd6dba1000 	C:\Windows\System32\USER32.dll
0x00007ffd6bd20000 - 0x00007ffd6bd42000 	C:\Windows\System32\win32u.dll
0x00007ffd6df90000 - 0x00007ffd6dfbb000 	C:\Windows\System32\GDI32.dll
0x00007ffd6b9d0000 - 0x00007ffd6badb000 	C:\Windows\System32\gdi32full.dll
0x00007ffd6bae0000 - 0x00007ffd6bb7d000 	C:\Windows\System32\msvcp_win.dll
0x00007ffd598b0000 - 0x00007ffd59b4a000 	C:\Windows\WinSxS\amd64_microsoft.windows.common-controls_6595b64144ccf1df_6.0.19041.1110_none_60b5254171f9507e\COMCTL32.dll
0x00007ffd6dbb0000 - 0x00007ffd6dc4e000 	C:\Windows\System32\msvcrt.dll
0x00007ffd6c5c0000 - 0x00007ffd6c5f0000 	C:\Windows\System32\IMM32.DLL
0x00007ffd2cf50000 - 0x00007ffd2cfeb000 	C:\Program Files\Eclipse Foundation\jdk-11.0.12.7-hotspot\bin\msvcp140.dll
0x00007ffcd4d20000 - 0x00007ffcd5879000 	C:\Program Files\Eclipse Foundation\jdk-11.0.12.7-hotspot\bin\server\jvm.dll
0x00007ffd6dfc0000 - 0x00007ffd6e06c000 	C:\Windows\System32\ADVAPI32.dll
0x00007ffd6d2d0000 - 0x00007ffd6d36b000 	C:\Windows\System32\sechost.dll
0x00007ffd6d8c0000 - 0x00007ffd6d9ea000 	C:\Windows\System32\RPCRT4.dll
0x00007ffd6d9f0000 - 0x00007ffd6d9f8000 	C:\Windows\System32\PSAPI.DLL
0x00007ffd47c10000 - 0x00007ffd47c37000 	C:\Windows\SYSTEM32\WINMM.dll
0x00007ffd5eb60000 - 0x00007ffd5eb6a000 	C:\Windows\SYSTEM32\VERSION.dll
0x00007ffd5dfe0000 - 0x00007ffd5dfe9000 	C:\Windows\SYSTEM32\WSOCK32.dll
0x00007ffd6e120000 - 0x00007ffd6e18b000 	C:\Windows\System32\WS2_32.dll
0x00007ffd6a250000 - 0x00007ffd6a262000 	C:\Windows\SYSTEM32\kernel.appcore.dll
0x00007ffd547e0000 - 0x00007ffd547f0000 	C:\Program Files\Eclipse Foundation\jdk-11.0.12.7-hotspot\bin\verify.dll
0x00007ffd69da0000 - 0x00007ffd69f84000 	C:\Windows\SYSTEM32\DBGHELP.DLL
0x00007ffd4d290000 - 0x00007ffd4d2bc000 	C:\Windows\SYSTEM32\dbgcore.DLL
0x00007ffd6bbe0000 - 0x00007ffd6bc63000 	C:\Windows\System32\bcryptPrimitives.dll
0x00007ffd27e90000 - 0x00007ffd27eb8000 	C:\Program Files\Eclipse Foundation\jdk-11.0.12.7-hotspot\bin\java.dll
0x00007ffd52c50000 - 0x00007ffd52c5a000 	C:\Program Files\Eclipse Foundation\jdk-11.0.12.7-hotspot\bin\jimage.dll
0x00007ffd46be0000 - 0x00007ffd46bf7000 	C:\Program Files\Eclipse Foundation\jdk-11.0.12.7-hotspot\bin\zip.dll
0x00007ffd6cb70000 - 0x00007ffd6d2af000 	C:\Windows\System32\SHELL32.dll
0x00007ffd69550000 - 0x00007ffd69ce0000 	C:\Windows\SYSTEM32\windows.storage.dll
0x00007ffd6d500000 - 0x00007ffd6d855000 	C:\Windows\System32\combase.dll
0x00007ffd6b420000 - 0x00007ffd6b44e000 	C:\Windows\SYSTEM32\Wldp.dll
0x00007ffd6e070000 - 0x00007ffd6e11d000 	C:\Windows\System32\SHCORE.dll
0x00007ffd6df30000 - 0x00007ffd6df85000 	C:\Windows\System32\shlwapi.dll
0x00007ffd6b910000 - 0x00007ffd6b92f000 	C:\Windows\SYSTEM32\profapi.dll
0x00007ffd30100000 - 0x00007ffd30119000 	C:\Program Files\Eclipse Foundation\jdk-11.0.12.7-hotspot\bin\net.dll
0x00007ffd62620000 - 0x00007ffd6272c000 	C:\Windows\SYSTEM32\WINHTTP.dll
0x00007ffd6b180000 - 0x00007ffd6b1ea000 	C:\Windows\system32\mswsock.dll
0x00007ffd2feb0000 - 0x00007ffd2fec2000 	C:\Program Files\Eclipse Foundation\jdk-11.0.12.7-hotspot\bin\nio.dll
0x0000000065580000 - 0x0000000065616000 	C:\Users\bucky\AppData\Local\Temp\libgdxbucky\12dfaa03\gdx64.dll
0x00007ffd6b380000 - 0x00007ffd6b398000 	C:\Windows\SYSTEM32\CRYPTSP.dll
0x00007ffd6aa90000 - 0x00007ffd6aac4000 	C:\Windows\system32\rsaenh.dll
0x00007ffd6c2d0000 - 0x00007ffd6c2f7000 	C:\Windows\System32\bcrypt.dll
0x00007ffd6b8d0000 - 0x00007ffd6b8fe000 	C:\Windows\SYSTEM32\USERENV.dll
0x00007ffd6b370000 - 0x00007ffd6b37c000 	C:\Windows\SYSTEM32\CRYPTBASE.dll
0x00007ffd6ae20000 - 0x00007ffd6ae5b000 	C:\Windows\SYSTEM32\IPHLPAPI.DLL
0x00007ffd6cad0000 - 0x00007ffd6cad8000 	C:\Windows\System32\NSI.dll
0x00007ffd5de10000 - 0x00007ffd5de27000 	C:\Windows\SYSTEM32\dhcpcsvc6.DLL
0x00007ffd5e890000 - 0x00007ffd5e8ad000 	C:\Windows\SYSTEM32\dhcpcsvc.DLL
0x00007ffd6ae60000 - 0x00007ffd6af2b000 	C:\Windows\SYSTEM32\DNSAPI.dll
0x0000000180000000 - 0x0000000180053000 	C:\Users\bucky\AppData\Local\Temp\libgdxbucky\dc0f0009\lwjgl64.dll
0x00007ffd27350000 - 0x00007ffd27475000 	C:\Windows\SYSTEM32\OPENGL32.dll
0x00007ffd27e00000 - 0x00007ffd27e2c000 	C:\Windows\SYSTEM32\GLU32.dll
0x000001e5c0840000 - 0x000001e5c08a4000 	C:\Users\bucky\AppData\Local\Temp\libgdxbucky\dc0f0009\OpenAL64.dll
0x00007ffd6de00000 - 0x00007ffd6df2a000 	C:\Windows\System32\ole32.dll
0x00007ffd68d70000 - 0x00007ffd68e0e000 	C:\Windows\system32\uxtheme.dll
0x00007ffd6c300000 - 0x00007ffd6c3a9000 	C:\Windows\System32\clbcatq.dll
0x00007ffd2b630000 - 0x00007ffd2b6cc000 	C:\Windows\SYSTEM32\dsound.dll
0x00007ffd6af90000 - 0x00007ffd6afdb000 	C:\Windows\SYSTEM32\powrprof.dll
0x00007ffd4fa00000 - 0x00007ffd4fa26000 	C:\Windows\SYSTEM32\winmmbase.dll
0x00007ffd6ae00000 - 0x00007ffd6ae12000 	C:\Windows\SYSTEM32\UMPDC.dll
0x00007ffd61e20000 - 0x00007ffd61ea5000 	C:\Windows\System32\MMDevApi.dll
0x00007ffd6b770000 - 0x00007ffd6b7a4000 	C:\Windows\System32\DEVOBJ.dll
0x00007ffd6bd50000 - 0x00007ffd6bd9e000 	C:\Windows\System32\cfgmgr32.dll
0x00007ffd62100000 - 0x00007ffd62281000 	C:\Windows\SYSTEM32\AUDIOSES.DLL
0x00007ffd6c3b0000 - 0x00007ffd6c47d000 	C:\Windows\System32\OLEAUT32.dll
0x00007ffd68e80000 - 0x00007ffd68e94000 	C:\Windows\SYSTEM32\resourcepolicyclient.dll
0x00007ffd61540000 - 0x00007ffd615ee000 	C:\Windows\SYSTEM32\mscms.dll
0x00007ffd61520000 - 0x00007ffd61531000 	C:\Windows\SYSTEM32\ColorAdapterClient.dll
0x00007ffd5e080000 - 0x00007ffd5e0c4000 	C:\Windows\System32\Windows.Internal.Graphics.Display.DisplayColorManagement.dll
0x00007ffd6d370000 - 0x00007ffd6d485000 	C:\Windows\System32\MSCTF.dll
0x00007ffd5f530000 - 0x00007ffd5f629000 	C:\Windows\System32\AppXDeploymentClient.dll
0x00007ffce1e30000 - 0x00007ffce2df9000 	C:\Windows\System32\DriverStore\FileRepository\iigd_dch.inf_amd64_917dbb43ab78217f\igxelpicd64.dll
0x00007ffd68f80000 - 0x00007ffd68faf000 	C:\Windows\system32\dwmapi.dll
0x00007ffd6a2c0000 - 0x00007ffd6a3b4000 	C:\Windows\system32\dxgi.dll
0x00007ffce19f0000 - 0x00007ffce1e2c000 	C:\Windows\System32\DriverStore\FileRepository\iigd_dch.inf_amd64_917dbb43ab78217f\igdml64.dll
0x00007ffd5c030000 - 0x00007ffd5c3e8000 	C:\Windows\System32\DriverStore\FileRepository\iigd_dch.inf_amd64_917dbb43ab78217f\igdgmm64.dll
0x00007ffd58360000 - 0x00007ffd58459000 	C:\Windows\SYSTEM32\textinputframework.dll
0x00007ffd64d70000 - 0x00007ffd650ce000 	C:\Windows\System32\CoreUIComponents.dll
0x00007ffd652b0000 - 0x00007ffd653a2000 	C:\Windows\System32\CoreMessaging.dll
0x00007ffd6a6c0000 - 0x00007ffd6a6f3000 	C:\Windows\SYSTEM32\ntmarta.dll
0x00007ffd646a0000 - 0x00007ffd647f4000 	C:\Windows\SYSTEM32\wintypes.dll
0x00007ffd347a0000 - 0x00007ffd347e3000 	C:\Windows\SYSTEM32\icm32.dll
0x00007ffd554f0000 - 0x00007ffd58298000 	C:\Windows\System32\DriverStore\FileRepository\iigd_dch.inf_amd64_917dbb43ab78217f\igc64.dll

dbghelp: loaded successfully - version: 4.0.5 - missing functions: none
symbol engine: initialized successfully - sym options: 0x614 - pdb path: .;C:\Program Files\Eclipse Foundation\jdk-11.0.12.7-hotspot\bin;C:\Windows\SYSTEM32;C:\Windows\WinSxS\amd64_microsoft.windows.common-controls_6595b64144ccf1df_6.0.19041.1110_none_60b5254171f9507e;C:\Program Files\Eclipse Foundation\jdk-11.0.12.7-hotspot\bin\server;C:\Users\bucky\AppData\Local\Temp\libgdxbucky\12dfaa03;C:\Users\bucky\AppData\Local\Temp\libgdxbucky\dc0f0009;C:\Windows\System32\DriverStore\FileRepository\iigd_dch.inf_amd64_917dbb43ab78217f

VM Arguments:
jvm_args: -Duser.language=es_AR -Dfile.encoding=UTF-8 
java_command: org.uqbar.project.wollok.launch.WollokLauncher -requestsPort 0 -eventsPort 0 -folder -dontValidate -wf src/programa_juego_aventura.wpgm
java_class_path (initial): C:\_Uni\2 cuatri 2021\Objetos I\_pruebaDeGame\aventurasGame\bin;C:\wollok2\plugins\com.ibm.icu_64.2.0.v20190507-1337.jar;C:\wollok2\plugins\org.eclipse.xtext_2.20.0.v20191202-0915.jar;C:\wollok2\plugins\org.eclipse.emf.ecore.xmi_2.16.0.v20190528-0725.jar;C:\wollok2\plugins\org.eclipse.emf.ecore_2.20.0.v20190920-0401.jar;C:\wollok2\plugins\org.eclipse.emf.common_2.17.0.v20190920-0401.jar;C:\wollok2\plugins\org.antlr.runtime_3.2.0.v201101311130.jar;C:\wollok2\plugins\com.google.inject_3.0.0.v201605172100.jar;C:\wollok2\plugins\org.eclipse.emf.mwe.core_1.5.1.v20191121-1148.jar;C:\wollok2\plugins\org.apache.commons.cli_1.2.0.v201404270220.jar;C:\wollok2\plugins\org.eclipse.emf.mwe2.runtime_2.11.1.v20191121-1148.jar;C:\wollok2\plugins\org.eclipse.emf.mwe.utils_1.5.1.v20191121-1148.jar;C:\wollok2\plugins\org.eclipse.xtext.util_2.20.0.v20191202-0915.jar;C:\wollok2\plugins\com.google.guava_27.1.0.v20190517-1946.jar;C:\wollok2\plugins\javax.inject_1.0.0.v20091030.jar;C:\wollok2\plugins\org.eclipse.xtext.generator_2.20.0.v20191202-0933.jar;C:\wollok2\plugins\org.eclipse.xtext.xtext.generator_2.20.0.v20191202-0915.jar;C:\wollok2\plugins\org.eclipse.xtext.xbase.lib_2.20.0.v20191202-0907.jar;C:\wollok2\plugins\org.eclipse.emf.codegen.ecore_2.20.0.v20191012-0918.jar;C:\wollok2\plugins\org.eclipse.emf.codegen_2.19.0.v20190821-1536.jar;C:\wollok2\plugins\org.eclipse.xtend_2.2.0.v201605260315.jar;C:\wollok2\plugins\org.eclipse.xpand_2.2.0.v201605260315.jar;C:\wollok2\plugins\org.eclipse.xtend.typesystem.emf_2.2.0.v201605260315.jar;C:\wollok2\plugins\org.uqbar.project.wollok_3.0.0.jar;C:\wollok2\plugins\org.eclipse.xtext.xbase_2.20.0.v20191202-0933.jar;C:\wollok2\plugins\org.eclipse.xtext.common.types_2.20.0.v20191202-0933.jar;C:\wollok2\plugins\org.eclipse.xtend.lib_2.20.0.v20191202-0907.jar;C:\wollok2\plugins\org.eclipse.xtend.lib.macro_2.20.0.v20191202-0907.jar;C:\wollok2\plugins\org.apache.commons.collections_3.2.2.v201511171945.jar;C:\wollok2\plugins
Launcher Type: SUN_STANDARD

[Global flags]
     intx CICompilerCount                          = 4                                         {product} {ergonomic}
     uint ConcGCThreads                            = 2                                         {product} {ergonomic}
     uint G1ConcRefinementThreads                  = 8                                         {product} {ergonomic}
   size_t G1HeapRegionSize                         = 2097152                                   {product} {ergonomic}
    uintx GCDrainStackTargetSize                   = 64                                        {product} {ergonomic}
   size_t InitialHeapSize                          = 532676608                                 {product} {ergonomic}
   size_t MarkStackSize                            = 4194304                                   {product} {ergonomic}
   size_t MaxHeapSize                              = 8518631424                                {product} {ergonomic}
   size_t MaxNewSize                               = 5110759424                                {product} {ergonomic}
   size_t MinHeapDeltaBytes                        = 2097152                                   {product} {ergonomic}
    uintx NonNMethodCodeHeapSize                   = 5836300                                {pd product} {ergonomic}
    uintx NonProfiledCodeHeapSize                  = 122910970                              {pd product} {ergonomic}
    uintx ProfiledCodeHeapSize                     = 122910970                              {pd product} {ergonomic}
    uintx ReservedCodeCacheSize                    = 251658240                              {pd product} {ergonomic}
     bool SegmentedCodeCache                       = true                                      {product} {ergonomic}
     bool UseCompressedClassPointers               = true                                 {lp64_product} {ergonomic}
     bool UseCompressedOops                        = true                                 {lp64_product} {ergonomic}
     bool UseG1GC                                  = true                                      {product} {ergonomic}
     bool UseLargePagesIndividualAllocation        = false                                  {pd product} {ergonomic}

Logging:
Log output configuration:
 #0: stdout all=warning uptime,level,tags
 #1: stderr all=off uptime,level,tags

Environment Variables:
PATH=C:/Program Files/Eclipse Foundation/jdk-11.0.12.7-hotspot/bin/client;C:/Program Files/Eclipse Foundation/jdk-11.0.12.7-hotspot/bin;C:\Program Files\Eclipse Foundation\jdk-11.0.12.7-hotspot\bin;C:\Windows\system32;C:\Windows;C:\Windows\System32\Wbem;C:\Windows\System32\WindowsPowerShell\v1.0\;C:\Windows\System32\OpenSSH\;C:\Program Files\Git\cmd;C:\Users\bucky\AppData\Local\Microsoft\WindowsApps;C:\Users\bucky\AppData\Local\GitHubDesktop\bin;C:\wollok2;
USERNAME=bucky
OS=Windows_NT
PROCESSOR_IDENTIFIER=Intel64 Family 6 Model 140 Stepping 1, GenuineIntel



---------------  S Y S T E M  ---------------

OS: Windows 10 , 64 bit Build 19041 (10.0.19041.1348)
OS uptime: 0 days 11:26 hours

CPU:total 8 (initial active 8) (4 cores per cpu, 2 threads per core) family 6 model 140 stepping 1 microcode 0x86, cmov, cx8, fxsr, mmx, sse, sse2, sse3, ssse3, sse4.1, sse4.2, popcnt, avx, avx2, aes, clmul, erms, 3dnowpref, lzcnt, ht, tsc, tscinvbit, bmi1, bmi2, adx, evex, sha, fma

Memory: 4k page, system-wide physical 32490M (22811M free)
TotalPageFile size 37354M (AvailPageFile size 20856M)
current process WorkingSet (physical memory assigned to process): 344M, peak: 345M
current process commit charge ("private bytes"): 745M, peak: 747M

vm_info: OpenJDK 64-Bit Server VM (11.0.12+7) for windows-amd64 JRE (11.0.12+7), built on Jul 21 2021 16:23:49 by "" with unknown MS VC++:1916

END.
